Using pre-set license
Built from '2022.3/release' branch; Version is '2022.3.5f1 (9674261d40ee) revision 9860134'; Using compiler version '192829333'; Build Type 'Release'
OS: 'Windows 10  (10.0.19045) 64bit Core' Language: 'fr' Physical Memory: 16152 MB
BatchMode: 1, IsHumanControllingUs: 0, StartBugReporterOnCrash: 0, Is64bit: 1, IsPro: 1

COMMAND LINE ARGUMENTS:
C:\Program Files\Unity\Hub\Editor\2022.3.5f1\Editor\Unity.exe
-adb2
-batchMode
-noUpm
-name
AssetImportWorker5
-projectPath
C:/Users/Simon/Documents/Cours/GameCoder/Unity3D/_PROJET_3/InfiniteRunner
-logFile
Logs/AssetImportWorker5.log
-srvPort
55497
Successfully changed project path to: C:/Users/Simon/Documents/Cours/GameCoder/Unity3D/_PROJET_3/InfiniteRunner
C:/Users/Simon/Documents/Cours/GameCoder/Unity3D/_PROJET_3/InfiniteRunner
[UnityMemory] Configuration Parameters - Can be set up in boot.config
    "memorysetup-bucket-allocator-granularity=16"
    "memorysetup-bucket-allocator-bucket-count=8"
    "memorysetup-bucket-allocator-block-size=33554432"
    "memorysetup-bucket-allocator-block-count=8"
    "memorysetup-main-allocator-block-size=16777216"
    "memorysetup-thread-allocator-block-size=16777216"
    "memorysetup-gfx-main-allocator-block-size=16777216"
    "memorysetup-gfx-thread-allocator-block-size=16777216"
    "memorysetup-cache-allocator-block-size=4194304"
    "memorysetup-typetree-allocator-block-size=2097152"
    "memorysetup-profiler-bucket-allocator-granularity=16"
    "memorysetup-profiler-bucket-allocator-bucket-count=8"
    "memorysetup-profiler-bucket-allocator-block-size=33554432"
    "memorysetup-profiler-bucket-allocator-block-count=8"
    "memorysetup-profiler-allocator-block-size=16777216"
    "memorysetup-profiler-editor-allocator-block-size=1048576"
    "memorysetup-temp-allocator-size-main=16777216"
    "memorysetup-job-temp-allocator-block-size=2097152"
    "memorysetup-job-temp-allocator-block-size-background=1048576"
    "memorysetup-job-temp-allocator-reduction-small-platforms=262144"
    "memorysetup-allocator-temp-initial-block-size-main=262144"
    "memorysetup-allocator-temp-initial-block-size-worker=262144"
    "memorysetup-temp-allocator-size-background-worker=32768"
    "memorysetup-temp-allocator-size-job-worker=262144"
    "memorysetup-temp-allocator-size-preload-manager=33554432"
    "memorysetup-temp-allocator-size-nav-mesh-worker=65536"
    "memorysetup-temp-allocator-size-audio-worker=65536"
    "memorysetup-temp-allocator-size-cloud-worker=32768"
    "memorysetup-temp-allocator-size-gi-baking-worker=262144"
    "memorysetup-temp-allocator-size-gfx=262144"
Player connection [30176] Host "[IP] 192.168.1.37 [Port] 0 [Flags] 2 [Guid] 3182514232 [EditorId] 3182514232 [Version] 1048832 [Id] WindowsEditor(7,DESKTOP-GLC01VO) [Debug] 1 [PackageName] WindowsEditor [ProjectName] Editor" joined multi-casting on [225.0.0.222:54997]...

Player connection [30176] Host "[IP] 192.168.1.37 [Port] 0 [Flags] 2 [Guid] 3182514232 [EditorId] 3182514232 [Version] 1048832 [Id] WindowsEditor(7,DESKTOP-GLC01VO) [Debug] 1 [PackageName] WindowsEditor [ProjectName] Editor" joined alternative multi-casting on [225.0.0.222:34997]...

Refreshing native plugins compatible for Editor in 15.56 ms, found 3 plugins.
Preloading 0 native plugins for Editor in 0.00 ms.
Initialize engine version: 2022.3.5f1 (9674261d40ee)
[Subsystems] Discovering subsystems at path C:/Program Files/Unity/Hub/Editor/2022.3.5f1/Editor/Data/Resources/UnitySubsystems
[Subsystems] Discovering subsystems at path C:/Users/Simon/Documents/Cours/GameCoder/Unity3D/_PROJET_3/InfiniteRunner/Assets
GfxDevice: creating device client; threaded=0; jobified=0
Direct3D:
    Version:  Direct3D 11.0 [level 11.1]
    Renderer: NVIDIA GeForce RTX 3070 Laptop GPU (ID=0x24dd)
    Vendor:   NVIDIA
    VRAM:     8044 MB
    Driver:   30.0.15.1278
Initialize mono
Mono path[0] = 'C:/Program Files/Unity/Hub/Editor/2022.3.5f1/Editor/Data/Managed'
Mono path[1] = 'C:/Program Files/Unity/Hub/Editor/2022.3.5f1/Editor/Data/MonoBleedingEdge/lib/mono/unityjit-win32'
Mono config path = 'C:/Program Files/Unity/Hub/Editor/2022.3.5f1/Editor/Data/MonoBleedingEdge/etc'
Using monoOptions --debugger-agent=transport=dt_socket,embedding=1,server=y,suspend=n,address=127.0.0.1:56844
Begin MonoManager ReloadAssembly
Registering precompiled unity dll's ...
Register platform support module: C:/Program Files/Unity/Hub/Editor/2022.3.5f1/Editor/Data/PlaybackEngines/WindowsStandaloneSupport/UnityEditor.WindowsStandalone.Extensions.dll
Registered in 0.011676 seconds.
- Loaded All Assemblies, in  0.339 seconds
Native extension for WindowsStandalone target not found
Mono: successfully reloaded assembly
- Finished resetting the current domain, in  0.366 seconds
Domain Reload Profiling: 702ms
	BeginReloadAssembly (90ms)
		ExecutionOrderSort (0ms)
		DisableScriptedObjects (0ms)
		BackupInstance (0ms)
		ReleaseScriptingObjects (0ms)
		CreateAndSetChildDomain (1ms)
	RebuildCommonClasses (32ms)
	RebuildNativeTypeToScriptingClass (10ms)
	initialDomainReloadingComplete (71ms)
	LoadAllAssembliesAndSetupDomain (132ms)
		LoadAssemblies (87ms)
		RebuildTransferFunctionScriptingTraits (0ms)
		AnalyzeDomain (123ms)
			TypeCache.Refresh (123ms)
				TypeCache.ScanAssembly (111ms)
			ScanForSourceGeneratedMonoScriptInfo (0ms)
			ResolveRequiredComponents (0ms)
	FinalizeReload (367ms)
		ReleaseScriptCaches (0ms)
		RebuildScriptCaches (0ms)
		SetupLoadedEditorAssemblies (309ms)
			LogAssemblyErrors (0ms)
			InitializePlatformSupportModulesInManaged (10ms)
			SetLoadedEditorAssemblies (9ms)
			RefreshPlugins (0ms)
			BeforeProcessingInitializeOnLoad (2ms)
			ProcessInitializeOnLoadAttributes (238ms)
			ProcessInitializeOnLoadMethodAttributes (50ms)
			AfterProcessingInitializeOnLoad (0ms)
			EditorAssembliesLoaded (0ms)
		ExecutionOrderSort2 (0ms)
		AwakeInstancesAfterBackupRestoration (0ms)
========================================================================
Worker process is ready to serve import requests
Begin MonoManager ReloadAssembly
Symbol file LoadedFromMemory doesn't match image C:\Users\Simon\Documents\Cours\GameCoder\Unity3D\_PROJET_3\InfiniteRunner\Library\PackageCache\com.unity.visualscripting@1.8.0\Editor\VisualScripting.Core\Dependencies\YamlDotNet\Unity.VisualScripting.YamlDotNet.dll
Symbol file LoadedFromMemory doesn't match image C:\Users\Simon\Documents\Cours\GameCoder\Unity3D\_PROJET_3\InfiniteRunner\Library\PackageCache\com.unity.visualscripting@1.8.0\Editor\VisualScripting.Core\Dependencies\DotNetZip\Unity.VisualScripting.IonicZip.dll
- Loaded All Assemblies, in  0.883 seconds
Refreshing native plugins compatible for Editor in 5.60 ms, found 3 plugins.
Native extension for WindowsStandalone target not found
Mono: successfully reloaded assembly
- Finished resetting the current domain, in  0.783 seconds
Domain Reload Profiling: 1661ms
	BeginReloadAssembly (125ms)
		ExecutionOrderSort (0ms)
		DisableScriptedObjects (5ms)
		BackupInstance (0ms)
		ReleaseScriptingObjects (0ms)
		CreateAndSetChildDomain (21ms)
	RebuildCommonClasses (32ms)
	RebuildNativeTypeToScriptingClass (11ms)
	initialDomainReloadingComplete (45ms)
	LoadAllAssembliesAndSetupDomain (665ms)
		LoadAssemblies (332ms)
		RebuildTransferFunctionScriptingTraits (0ms)
		AnalyzeDomain (385ms)
			TypeCache.Refresh (354ms)
				TypeCache.ScanAssembly (340ms)
			ScanForSourceGeneratedMonoScriptInfo (22ms)
			ResolveRequiredComponents (9ms)
	FinalizeReload (784ms)
		ReleaseScriptCaches (0ms)
		RebuildScriptCaches (0ms)
		SetupLoadedEditorAssemblies (635ms)
			LogAssemblyErrors (0ms)
			InitializePlatformSupportModulesInManaged (7ms)
			SetLoadedEditorAssemblies (3ms)
			RefreshPlugins (0ms)
			BeforeProcessingInitializeOnLoad (86ms)
			ProcessInitializeOnLoadAttributes (465ms)
			ProcessInitializeOnLoadMethodAttributes (63ms)
			AfterProcessingInitializeOnLoad (12ms)
			EditorAssembliesLoaded (0ms)
		ExecutionOrderSort2 (0ms)
		AwakeInstancesAfterBackupRestoration (12ms)
Launched and connected shader compiler UnityShaderCompiler.exe after 0.07 seconds
Refreshing native plugins compatible for Editor in 5.66 ms, found 3 plugins.
Preloading 0 native plugins for Editor in 0.00 ms.
Unloading 5132 Unused Serialized files (Serialized files now loaded: 0)
Unloading 67 unused Assets / (320.3 KB). Loaded Objects now: 5615.
Memory consumption went from 223.4 MB to 223.1 MB.
Total: 3.558000 ms (FindLiveObjects: 0.396200 ms CreateObjectMapping: 0.412200 ms MarkObjects: 2.627800 ms  DeleteObjects: 0.121100 ms)

AssetImportParameters requested are different than current active one (requested -> active):
  custom:container-demuxer-ogg: 62fdf1f143b41e24485cea50d1cbac27 -> 
  custom:scripting/monoscript/fileName/ScaleParticles.cs: 654ae0453d8b28f67c319097ade9b5a3 -> 
  custom:video-decoder-ogg-theora: a1e56fd34408186e4bbccfd4996cb3dc -> 
  custom:framework-win-MediaFoundation: 216162199b28c13a410421893ffa2e32 -> 
  custom:scripting/monoscript/fileName/TakeablePowerUp.cs: 73d96c68ab3895fbcd06960403579acf -> 
  custom:CustomObjectIndexerAttribute: a3ef5dd2817f97addfee359851a9dba5 -> 
  custom:container-demuxer-webm: 4f35f7cbe854078d1ac9338744f61a02 -> 
  custom:scripting/monoscript/fileName/PowerUpRotation.cs: 066be655ce9d93f0966ade4abd3495df -> 
  custom:scripting/monoscript/fileName/Singleton.cs: 8f6297df34271fdb1ce2d9607ec6261d -> 90647cc400823b41df847a6cbfc29026
  custom:container-muxer-webm: aa71ff27fc2769a1b78a27578f13a17b -> 
  custom:video-decoder-webm-vp8: 9c59270c3fd7afecdb556c50c9e8de78 -> 
  custom:scripting/monoscript/fileName/PowerUpManager.cs: debcdc9bbc6e439dacee8bcece20e4a4 -> 
  custom:AudioImporter_EditorPlatform: d09bf68614088b80899f8185d706f6e7 -> 
  custom:video-encoder-webm-vp8: eb34c28f22e8b96e1ab97ce403110664 -> 
  custom:audio-decoder-ogg-vorbis: bf7c407c2cedff20999df2af8eb42d56 -> 
  custom:scripting/monoscript/fileName/CustomizablePowerUp.cs: da4ab59aae0438242962f5bae93719a9 -> 
  custom:audio-encoder-webm-vorbis: bf7c407c2cedff20999df2af8eb42d56 -> 
========================================================================
Received Import Request.
  Time since last request: 43397.411827 seconds.
  path: Assets/Models/_ThirdParty/polyperfect/Low Poly Ultimate Pack/- Materials/Colors/Emission/61 EMISSION-ORANGE-LPUP.mat
  artifactKey: Guid(0901bd31274b7c24a907731fa5e16f5f) Importer(815301076,1909f56bfc062723c751e8b465ee728b)
Start importing Assets/Models/_ThirdParty/polyperfect/Low Poly Ultimate Pack/- Materials/Colors/Emission/61 EMISSION-ORANGE-LPUP.mat using Guid(0901bd31274b7c24a907731fa5e16f5f) Importer(815301076,1909f56bfc062723c751e8b465ee728b)  -> (artifact id: '5f9b8e9cfbfb8ef6dad66266be14b17b') in 0.005849 seconds
Number of updated asset objects reloaded before import = 0
Number of asset objects unloaded after import = 1
========================================================================
Received Import Request.
  Time since last request: 0.000016 seconds.
  path: Assets/Models/_ThirdParty/polyperfect/Low Poly Ultimate Pack/- Materials/Colors/Emission/63 EMISSION-GREEN-LPUP.mat
  artifactKey: Guid(c78b6e378cced6e49b9586bae01cbc5b) Importer(815301076,1909f56bfc062723c751e8b465ee728b)
Start importing Assets/Models/_ThirdParty/polyperfect/Low Poly Ultimate Pack/- Materials/Colors/Emission/63 EMISSION-GREEN-LPUP.mat using Guid(c78b6e378cced6e49b9586bae01cbc5b) Importer(815301076,1909f56bfc062723c751e8b465ee728b)  -> (artifact id: 'f893db009e54a004541a53e888acbfb0') in 0.001248 seconds
Number of updated asset objects reloaded before import = 0
Number of asset objects unloaded after import = 1
========================================================================
Received Import Request.
  Time since last request: 2.931884 seconds.
  path: Assets/Low Poly Environment Starter Kit/Source/Meshes/Rocks/Rock_Arc.fbx
  artifactKey: Guid(0da8f8778a88d1f4fa0d1af91c73c874) Importer(815301076,1909f56bfc062723c751e8b465ee728b)
Start importing Assets/Low Poly Environment Starter Kit/Source/Meshes/Rocks/Rock_Arc.fbx using Guid(0da8f8778a88d1f4fa0d1af91c73c874) Importer(815301076,1909f56bfc062723c751e8b465ee728b)  -> (artifact id: 'b3312965a68cd0cd1a32752ca82b0ec9') in 0.004748 seconds
Number of updated asset objects reloaded before import = 0
Number of asset objects unloaded after import = 7
========================================================================
Received Import Request.
  Time since last request: 0.018763 seconds.
  path: Assets/Low Poly Environment Starter Kit/Source/Shader/HDRP/Water_HDRP.shadergraph
  artifactKey: Guid(cc89ef4cc3285974a8de7aeb4a34aabf) Importer(815301076,1909f56bfc062723c751e8b465ee728b)
Start importing Assets/Low Poly Environment Starter Kit/Source/Shader/HDRP/Water_HDRP.shadergraph using Guid(cc89ef4cc3285974a8de7aeb4a34aabf) Importer(815301076,1909f56bfc062723c751e8b465ee728b)  -> (artifact id: '54f831eb3fd4753f5c1b3cdb662fa6c4') in 0.002264 seconds
Number of updated asset objects reloaded before import = 0
Number of asset objects unloaded after import = 2
========================================================================
Received Import Request.
  Time since last request: 0.000012 seconds.
  path: Assets/RomanCityPack1Lite/Models/Roman/Optimized/Materials/No Name.mat
  artifactKey: Guid(c1bf7e071bf624114aaefa78375a0ce3) Importer(815301076,1909f56bfc062723c751e8b465ee728b)
Start importing Assets/RomanCityPack1Lite/Models/Roman/Optimized/Materials/No Name.mat using Guid(c1bf7e071bf624114aaefa78375a0ce3) Importer(815301076,1909f56bfc062723c751e8b465ee728b)  -> (artifact id: '69f537508f4aa5fd5f01b26179fab7b7') in 0.001199 seconds
Number of updated asset objects reloaded before import = 0
Number of asset objects unloaded after import = 1
========================================================================
Received Import Request.
  Time since last request: 0.000014 seconds.
  path: Assets/GreekPack1Lite/Models/Optimized/Materials/PalmBark1.mat
  artifactKey: Guid(c57007770923644ceaf0544b9497ea9a) Importer(815301076,1909f56bfc062723c751e8b465ee728b)
Start importing Assets/GreekPack1Lite/Models/Optimized/Materials/PalmBark1.mat using Guid(c57007770923644ceaf0544b9497ea9a) Importer(815301076,1909f56bfc062723c751e8b465ee728b)  -> (artifact id: '0f37bc01aa787849508148e53b74baaa') in 0.001275 seconds
Number of updated asset objects reloaded before import = 0
Number of asset objects unloaded after import = 1
========================================================================
Received Import Request.
  Time since last request: 1.698174 seconds.
  path: Assets/Low Poly Environment Starter Kit/Source/Material/Standard/Pine Bark.mat
  artifactKey: Guid(1c15e3838f2318a4cb718a202311deab) Importer(815301076,1909f56bfc062723c751e8b465ee728b)
Start importing Assets/Low Poly Environment Starter Kit/Source/Material/Standard/Pine Bark.mat using Guid(1c15e3838f2318a4cb718a202311deab) Importer(815301076,1909f56bfc062723c751e8b465ee728b)  -> (artifact id: '00c3499b127d2edba48f983a70d384de') in 0.001277 seconds
Number of updated asset objects reloaded before import = 0
Number of asset objects unloaded after import = 1
========================================================================
Received Import Request.
  Time since last request: 0.000020 seconds.
  path: Assets/FreeAnimatedSpaceMan/Materials/Plane.mat
  artifactKey: Guid(0631bac512dbddd4eb71a58e6504c793) Importer(815301076,1909f56bfc062723c751e8b465ee728b)
Start importing Assets/FreeAnimatedSpaceMan/Materials/Plane.mat using Guid(0631bac512dbddd4eb71a58e6504c793) Importer(815301076,1909f56bfc062723c751e8b465ee728b)  -> (artifact id: '5ce1d6f1fabb8ad53ee38290f9e14f48') in 0.001104 seconds
Number of updated asset objects reloaded before import = 0
Number of asset objects unloaded after import = 1
========================================================================
Received Import Request.
  Time since last request: 0.044260 seconds.
  path: Assets/RomanCityPack1Lite/Models/Roman/Materials/Roman_Shield_Detail.mat
  artifactKey: Guid(699ffeb7a51c147558699fb25a930228) Importer(815301076,1909f56bfc062723c751e8b465ee728b)
Start importing Assets/RomanCityPack1Lite/Models/Roman/Materials/Roman_Shield_Detail.mat using Guid(699ffeb7a51c147558699fb25a930228) Importer(815301076,1909f56bfc062723c751e8b465ee728b)  -> (artifact id: '10a4d67eb794580901dfe7bbd323b2f7') in 0.001380 seconds
Number of updated asset objects reloaded before import = 0
Number of asset objects unloaded after import = 1
========================================================================
Received Import Request.
  Time since last request: 0.000012 seconds.
  path: Assets/Distant Lands/Free Characters/Contents/Materials/Shirt 2.mat
  artifactKey: Guid(03f63bc20fb459248a4a28ac7768c324) Importer(815301076,1909f56bfc062723c751e8b465ee728b)
Start importing Assets/Distant Lands/Free Characters/Contents/Materials/Shirt 2.mat using Guid(03f63bc20fb459248a4a28ac7768c324) Importer(815301076,1909f56bfc062723c751e8b465ee728b)  -> (artifact id: 'ffaa0458e1e33af0993dbb96fb79939f') in 0.001253 seconds
Number of updated asset objects reloaded before import = 0
Number of asset objects unloaded after import = 1
========================================================================
Received Import Request.
  Time since last request: 0.000193 seconds.
  path: Assets/RomanCityPack1Lite/Models/Roman/Materials/Roman_Tree_2.mat
  artifactKey: Guid(cd65f869c1e8449729555a5ef6834dd8) Importer(815301076,1909f56bfc062723c751e8b465ee728b)
Start importing Assets/RomanCityPack1Lite/Models/Roman/Materials/Roman_Tree_2.mat using Guid(cd65f869c1e8449729555a5ef6834dd8) Importer(815301076,1909f56bfc062723c751e8b465ee728b)  -> (artifact id: '480c25507d870fd7dc06133e0f4f05e5') in 0.001470 seconds
Number of updated asset objects reloaded before import = 0
Number of asset objects unloaded after import = 1
========================================================================
Received Import Request.
  Time since last request: 0.047288 seconds.
  path: Assets/RomanCityPack1Lite/Models/Roman/Materials/Roman_Roof_1.mat
  artifactKey: Guid(a56f71238a05c4475bbbf0ce0e80e0c9) Importer(815301076,1909f56bfc062723c751e8b465ee728b)
Start importing Assets/RomanCityPack1Lite/Models/Roman/Materials/Roman_Roof_1.mat using Guid(a56f71238a05c4475bbbf0ce0e80e0c9) Importer(815301076,1909f56bfc062723c751e8b465ee728b)  -> (artifact id: '9726332d1b579c37b5b9d30198af0f56') in 0.001410 seconds
Number of updated asset objects reloaded before import = 0
Number of asset objects unloaded after import = 1
========================================================================
Received Import Request.
  Time since last request: 0.709789 seconds.
  path: Assets/RomanCityPack1Lite/Models/Roman/Materials/Silver.mat
  artifactKey: Guid(7dcfc293529324baa8d2926977b73b41) Importer(815301076,1909f56bfc062723c751e8b465ee728b)
Start importing Assets/RomanCityPack1Lite/Models/Roman/Materials/Silver.mat using Guid(7dcfc293529324baa8d2926977b73b41) Importer(815301076,1909f56bfc062723c751e8b465ee728b)  -> (artifact id: '0c63501d2aec44cc7b0e895d19103694') in 0.001157 seconds
Number of updated asset objects reloaded before import = 0
Number of asset objects unloaded after import = 1
========================================================================
Received Import Request.
  Time since last request: 0.100695 seconds.
  path: Assets/Low Poly Environment Starter Kit/Source/Material/HDRP/Snow.mat
  artifactKey: Guid(8b513525ad0aeaf4e8cb7735e49a2cf9) Importer(815301076,1909f56bfc062723c751e8b465ee728b)
Start importing Assets/Low Poly Environment Starter Kit/Source/Material/HDRP/Snow.mat using Guid(8b513525ad0aeaf4e8cb7735e49a2cf9) Importer(815301076,1909f56bfc062723c751e8b465ee728b)  -> (artifact id: '03294cf5b220c9b107bc644532828469') in 0.002045 seconds
Number of updated asset objects reloaded before import = 0
Number of asset objects unloaded after import = 1
========================================================================
Received Import Request.
  Time since last request: 0.086027 seconds.
  path: Assets/Low Poly Environment Starter Kit/Source/Material/URP/Stone.mat
  artifactKey: Guid(a1460b71b1d97194a88d6f8be1dffc42) Importer(815301076,1909f56bfc062723c751e8b465ee728b)
Start importing Assets/Low Poly Environment Starter Kit/Source/Material/URP/Stone.mat using Guid(a1460b71b1d97194a88d6f8be1dffc42) Importer(815301076,1909f56bfc062723c751e8b465ee728b)  -> (artifact id: 'fc3c78aeecb649342e362145cabb7d76') in 0.002346 seconds
Number of updated asset objects reloaded before import = 0
Number of asset objects unloaded after import = 2
========================================================================
Received Import Request.
  Time since last request: 1.137666 seconds.
  path: Assets/RomanCityPack1Lite/Models/Roman/Materials/TileFloor2.mat
  artifactKey: Guid(fb073922d7d9f42e9aabaa30a19c229a) Importer(815301076,1909f56bfc062723c751e8b465ee728b)
Start importing Assets/RomanCityPack1Lite/Models/Roman/Materials/TileFloor2.mat using Guid(fb073922d7d9f42e9aabaa30a19c229a) Importer(815301076,1909f56bfc062723c751e8b465ee728b)  -> (artifact id: 'ae9c642d01a28b9bae98d8525faa645f') in 0.001286 seconds
Number of updated asset objects reloaded before import = 0
Number of asset objects unloaded after import = 1
========================================================================
Received Prepare
Begin MonoManager ReloadAssembly
Symbol file LoadedFromMemory doesn't match image C:\Users\Simon\Documents\Cours\GameCoder\Unity3D\_PROJET_3\InfiniteRunner\Library\PackageCache\com.unity.visualscripting@1.8.0\Editor\VisualScripting.Core\Dependencies\YamlDotNet\Unity.VisualScripting.YamlDotNet.dll
Symbol file LoadedFromMemory doesn't match image C:\Users\Simon\Documents\Cours\GameCoder\Unity3D\_PROJET_3\InfiniteRunner\Library\PackageCache\com.unity.visualscripting@1.8.0\Editor\VisualScripting.Core\Dependencies\DotNetZip\Unity.VisualScripting.IonicZip.dll
- Loaded All Assemblies, in  0.832 seconds
Refreshing native plugins compatible for Editor in 5.81 ms, found 3 plugins.
Native extension for WindowsStandalone target not found
Mono: successfully reloaded assembly
- Finished resetting the current domain, in  1.598 seconds
Domain Reload Profiling: 2422ms
	BeginReloadAssembly (151ms)
		ExecutionOrderSort (0ms)
		DisableScriptedObjects (6ms)
		BackupInstance (0ms)
		ReleaseScriptingObjects (0ms)
		CreateAndSetChildDomain (40ms)
	RebuildCommonClasses (31ms)
	RebuildNativeTypeToScriptingClass (11ms)
	initialDomainReloadingComplete (40ms)
	LoadAllAssembliesAndSetupDomain (590ms)
		LoadAssemblies (317ms)
		RebuildTransferFunctionScriptingTraits (0ms)
		AnalyzeDomain (329ms)
			TypeCache.Refresh (317ms)
				TypeCache.ScanAssembly (305ms)
			ScanForSourceGeneratedMonoScriptInfo (0ms)
			ResolveRequiredComponents (12ms)
	FinalizeReload (1598ms)
		ReleaseScriptCaches (0ms)
		RebuildScriptCaches (0ms)
		SetupLoadedEditorAssemblies (475ms)
			LogAssemblyErrors (0ms)
			InitializePlatformSupportModulesInManaged (9ms)
			SetLoadedEditorAssemblies (4ms)
			RefreshPlugins (0ms)
			BeforeProcessingInitializeOnLoad (94ms)
			ProcessInitializeOnLoadAttributes (293ms)
			ProcessInitializeOnLoadMethodAttributes (62ms)
			AfterProcessingInitializeOnLoad (13ms)
			EditorAssembliesLoaded (0ms)
		ExecutionOrderSort2 (0ms)
		AwakeInstancesAfterBackupRestoration (15ms)
Refreshing native plugins compatible for Editor in 5.59 ms, found 3 plugins.
Preloading 0 native plugins for Editor in 0.00 ms.
Unloading 4973 Unused Serialized files (Serialized files now loaded: 0)
Unloading 43 unused Assets / (318.6 KB). Loaded Objects now: 5620.
Memory consumption went from 193.1 MB to 192.8 MB.
Total: 3.907900 ms (FindLiveObjects: 0.530500 ms CreateObjectMapping: 0.581100 ms MarkObjects: 2.698500 ms  DeleteObjects: 0.096600 ms)

Prepare: number of updated asset objects reloaded= 0
AssetImportParameters requested are different than current active one (requested -> active):
  custom:container-demuxer-ogg: 62fdf1f143b41e24485cea50d1cbac27 -> 
  custom:scripting/monoscript/fileName/ScaleParticles.cs: 654ae0453d8b28f67c319097ade9b5a3 -> 
  custom:video-decoder-ogg-theora: a1e56fd34408186e4bbccfd4996cb3dc -> 
  custom:framework-win-MediaFoundation: 216162199b28c13a410421893ffa2e32 -> 
  custom:scripting/monoscript/fileName/TakeablePowerUp.cs: 73d96c68ab3895fbcd06960403579acf -> 
  custom:CustomObjectIndexerAttribute: a3ef5dd2817f97addfee359851a9dba5 -> 
  custom:container-demuxer-webm: 4f35f7cbe854078d1ac9338744f61a02 -> 
  custom:scripting/monoscript/fileName/PowerUpRotation.cs: 066be655ce9d93f0966ade4abd3495df -> 
  custom:scripting/monoscript/fileName/Singleton.cs: 8f6297df34271fdb1ce2d9607ec6261d -> 90647cc400823b41df847a6cbfc29026
  custom:container-muxer-webm: aa71ff27fc2769a1b78a27578f13a17b -> 
  custom:video-decoder-webm-vp8: 9c59270c3fd7afecdb556c50c9e8de78 -> 
  custom:scripting/monoscript/fileName/PowerUpManager.cs: debcdc9bbc6e439dacee8bcece20e4a4 -> 
  custom:AudioImporter_EditorPlatform: d09bf68614088b80899f8185d706f6e7 -> 
  custom:video-encoder-webm-vp8: eb34c28f22e8b96e1ab97ce403110664 -> 
  custom:audio-decoder-ogg-vorbis: bf7c407c2cedff20999df2af8eb42d56 -> 
  custom:scripting/monoscript/fileName/CustomizablePowerUp.cs: da4ab59aae0438242962f5bae93719a9 -> 
  custom:audio-encoder-webm-vorbis: bf7c407c2cedff20999df2af8eb42d56 -> 
========================================================================
Received Import Request.
  Time since last request: 24.552868 seconds.
  path: Assets/Low Poly Environment Starter Kit/Source/Material/Standard/Bush.mat
  artifactKey: Guid(2cf41212b35a2a847b9ef0a592da7539) Importer(815301076,1909f56bfc062723c751e8b465ee728b)
Start importing Assets/Low Poly Environment Starter Kit/Source/Material/Standard/Bush.mat using Guid(2cf41212b35a2a847b9ef0a592da7539) Importer(815301076,1909f56bfc062723c751e8b465ee728b)  -> (artifact id: '5fb69ec6d2787b2ab713e14dd35c1ad4') in 0.010245 seconds
Number of updated asset objects reloaded before import = 0
Number of asset objects unloaded after import = 1
========================================================================
Received Import Request.
  Time since last request: 0.000015 seconds.
  path: Assets/Low Poly Environment Starter Kit/Source/Material/HDRP/Bark.mat
  artifactKey: Guid(d075538bdce940f4f9e44690b2c28d7a) Importer(815301076,1909f56bfc062723c751e8b465ee728b)
Start importing Assets/Low Poly Environment Starter Kit/Source/Material/HDRP/Bark.mat using Guid(d075538bdce940f4f9e44690b2c28d7a) Importer(815301076,1909f56bfc062723c751e8b465ee728b)  -> (artifact id: 'fb469df9d9a080180b46866954848917') in 0.006213 seconds
Number of updated asset objects reloaded before import = 0
Number of asset objects unloaded after import = 2
========================================================================
Received Import Request.
  Time since last request: 0.000012 seconds.
  path: Assets/RomanCityPack1Lite/Models/Roman/Materials/Canvas.mat
  artifactKey: Guid(490c233e685124994ae1f445dca7fba5) Importer(815301076,1909f56bfc062723c751e8b465ee728b)
Start importing Assets/RomanCityPack1Lite/Models/Roman/Materials/Canvas.mat using Guid(490c233e685124994ae1f445dca7fba5) Importer(815301076,1909f56bfc062723c751e8b465ee728b)  -> (artifact id: '4904e7a79a8aca1bb86d90adb0e1b140') in 0.001236 seconds
Number of updated asset objects reloaded before import = 0
Number of asset objects unloaded after import = 1
========================================================================
Received Import Request.
  Time since last request: 0.040024 seconds.
  path: Assets/Models/_ThirdParty/polyperfect/Low Poly Ultimate Pack/- Materials/Colors/38 GREEN-LIGHTEST-LPUP.mat
  artifactKey: Guid(7bcfec495539b3b4ba46f415eebf76ff) Importer(815301076,1909f56bfc062723c751e8b465ee728b)
Start importing Assets/Models/_ThirdParty/polyperfect/Low Poly Ultimate Pack/- Materials/Colors/38 GREEN-LIGHTEST-LPUP.mat using Guid(7bcfec495539b3b4ba46f415eebf76ff) Importer(815301076,1909f56bfc062723c751e8b465ee728b)  -> (artifact id: 'd883d7e5c612c86ad51558501458ad21') in 0.001210 seconds
Number of updated asset objects reloaded before import = 0
Number of asset objects unloaded after import = 1
========================================================================
Received Import Request.
  Time since last request: 0.000013 seconds.
  path: Assets/Models/_ThirdParty/polyperfect/Low Poly Ultimate Pack/- Materials/Colors/42 BLUE-DARK-LPUP.mat
  artifactKey: Guid(b064f99cf70b44e47a02b3c08c5bafb5) Importer(815301076,1909f56bfc062723c751e8b465ee728b)
Start importing Assets/Models/_ThirdParty/polyperfect/Low Poly Ultimate Pack/- Materials/Colors/42 BLUE-DARK-LPUP.mat using Guid(b064f99cf70b44e47a02b3c08c5bafb5) Importer(815301076,1909f56bfc062723c751e8b465ee728b)  -> (artifact id: '550b9092ba8bd74ea0053b7fa5e19b41') in 0.001435 seconds
Number of updated asset objects reloaded before import = 0
Number of asset objects unloaded after import = 1
Editor requested this worker to shutdown with reason: Scaling down because of idle timeout
TcpMessagingSession - receive error: operation aborted. errorcode: 995, details: L’opération d’entrée/sortie a été abandonnée en raison de l’arrêt d’un thread ou à la demande d’une application.
AssetImportWorker is now disconnected from the server
Process exiting
Exiting without the bug reporter. Application will terminate with return code 0