Using pre-set license
Built from '2022.3/release' branch; Version is '2022.3.5f1 (9674261d40ee) revision 9860134'; Using compiler version '192829333'; Build Type 'Release'
OS: 'Windows 10  (10.0.19045) 64bit Core' Language: 'fr' Physical Memory: 16152 MB
BatchMode: 1, IsHumanControllingUs: 0, StartBugReporterOnCrash: 0, Is64bit: 1, IsPro: 1

COMMAND LINE ARGUMENTS:
C:\Program Files\Unity\Hub\Editor\2022.3.5f1\Editor\Unity.exe
-adb2
-batchMode
-noUpm
-name
AssetImportWorker7
-projectPath
C:/Users/Simon/Documents/Cours/GameCoder/Unity3D/_PROJET_3/InfiniteRunner
-logFile
Logs/AssetImportWorker7.log
-srvPort
60581
Successfully changed project path to: C:/Users/Simon/Documents/Cours/GameCoder/Unity3D/_PROJET_3/InfiniteRunner
C:/Users/Simon/Documents/Cours/GameCoder/Unity3D/_PROJET_3/InfiniteRunner
[UnityMemory] Configuration Parameters - Can be set up in boot.config
    "memorysetup-bucket-allocator-granularity=16"
    "memorysetup-bucket-allocator-bucket-count=8"
    "memorysetup-bucket-allocator-block-size=33554432"
    "memorysetup-bucket-allocator-block-count=8"
    "memorysetup-main-allocator-block-size=16777216"
    "memorysetup-thread-allocator-block-size=16777216"
    "memorysetup-gfx-main-allocator-block-size=16777216"
    "memorysetup-gfx-thread-allocator-block-size=16777216"
    "memorysetup-cache-allocator-block-size=4194304"
    "memorysetup-typetree-allocator-block-size=2097152"
    "memorysetup-profiler-bucket-allocator-granularity=16"
    "memorysetup-profiler-bucket-allocator-bucket-count=8"
    "memorysetup-profiler-bucket-allocator-block-size=33554432"
    "memorysetup-profiler-bucket-allocator-block-count=8"
    "memorysetup-profiler-allocator-block-size=16777216"
    "memorysetup-profiler-editor-allocator-block-size=1048576"
    "memorysetup-temp-allocator-size-main=16777216"
    "memorysetup-job-temp-allocator-block-size=2097152"
    "memorysetup-job-temp-allocator-block-size-background=1048576"
    "memorysetup-job-temp-allocator-reduction-small-platforms=262144"
    "memorysetup-allocator-temp-initial-block-size-main=262144"
    "memorysetup-allocator-temp-initial-block-size-worker=262144"
    "memorysetup-temp-allocator-size-background-worker=32768"
    "memorysetup-temp-allocator-size-job-worker=262144"
    "memorysetup-temp-allocator-size-preload-manager=33554432"
    "memorysetup-temp-allocator-size-nav-mesh-worker=65536"
    "memorysetup-temp-allocator-size-audio-worker=65536"
    "memorysetup-temp-allocator-size-cloud-worker=32768"
    "memorysetup-temp-allocator-size-gi-baking-worker=262144"
    "memorysetup-temp-allocator-size-gfx=262144"
Player connection [22828] Host "[IP] 192.168.1.37 [Port] 0 [Flags] 2 [Guid] 1309021442 [EditorId] 1309021442 [Version] 1048832 [Id] WindowsEditor(7,DESKTOP-GLC01VO) [Debug] 1 [PackageName] WindowsEditor [ProjectName] Editor" joined multi-casting on [225.0.0.222:54997]...

Player connection [22828] Host "[IP] 192.168.1.37 [Port] 0 [Flags] 2 [Guid] 1309021442 [EditorId] 1309021442 [Version] 1048832 [Id] WindowsEditor(7,DESKTOP-GLC01VO) [Debug] 1 [PackageName] WindowsEditor [ProjectName] Editor" joined alternative multi-casting on [225.0.0.222:34997]...

Refreshing native plugins compatible for Editor in 20.28 ms, found 4 plugins.
Preloading 0 native plugins for Editor in 0.00 ms.
Initialize engine version: 2022.3.5f1 (9674261d40ee)
[Subsystems] Discovering subsystems at path C:/Program Files/Unity/Hub/Editor/2022.3.5f1/Editor/Data/Resources/UnitySubsystems
[Subsystems] Discovering subsystems at path C:/Users/Simon/Documents/Cours/GameCoder/Unity3D/_PROJET_3/InfiniteRunner/Assets
GfxDevice: creating device client; threaded=0; jobified=0
Direct3D:
    Version:  Direct3D 11.0 [level 11.1]
    Renderer: NVIDIA GeForce RTX 3070 Laptop GPU (ID=0x24dd)
    Vendor:   NVIDIA
    VRAM:     8044 MB
    Driver:   30.0.15.1278
Initialize mono
Mono path[0] = 'C:/Program Files/Unity/Hub/Editor/2022.3.5f1/Editor/Data/Managed'
Mono path[1] = 'C:/Program Files/Unity/Hub/Editor/2022.3.5f1/Editor/Data/MonoBleedingEdge/lib/mono/unityjit-win32'
Mono config path = 'C:/Program Files/Unity/Hub/Editor/2022.3.5f1/Editor/Data/MonoBleedingEdge/etc'
Using monoOptions --debugger-agent=transport=dt_socket,embedding=1,server=y,suspend=n,address=127.0.0.1:56800
Begin MonoManager ReloadAssembly
Registering precompiled unity dll's ...
Register platform support module: C:/Program Files/Unity/Hub/Editor/2022.3.5f1/Editor/Data/PlaybackEngines/AndroidPlayer/UnityEditor.Android.Extensions.dll
Register platform support module: C:/Program Files/Unity/Hub/Editor/2022.3.5f1/Editor/Data/PlaybackEngines/WindowsStandaloneSupport/UnityEditor.WindowsStandalone.Extensions.dll
Registered in 0.017519 seconds.
- Loaded All Assemblies, in  0.380 seconds
Native extension for WindowsStandalone target not found
Native extension for Android target not found
Android Extension - Scanning For ADB Devices 423 ms
Mono: successfully reloaded assembly
- Finished resetting the current domain, in  0.719 seconds
Domain Reload Profiling: 1094ms
	BeginReloadAssembly (94ms)
		ExecutionOrderSort (0ms)
		DisableScriptedObjects (0ms)
		BackupInstance (0ms)
		ReleaseScriptingObjects (0ms)
		CreateAndSetChildDomain (1ms)
	RebuildCommonClasses (39ms)
	RebuildNativeTypeToScriptingClass (13ms)
	initialDomainReloadingComplete (75ms)
	LoadAllAssembliesAndSetupDomain (154ms)
		LoadAssemblies (91ms)
		RebuildTransferFunctionScriptingTraits (0ms)
		AnalyzeDomain (144ms)
			TypeCache.Refresh (142ms)
				TypeCache.ScanAssembly (131ms)
			ScanForSourceGeneratedMonoScriptInfo (1ms)
			ResolveRequiredComponents (1ms)
	FinalizeReload (719ms)
		ReleaseScriptCaches (0ms)
		RebuildScriptCaches (0ms)
		SetupLoadedEditorAssemblies (668ms)
			LogAssemblyErrors (0ms)
			InitializePlatformSupportModulesInManaged (535ms)
			SetLoadedEditorAssemblies (3ms)
			RefreshPlugins (0ms)
			BeforeProcessingInitializeOnLoad (2ms)
			ProcessInitializeOnLoadAttributes (84ms)
			ProcessInitializeOnLoadMethodAttributes (43ms)
			AfterProcessingInitializeOnLoad (0ms)
			EditorAssembliesLoaded (0ms)
		ExecutionOrderSort2 (0ms)
		AwakeInstancesAfterBackupRestoration (0ms)
========================================================================
Worker process is ready to serve import requests
Begin MonoManager ReloadAssembly
Symbol file LoadedFromMemory doesn't match image C:\Users\Simon\Documents\Cours\GameCoder\Unity3D\_PROJET_3\InfiniteRunner\Library\PackageCache\com.unity.visualscripting@1.8.0\Editor\VisualScripting.Core\Dependencies\YamlDotNet\Unity.VisualScripting.YamlDotNet.dll
Symbol file LoadedFromMemory doesn't match image C:\Users\Simon\Documents\Cours\GameCoder\Unity3D\_PROJET_3\InfiniteRunner\Library\PackageCache\com.unity.visualscripting@1.8.0\Editor\VisualScripting.Core\Dependencies\DotNetZip\Unity.VisualScripting.IonicZip.dll
Symbol file LoadedFromMemory is not a mono symbol file
- Loaded All Assemblies, in  0.859 seconds
Refreshing native plugins compatible for Editor in 6.81 ms, found 4 plugins.
Native extension for WindowsStandalone target not found
Native extension for Android target not found
Mono: successfully reloaded assembly
- Finished resetting the current domain, in  0.635 seconds
Domain Reload Profiling: 1488ms
	BeginReloadAssembly (128ms)
		ExecutionOrderSort (0ms)
		DisableScriptedObjects (5ms)
		BackupInstance (0ms)
		ReleaseScriptingObjects (0ms)
		CreateAndSetChildDomain (21ms)
	RebuildCommonClasses (31ms)
	RebuildNativeTypeToScriptingClass (10ms)
	initialDomainReloadingComplete (47ms)
	LoadAllAssembliesAndSetupDomain (637ms)
		LoadAssemblies (344ms)
		RebuildTransferFunctionScriptingTraits (0ms)
		AnalyzeDomain (349ms)
			TypeCache.Refresh (318ms)
				TypeCache.ScanAssembly (303ms)
			ScanForSourceGeneratedMonoScriptInfo (21ms)
			ResolveRequiredComponents (9ms)
	FinalizeReload (635ms)
		ReleaseScriptCaches (0ms)
		RebuildScriptCaches (0ms)
		SetupLoadedEditorAssemblies (455ms)
			LogAssemblyErrors (0ms)
			InitializePlatformSupportModulesInManaged (27ms)
			SetLoadedEditorAssemblies (4ms)
			RefreshPlugins (0ms)
			BeforeProcessingInitializeOnLoad (85ms)
			ProcessInitializeOnLoadAttributes (268ms)
			ProcessInitializeOnLoadMethodAttributes (59ms)
			AfterProcessingInitializeOnLoad (10ms)
			EditorAssembliesLoaded (0ms)
		ExecutionOrderSort2 (0ms)
		AwakeInstancesAfterBackupRestoration (10ms)
Launched and connected shader compiler UnityShaderCompiler.exe after 0.05 seconds
Refreshing native plugins compatible for Editor in 6.99 ms, found 4 plugins.
Preloading 0 native plugins for Editor in 0.00 ms.
Unloading 5256 Unused Serialized files (Serialized files now loaded: 0)
Unloading 70 unused Assets / (321.9 KB). Loaded Objects now: 5744.
Memory consumption went from 232.9 MB to 232.6 MB.
Total: 3.527100 ms (FindLiveObjects: 0.455100 ms CreateObjectMapping: 0.374000 ms MarkObjects: 2.584000 ms  DeleteObjects: 0.113100 ms)

AssetImportParameters requested are different than current active one (requested -> active):
  custom:container-demuxer-ogg: 62fdf1f143b41e24485cea50d1cbac27 -> 
  custom:video-decoder-ogg-theora: a1e56fd34408186e4bbccfd4996cb3dc -> 
  custom:framework-win-MediaFoundation: 216162199b28c13a410421893ffa2e32 -> 
  custom:CustomObjectIndexerAttribute: a3ef5dd2817f97addfee359851a9dba5 -> 
  custom:container-demuxer-webm: 4f35f7cbe854078d1ac9338744f61a02 -> 
  custom:container-muxer-webm: aa71ff27fc2769a1b78a27578f13a17b -> 
  custom:video-decoder-webm-vp8: 9c59270c3fd7afecdb556c50c9e8de78 -> 
  custom:AudioImporter_EditorPlatform: d09bf68614088b80899f8185d706f6e7 -> 
  custom:video-encoder-webm-vp8: eb34c28f22e8b96e1ab97ce403110664 -> 
  custom:audio-decoder-ogg-vorbis: bf7c407c2cedff20999df2af8eb42d56 -> 
  custom:audio-encoder-webm-vorbis: bf7c407c2cedff20999df2af8eb42d56 -> 
========================================================================
Received Import Request.
  Time since last request: 139955.675163 seconds.
  path: Assets/Models/_ThirdParty/polyperfect/Low Poly Ultimate Pack/T/- Meshes_T/Medieval_T/porte_castle.fbx
  artifactKey: Guid(85fe620d97f80fb40bdd49d9a3764495) Importer(815301076,1909f56bfc062723c751e8b465ee728b)
Start importing Assets/Models/_ThirdParty/polyperfect/Low Poly Ultimate Pack/T/- Meshes_T/Medieval_T/porte_castle.fbx using Guid(85fe620d97f80fb40bdd49d9a3764495) Importer(815301076,1909f56bfc062723c751e8b465ee728b)  -> (artifact id: '2cfd7518e5300dd034e409e32859426b') in 0.017736 seconds
Number of updated asset objects reloaded before import = 0
Number of asset objects unloaded after import = 24
========================================================================
Received Import Request.
  Time since last request: 37.042405 seconds.
  path: Assets/Models/_ThirdParty/polyperfect/Low Poly Ultimate Pack/T/- Meshes_T/Japan_T/castle-japan.fbx
  artifactKey: Guid(1203fe168b6334b3e893e162510aedf5) Importer(815301076,1909f56bfc062723c751e8b465ee728b)
Start importing Assets/Models/_ThirdParty/polyperfect/Low Poly Ultimate Pack/T/- Meshes_T/Japan_T/castle-japan.fbx using Guid(1203fe168b6334b3e893e162510aedf5) Importer(815301076,1909f56bfc062723c751e8b465ee728b)  -> (artifact id: '90594ba8a346680c63ae6d313372a1ac') in 0.004283 seconds
Number of updated asset objects reloaded before import = 0
Number of asset objects unloaded after import = 6
========================================================================
Received Import Request.
  Time since last request: 0.016863 seconds.
  path: Assets/Models/_ThirdParty/polyperfect/Low Poly Ultimate Pack/M/- Prefabs_M/Japan_M/castle-japan.prefab
  artifactKey: Guid(fcaa582af9ef24450b047b72b9f7f428) Importer(815301076,1909f56bfc062723c751e8b465ee728b)
Start importing Assets/Models/_ThirdParty/polyperfect/Low Poly Ultimate Pack/M/- Prefabs_M/Japan_M/castle-japan.prefab using Guid(fcaa582af9ef24450b047b72b9f7f428) Importer(815301076,1909f56bfc062723c751e8b465ee728b)  -> (artifact id: '8c51e76e904118da0d63477afcfaa44e') in 0.003308 seconds
Number of updated asset objects reloaded before import = 0
Number of asset objects unloaded after import = 7
========================================================================
Received Import Request.
  Time since last request: 0.000019 seconds.
  path: Assets/Models/_ThirdParty/polyperfect/Low Poly Ultimate Pack/T/- Prefabs_T/Japan_T/castle-japan.prefab
  artifactKey: Guid(2395914613c154ee18e773bea78311b6) Importer(815301076,1909f56bfc062723c751e8b465ee728b)
Start importing Assets/Models/_ThirdParty/polyperfect/Low Poly Ultimate Pack/T/- Prefabs_T/Japan_T/castle-japan.prefab using Guid(2395914613c154ee18e773bea78311b6) Importer(815301076,1909f56bfc062723c751e8b465ee728b)  -> (artifact id: '59dbf79d3050f5b0622704f47cd21613') in 0.003163 seconds
Number of updated asset objects reloaded before import = 0
Number of asset objects unloaded after import = 7
========================================================================
Received Import Request.
  Time since last request: 4.940313 seconds.
  path: Assets/Models/_ThirdParty/AurynSky/Forest Pack/Prefabs/Prefabs_Red/ForestCastleDoorL_Red.prefab
  artifactKey: Guid(c44928e7737eb974695c038f3bff9fda) Importer(815301076,1909f56bfc062723c751e8b465ee728b)
Start importing Assets/Models/_ThirdParty/AurynSky/Forest Pack/Prefabs/Prefabs_Red/ForestCastleDoorL_Red.prefab using Guid(c44928e7737eb974695c038f3bff9fda) Importer(815301076,1909f56bfc062723c751e8b465ee728b)  -> (artifact id: 'dcf19f410065b3307892a6eeccc5cd6b') in 0.002952 seconds
Number of updated asset objects reloaded before import = 0
Number of asset objects unloaded after import = 6
========================================================================
Received Import Request.
  Time since last request: 0.752350 seconds.
  path: Assets/Models/_ThirdParty/AurynSky/Forest Pack/Prefabs/ForestCastleWindow.prefab
  artifactKey: Guid(fb44b6ca36ace2c46b5dd7d4bf32e371) Importer(815301076,1909f56bfc062723c751e8b465ee728b)
Start importing Assets/Models/_ThirdParty/AurynSky/Forest Pack/Prefabs/ForestCastleWindow.prefab using Guid(fb44b6ca36ace2c46b5dd7d4bf32e371) Importer(815301076,1909f56bfc062723c751e8b465ee728b)  -> (artifact id: '3854b4206262a1925d8537999bec2d9d') in 0.003046 seconds
Number of updated asset objects reloaded before import = 0
Number of asset objects unloaded after import = 6
========================================================================
Received Import Request.
  Time since last request: 0.427879 seconds.
  path: Assets/Models/_ThirdParty/polyperfect/Low Poly Ultimate Pack/T/- Meshes_T/Medieval_T/tower-castle_round.fbx
  artifactKey: Guid(1e9f6543b942f49aab94df7dbfc81e66) Importer(815301076,1909f56bfc062723c751e8b465ee728b)
Start importing Assets/Models/_ThirdParty/polyperfect/Low Poly Ultimate Pack/T/- Meshes_T/Medieval_T/tower-castle_round.fbx using Guid(1e9f6543b942f49aab94df7dbfc81e66) Importer(815301076,1909f56bfc062723c751e8b465ee728b)  -> (artifact id: '975c87327371b277a39dde46223d8cd2') in 0.002341 seconds
Number of updated asset objects reloaded before import = 0
Number of asset objects unloaded after import = 6
========================================================================
Received Import Request.
  Time since last request: 27.383232 seconds.
  path: Assets/Models/_ThirdParty/polyperfect/Low Poly Ultimate Pack/T/- Meshes_T/Egypt_T/egypt-papyrus.fbx
  artifactKey: Guid(f1319861412a816458014f4d2b202d6d) Importer(815301076,1909f56bfc062723c751e8b465ee728b)
Start importing Assets/Models/_ThirdParty/polyperfect/Low Poly Ultimate Pack/T/- Meshes_T/Egypt_T/egypt-papyrus.fbx using Guid(f1319861412a816458014f4d2b202d6d) Importer(815301076,1909f56bfc062723c751e8b465ee728b)  -> (artifact id: '87b754fb8fa2249e4f9f3f8086351f49') in 0.002563 seconds
Number of updated asset objects reloaded before import = 0
Number of asset objects unloaded after import = 6
========================================================================
Received Import Request.
  Time since last request: 0.000019 seconds.
  path: Assets/Models/_ThirdParty/polyperfect/Low Poly Ultimate Pack/T/- Meshes_T/Egypt_T/egypt-pillar-lotus-cluster.fbx
  artifactKey: Guid(2804c892124bf184590cf15544be668b) Importer(815301076,1909f56bfc062723c751e8b465ee728b)
Start importing Assets/Models/_ThirdParty/polyperfect/Low Poly Ultimate Pack/T/- Meshes_T/Egypt_T/egypt-pillar-lotus-cluster.fbx using Guid(2804c892124bf184590cf15544be668b) Importer(815301076,1909f56bfc062723c751e8b465ee728b)  -> (artifact id: '90a8dea33a3decd25831530b31e5bf04') in 0.002282 seconds
Number of updated asset objects reloaded before import = 0
Number of asset objects unloaded after import = 6
========================================================================
Received Import Request.
  Time since last request: 1.915133 seconds.
  path: Assets/Models/_ThirdParty/polyperfect/Low Poly Ultimate Pack/M/- Meshes_M/Nature_M/Stones_M/rock-sharp.fbx
  artifactKey: Guid(2b853e375cc59094f873c7eea92fd2b5) Importer(815301076,1909f56bfc062723c751e8b465ee728b)
Start importing Assets/Models/_ThirdParty/polyperfect/Low Poly Ultimate Pack/M/- Meshes_M/Nature_M/Stones_M/rock-sharp.fbx using Guid(2b853e375cc59094f873c7eea92fd2b5) Importer(815301076,1909f56bfc062723c751e8b465ee728b)  -> (artifact id: '783a20581784e7c8cf6c38d2998f0b13') in 0.002093 seconds
Number of updated asset objects reloaded before import = 0
Number of asset objects unloaded after import = 6
========================================================================
Received Import Request.
  Time since last request: 0.000014 seconds.
  path: Assets/Models/_ThirdParty/polyperfect/Low Poly Ultimate Pack/M/- Meshes_M/Beach_M/sand-bucket.fbx
  artifactKey: Guid(3d4770f82ee5d493b82f92b980b683d6) Importer(815301076,1909f56bfc062723c751e8b465ee728b)
Start importing Assets/Models/_ThirdParty/polyperfect/Low Poly Ultimate Pack/M/- Meshes_M/Beach_M/sand-bucket.fbx using Guid(3d4770f82ee5d493b82f92b980b683d6) Importer(815301076,1909f56bfc062723c751e8b465ee728b)  -> (artifact id: '648eb8d1f47d4cffc3762e5df8a6084a') in 0.002011 seconds
Number of updated asset objects reloaded before import = 0
Number of asset objects unloaded after import = 6
========================================================================
Received Import Request.
  Time since last request: 0.000025 seconds.
  path: Assets/Models/_ThirdParty/polyperfect/Low Poly Ultimate Pack/T/- Meshes_T/Farm_T/scarecrow.fbx
  artifactKey: Guid(f6207a411df10429c91811fc33fa43a5) Importer(815301076,1909f56bfc062723c751e8b465ee728b)
Start importing Assets/Models/_ThirdParty/polyperfect/Low Poly Ultimate Pack/T/- Meshes_T/Farm_T/scarecrow.fbx using Guid(f6207a411df10429c91811fc33fa43a5) Importer(815301076,1909f56bfc062723c751e8b465ee728b)  -> (artifact id: '36997d38a3c221213f12ef5fd2e37a03') in 0.002790 seconds
Number of updated asset objects reloaded before import = 0
Number of asset objects unloaded after import = 6
========================================================================
Received Import Request.
  Time since last request: 0.000031 seconds.
  path: Assets/Models/_ThirdParty/polyperfect/Low Poly Ultimate Pack/T/- Meshes_T/Weapons_T/rocket-launcher.fbx
  artifactKey: Guid(c8c972b270536af44a82a417f16d4941) Importer(815301076,1909f56bfc062723c751e8b465ee728b)
Start importing Assets/Models/_ThirdParty/polyperfect/Low Poly Ultimate Pack/T/- Meshes_T/Weapons_T/rocket-launcher.fbx using Guid(c8c972b270536af44a82a417f16d4941) Importer(815301076,1909f56bfc062723c751e8b465ee728b)  -> (artifact id: '2fc482f10aa58fd27eb71efa3e8b51d9') in 0.001898 seconds
Number of updated asset objects reloaded before import = 0
Number of asset objects unloaded after import = 6
========================================================================
Received Import Request.
  Time since last request: 0.000011 seconds.
  path: Assets/Models/_ThirdParty/polyperfect/Low Poly Ultimate Pack/M/- Meshes_M/Weapons_M/rocket-launcher.fbx
  artifactKey: Guid(c12a62d58d0582446ae4ffa3364b243c) Importer(815301076,1909f56bfc062723c751e8b465ee728b)
Start importing Assets/Models/_ThirdParty/polyperfect/Low Poly Ultimate Pack/M/- Meshes_M/Weapons_M/rocket-launcher.fbx using Guid(c12a62d58d0582446ae4ffa3364b243c) Importer(815301076,1909f56bfc062723c751e8b465ee728b)  -> (artifact id: '262eab2c6e987cce15d76946022ec4cf') in 0.002291 seconds
Number of updated asset objects reloaded before import = 0
Number of asset objects unloaded after import = 6
========================================================================
Received Import Request.
  Time since last request: 0.000012 seconds.
  path: Assets/Models/_ThirdParty/polyperfect/Low Poly Ultimate Pack/T/- Meshes_T/Space_T/rocket-module.fbx
  artifactKey: Guid(5793aaa01309a44649e03c1551363401) Importer(815301076,1909f56bfc062723c751e8b465ee728b)
Start importing Assets/Models/_ThirdParty/polyperfect/Low Poly Ultimate Pack/T/- Meshes_T/Space_T/rocket-module.fbx using Guid(5793aaa01309a44649e03c1551363401) Importer(815301076,1909f56bfc062723c751e8b465ee728b)  -> (artifact id: '38913f3a06cfee46dfb4114494d6df0c') in 0.002817 seconds
Number of updated asset objects reloaded before import = 0
Number of asset objects unloaded after import = 6
========================================================================
Received Import Request.
  Time since last request: 0.215042 seconds.
  path: Assets/Models/_ThirdParty/polyperfect/Low Poly Ultimate Pack/M/- Meshes_M/Props_M/water-ride-cart.fbx
  artifactKey: Guid(97cd9dc6aea55bd498812582b2ee2c4f) Importer(815301076,1909f56bfc062723c751e8b465ee728b)
Start importing Assets/Models/_ThirdParty/polyperfect/Low Poly Ultimate Pack/M/- Meshes_M/Props_M/water-ride-cart.fbx using Guid(97cd9dc6aea55bd498812582b2ee2c4f) Importer(815301076,1909f56bfc062723c751e8b465ee728b)  -> (artifact id: '8ffecd43f2f97d7d2e553ec4ac4f41db') in 0.003285 seconds
Number of updated asset objects reloaded before import = 0
Number of asset objects unloaded after import = 6
========================================================================
Received Import Request.
  Time since last request: 0.000014 seconds.
  path: Assets/Models/_ThirdParty/polyperfect/Low Poly Ultimate Pack/M/- Meshes_M/People_M/Rigs_M/woman-casual_Rig.fbx
  artifactKey: Guid(1413122de1ab5d14ba9b5c99f91f477b) Importer(815301076,1909f56bfc062723c751e8b465ee728b)
Start importing Assets/Models/_ThirdParty/polyperfect/Low Poly Ultimate Pack/M/- Meshes_M/People_M/Rigs_M/woman-casual_Rig.fbx using Guid(1413122de1ab5d14ba9b5c99f91f477b) Importer(815301076,1909f56bfc062723c751e8b465ee728b)  -> (artifact id: 'cbe5ed10ffcfd2aa61404508045dafa2') in 0.004500 seconds
Number of updated asset objects reloaded before import = 0
Number of asset objects unloaded after import = 65
========================================================================
Received Import Request.
  Time since last request: 0.000015 seconds.
  path: Assets/Models/_ThirdParty/polyperfect/Low Poly Ultimate Pack/M/- Meshes_M/People_M/Rigs_M/woman-casual-pants_Rig.fbx
  artifactKey: Guid(f54d9917efbd4fa43a94b96657089bca) Importer(815301076,1909f56bfc062723c751e8b465ee728b)
Start importing Assets/Models/_ThirdParty/polyperfect/Low Poly Ultimate Pack/M/- Meshes_M/People_M/Rigs_M/woman-casual-pants_Rig.fbx using Guid(f54d9917efbd4fa43a94b96657089bca) Importer(815301076,1909f56bfc062723c751e8b465ee728b)  -> (artifact id: '4f44369f350891849f25375b74cde2ba') in 0.005659 seconds
Number of updated asset objects reloaded before import = 0
Number of asset objects unloaded after import = 65
========================================================================
Received Import Request.
  Time since last request: 0.000011 seconds.
  path: Assets/Models/_ThirdParty/polyperfect/Low Poly Ultimate Pack/T/- Meshes_T/People_T/Rigs_T/woman-casual_Rig.fbx
  artifactKey: Guid(6e553491cb7c7fe46af3676000d1d22e) Importer(815301076,1909f56bfc062723c751e8b465ee728b)
Start importing Assets/Models/_ThirdParty/polyperfect/Low Poly Ultimate Pack/T/- Meshes_T/People_T/Rigs_T/woman-casual_Rig.fbx using Guid(6e553491cb7c7fe46af3676000d1d22e) Importer(815301076,1909f56bfc062723c751e8b465ee728b)  -> (artifact id: '364e557a72f7bbebb77adcd66fbc08db') in 0.004215 seconds
Number of updated asset objects reloaded before import = 0
Number of asset objects unloaded after import = 65
========================================================================
Received Import Request.
  Time since last request: 0.293456 seconds.
  path: Assets/Models/_ThirdParty/polyperfect/Low Poly Ultimate Pack/T/- Meshes_T/People_T/Rigs_T/man-casual_Rig.fbx
  artifactKey: Guid(8d699ddfa1ec7c94cbdbaa8430197dbc) Importer(815301076,1909f56bfc062723c751e8b465ee728b)
Start importing Assets/Models/_ThirdParty/polyperfect/Low Poly Ultimate Pack/T/- Meshes_T/People_T/Rigs_T/man-casual_Rig.fbx using Guid(8d699ddfa1ec7c94cbdbaa8430197dbc) Importer(815301076,1909f56bfc062723c751e8b465ee728b)  -> (artifact id: '3082e7499544b52cba1d9ecce6aa0873') in 0.003513 seconds
Number of updated asset objects reloaded before import = 0
Number of asset objects unloaded after import = 65
========================================================================
Received Import Request.
  Time since last request: 0.000014 seconds.
  path: Assets/Models/_ThirdParty/polyperfect/Low Poly Ultimate Pack/T/- Meshes_T/Medieval_T/tower-castle_square.fbx
  artifactKey: Guid(e88194342ff8f43eca3907a881498074) Importer(815301076,1909f56bfc062723c751e8b465ee728b)
Start importing Assets/Models/_ThirdParty/polyperfect/Low Poly Ultimate Pack/T/- Meshes_T/Medieval_T/tower-castle_square.fbx using Guid(e88194342ff8f43eca3907a881498074) Importer(815301076,1909f56bfc062723c751e8b465ee728b)  -> (artifact id: '3663f3c1ada323bdf68242035f425a0d') in 0.002164 seconds
Number of updated asset objects reloaded before import = 0
Number of asset objects unloaded after import = 6
========================================================================
Received Import Request.
  Time since last request: 8.832321 seconds.
  path: Assets/Models/_ThirdParty/polyperfect/Low Poly Ultimate Pack/T/- Meshes_T/Music_T/pianino.fbx
  artifactKey: Guid(d49fe3c88a1886f48b13e33156f9b7ce) Importer(815301076,1909f56bfc062723c751e8b465ee728b)
Start importing Assets/Models/_ThirdParty/polyperfect/Low Poly Ultimate Pack/T/- Meshes_T/Music_T/pianino.fbx using Guid(d49fe3c88a1886f48b13e33156f9b7ce) Importer(815301076,1909f56bfc062723c751e8b465ee728b)  -> (artifact id: '762f248ce0fe0dc91be0eb97444a95e2') in 0.002662 seconds
Number of updated asset objects reloaded before import = 0
Number of asset objects unloaded after import = 6
========================================================================
Received Import Request.
  Time since last request: 0.000032 seconds.
  path: Assets/Models/_ThirdParty/polyperfect/Low Poly Ultimate Pack/M/- Meshes_M/Nature_M/Trees_M/tree-spruce-snow.fbx
  artifactKey: Guid(04241f67e85ecc94da5f9e65316de329) Importer(815301076,1909f56bfc062723c751e8b465ee728b)
Start importing Assets/Models/_ThirdParty/polyperfect/Low Poly Ultimate Pack/M/- Meshes_M/Nature_M/Trees_M/tree-spruce-snow.fbx using Guid(04241f67e85ecc94da5f9e65316de329) Importer(815301076,1909f56bfc062723c751e8b465ee728b)  -> (artifact id: '50ce64593b15a56e0a962e49ad393741') in 0.002785 seconds
Number of updated asset objects reloaded before import = 0
Number of asset objects unloaded after import = 6
========================================================================
Received Import Request.
  Time since last request: 0.000013 seconds.
  path: Assets/Models/_ThirdParty/polyperfect/Low Poly Ultimate Pack/M/- Meshes_M/Music_M/speaker-guitar-nocover.fbx
  artifactKey: Guid(233b51c5ac781e64f9ab86d48cfb0c5f) Importer(815301076,1909f56bfc062723c751e8b465ee728b)
Start importing Assets/Models/_ThirdParty/polyperfect/Low Poly Ultimate Pack/M/- Meshes_M/Music_M/speaker-guitar-nocover.fbx using Guid(233b51c5ac781e64f9ab86d48cfb0c5f) Importer(815301076,1909f56bfc062723c751e8b465ee728b)  -> (artifact id: 'bba422c156ac7b78faec193ca7f92353') in 0.003672 seconds
Number of updated asset objects reloaded before import = 0
Number of asset objects unloaded after import = 6
========================================================================
Received Import Request.
  Time since last request: 11.170912 seconds.
  path: Assets/Models/_ThirdParty/polyperfect/Low Poly Ultimate Pack/T/- Meshes_T/Nature_T/tree-baobab_orange.fbx
  artifactKey: Guid(62fe2640e94724aeb944b7e50a59a90d) Importer(815301076,1909f56bfc062723c751e8b465ee728b)
Start importing Assets/Models/_ThirdParty/polyperfect/Low Poly Ultimate Pack/T/- Meshes_T/Nature_T/tree-baobab_orange.fbx using Guid(62fe2640e94724aeb944b7e50a59a90d) Importer(815301076,1909f56bfc062723c751e8b465ee728b)  -> (artifact id: 'e3b2e09be6265475b0993bbe7c100c94') in 0.002420 seconds
Number of updated asset objects reloaded before import = 0
Number of asset objects unloaded after import = 6
========================================================================
Received Import Request.
  Time since last request: 0.000011 seconds.
  path: Assets/Models/_ThirdParty/polyperfect/Low Poly Ultimate Pack/T/- Meshes_T/Nature_T/tree-spruce_orange.fbx
  artifactKey: Guid(4e511afc4489e4e03b3acb493a4c5eee) Importer(815301076,1909f56bfc062723c751e8b465ee728b)
Start importing Assets/Models/_ThirdParty/polyperfect/Low Poly Ultimate Pack/T/- Meshes_T/Nature_T/tree-spruce_orange.fbx using Guid(4e511afc4489e4e03b3acb493a4c5eee) Importer(815301076,1909f56bfc062723c751e8b465ee728b)  -> (artifact id: '71b2a4321c5b673c11b4a58c7bf34d2d') in 0.003157 seconds
Number of updated asset objects reloaded before import = 0
Number of asset objects unloaded after import = 6
========================================================================
Received Import Request.
  Time since last request: 0.000016 seconds.
  path: Assets/Models/_ThirdParty/polyperfect/Low Poly Ultimate Pack/T/- Meshes_T/Nature_T/tree-conifer_orange.fbx
  artifactKey: Guid(30bc7a741457b4cae80b154620dd52bc) Importer(815301076,1909f56bfc062723c751e8b465ee728b)
Start importing Assets/Models/_ThirdParty/polyperfect/Low Poly Ultimate Pack/T/- Meshes_T/Nature_T/tree-conifer_orange.fbx using Guid(30bc7a741457b4cae80b154620dd52bc) Importer(815301076,1909f56bfc062723c751e8b465ee728b)  -> (artifact id: '8fbfa880eec0327d06efce1a4812e928') in 0.003271 seconds
Number of updated asset objects reloaded before import = 0
Number of asset objects unloaded after import = 6
========================================================================
Received Import Request.
  Time since last request: 0.000048 seconds.
  path: Assets/Models/_ThirdParty/polyperfect/Low Poly Ultimate Pack/T/- Meshes_T/Nature_T/tree-elipse_orange.fbx
  artifactKey: Guid(96ce37a814d77448e991282428fcaf54) Importer(815301076,1909f56bfc062723c751e8b465ee728b)
Start importing Assets/Models/_ThirdParty/polyperfect/Low Poly Ultimate Pack/T/- Meshes_T/Nature_T/tree-elipse_orange.fbx using Guid(96ce37a814d77448e991282428fcaf54) Importer(815301076,1909f56bfc062723c751e8b465ee728b)  -> (artifact id: 'fb270eb897988d0a3ed2b044db406a0b') in 0.002386 seconds
Number of updated asset objects reloaded before import = 0
Number of asset objects unloaded after import = 6
========================================================================
Received Import Request.
  Time since last request: 0.000015 seconds.
  path: Assets/Models/_ThirdParty/polyperfect/Low Poly Ultimate Pack/T/- Meshes_T/Nature_T/tree-tall_orange.fbx
  artifactKey: Guid(26064fbce9e824a5e9e5872d30e75aa5) Importer(815301076,1909f56bfc062723c751e8b465ee728b)
Start importing Assets/Models/_ThirdParty/polyperfect/Low Poly Ultimate Pack/T/- Meshes_T/Nature_T/tree-tall_orange.fbx using Guid(26064fbce9e824a5e9e5872d30e75aa5) Importer(815301076,1909f56bfc062723c751e8b465ee728b)  -> (artifact id: 'c55ae076ea22d265b31a95f1c64596b1') in 0.001952 seconds
Number of updated asset objects reloaded before import = 0
Number of asset objects unloaded after import = 6
========================================================================
Received Import Request.
  Time since last request: 0.517686 seconds.
  path: Assets/Models/_ThirdParty/polyperfect/Low Poly Ultimate Pack/M/- Meshes_M/Sport_M/soccer-gate.fbx
  artifactKey: Guid(4eac5567bfa5f47eb858c14971850f01) Importer(815301076,1909f56bfc062723c751e8b465ee728b)
Start importing Assets/Models/_ThirdParty/polyperfect/Low Poly Ultimate Pack/M/- Meshes_M/Sport_M/soccer-gate.fbx using Guid(4eac5567bfa5f47eb858c14971850f01) Importer(815301076,1909f56bfc062723c751e8b465ee728b)  -> (artifact id: 'd74e0c9e77bebd12ff13dc6ecb33fd0c') in 0.002478 seconds
Number of updated asset objects reloaded before import = 0
Number of asset objects unloaded after import = 6
========================================================================
Received Import Request.
  Time since last request: 8.935048 seconds.
  path: Assets/Models/_ThirdParty/polyperfect/Low Poly Ultimate Pack/T/- Meshes_T/India_T/gate-india.fbx
  artifactKey: Guid(2135f2bd2d4b76b4d8e9178b86624eec) Importer(815301076,1909f56bfc062723c751e8b465ee728b)
Start importing Assets/Models/_ThirdParty/polyperfect/Low Poly Ultimate Pack/T/- Meshes_T/India_T/gate-india.fbx using Guid(2135f2bd2d4b76b4d8e9178b86624eec) Importer(815301076,1909f56bfc062723c751e8b465ee728b)  -> (artifact id: 'd9c0852bf5727ac822f302094430e9d3') in 0.002759 seconds
Number of updated asset objects reloaded before import = 0
Number of asset objects unloaded after import = 6
========================================================================
Received Import Request.
  Time since last request: 0.013771 seconds.
  path: Assets/Models/_ThirdParty/polyperfect/Low Poly Ultimate Pack/T/- Meshes_T/Resources_T/gear-wheel.fbx
  artifactKey: Guid(a191e633cd6454f4e93284a648a6e480) Importer(815301076,1909f56bfc062723c751e8b465ee728b)
Start importing Assets/Models/_ThirdParty/polyperfect/Low Poly Ultimate Pack/T/- Meshes_T/Resources_T/gear-wheel.fbx using Guid(a191e633cd6454f4e93284a648a6e480) Importer(815301076,1909f56bfc062723c751e8b465ee728b)  -> (artifact id: '2aac19ba1a48a2771dd46aab498f1ed0') in 0.001975 seconds
Number of updated asset objects reloaded before import = 0
Number of asset objects unloaded after import = 6
========================================================================
Received Import Request.
  Time since last request: 55.676805 seconds.
  path: Assets/Models/_ThirdParty/polyperfect/Low Poly Ultimate Pack/M/- Meshes_M/Weapons_M/dynamite.fbx
  artifactKey: Guid(6f039857367c645578b3a0ffc7db0b52) Importer(815301076,1909f56bfc062723c751e8b465ee728b)
Start importing Assets/Models/_ThirdParty/polyperfect/Low Poly Ultimate Pack/M/- Meshes_M/Weapons_M/dynamite.fbx using Guid(6f039857367c645578b3a0ffc7db0b52) Importer(815301076,1909f56bfc062723c751e8b465ee728b)  -> (artifact id: '0f8528fb71bf0fd288fc494042b2aed5') in 0.002927 seconds
Number of updated asset objects reloaded before import = 0
Number of asset objects unloaded after import = 6
========================================================================
Received Import Request.
  Time since last request: 0.000014 seconds.
  path: Assets/Models/_ThirdParty/polyperfect/Low Poly Ultimate Pack/T/- Meshes_T/Fantasy_T/dungeon-wall-window-middle-stone.fbx
  artifactKey: Guid(7df1f563ff62d4973bf376e3bdce0eef) Importer(815301076,1909f56bfc062723c751e8b465ee728b)
Start importing Assets/Models/_ThirdParty/polyperfect/Low Poly Ultimate Pack/T/- Meshes_T/Fantasy_T/dungeon-wall-window-middle-stone.fbx using Guid(7df1f563ff62d4973bf376e3bdce0eef) Importer(815301076,1909f56bfc062723c751e8b465ee728b)  -> (artifact id: '846cd413d24a5252baffa023d89b7695') in 0.002517 seconds
Number of updated asset objects reloaded before import = 0
Number of asset objects unloaded after import = 6
========================================================================
Received Import Request.
  Time since last request: 0.689380 seconds.
  path: Assets/Models/_ThirdParty/polyperfect/Low Poly Ultimate Pack/T/- Meshes_T/Props_T/dumpster.fbx
  artifactKey: Guid(7466342c837dcd441a1adf1cdd00d8ef) Importer(815301076,1909f56bfc062723c751e8b465ee728b)
Start importing Assets/Models/_ThirdParty/polyperfect/Low Poly Ultimate Pack/T/- Meshes_T/Props_T/dumpster.fbx using Guid(7466342c837dcd441a1adf1cdd00d8ef) Importer(815301076,1909f56bfc062723c751e8b465ee728b)  -> (artifact id: 'aa2f6bb38dd49739b3f373565504896f') in 0.002437 seconds
Number of updated asset objects reloaded before import = 0
Number of asset objects unloaded after import = 6
========================================================================
Received Import Request.
  Time since last request: 0.270745 seconds.
  path: Assets/Models/_ThirdParty/polyperfect/Low Poly Ultimate Pack/M/- Meshes_M/Music_M/drum-bass.fbx
  artifactKey: Guid(28f17e558cc60384aa4c0ddd249cf052) Importer(815301076,1909f56bfc062723c751e8b465ee728b)
Start importing Assets/Models/_ThirdParty/polyperfect/Low Poly Ultimate Pack/M/- Meshes_M/Music_M/drum-bass.fbx using Guid(28f17e558cc60384aa4c0ddd249cf052) Importer(815301076,1909f56bfc062723c751e8b465ee728b)  -> (artifact id: '65986613b551c85f4a3c227296acc46b') in 0.002075 seconds
Number of updated asset objects reloaded before import = 0
Number of asset objects unloaded after import = 6
========================================================================
Received Import Request.
  Time since last request: 0.000016 seconds.
  path: Assets/Models/_ThirdParty/polyperfect/Low Poly Ultimate Pack/M/- Meshes_M/Survival_M/drugs.fbx
  artifactKey: Guid(86babb69447884a85b1b4a063ef5693f) Importer(815301076,1909f56bfc062723c751e8b465ee728b)
Start importing Assets/Models/_ThirdParty/polyperfect/Low Poly Ultimate Pack/M/- Meshes_M/Survival_M/drugs.fbx using Guid(86babb69447884a85b1b4a063ef5693f) Importer(815301076,1909f56bfc062723c751e8b465ee728b)  -> (artifact id: 'c2ab275cae136355a757e0cd02811e59') in 0.003570 seconds
Number of updated asset objects reloaded before import = 0
Number of asset objects unloaded after import = 6
========================================================================
Received Import Request.
  Time since last request: 0.945890 seconds.
  path: Assets/Models/_ThirdParty/polyperfect/Low Poly Ultimate Pack/T/- Meshes_T/Buildings_T/Parts_T/door-house-window.fbx
  artifactKey: Guid(c5d75261150434c619b4289db0cc614a) Importer(815301076,1909f56bfc062723c751e8b465ee728b)
Start importing Assets/Models/_ThirdParty/polyperfect/Low Poly Ultimate Pack/T/- Meshes_T/Buildings_T/Parts_T/door-house-window.fbx using Guid(c5d75261150434c619b4289db0cc614a) Importer(815301076,1909f56bfc062723c751e8b465ee728b)  -> (artifact id: '56d8d0a241263ea15e31e9c78809d866') in 0.002866 seconds
Number of updated asset objects reloaded before import = 0
Number of asset objects unloaded after import = 6
========================================================================
Received Import Request.
  Time since last request: 0.000015 seconds.
  path: Assets/Models/_ThirdParty/polyperfect/Low Poly Ultimate Pack/T/- Meshes_T/Food_T/drink-coconut.fbx
  artifactKey: Guid(319658413f5ef0c4ba1055515f823f7f) Importer(815301076,1909f56bfc062723c751e8b465ee728b)
Start importing Assets/Models/_ThirdParty/polyperfect/Low Poly Ultimate Pack/T/- Meshes_T/Food_T/drink-coconut.fbx using Guid(319658413f5ef0c4ba1055515f823f7f) Importer(815301076,1909f56bfc062723c751e8b465ee728b)  -> (artifact id: '375f5ccd4869ba3081d9d81c8f2e0e9e') in 0.001965 seconds
Number of updated asset objects reloaded before import = 0
Number of asset objects unloaded after import = 6
========================================================================
Received Import Request.
  Time since last request: 0.000013 seconds.
  path: Assets/Models/_ThirdParty/polyperfect/Low Poly Ultimate Pack/M/- Meshes_M/Fantasy_M/door-prison.fbx
  artifactKey: Guid(2700a1d33a039462e978cacfedba3feb) Importer(815301076,1909f56bfc062723c751e8b465ee728b)
Start importing Assets/Models/_ThirdParty/polyperfect/Low Poly Ultimate Pack/M/- Meshes_M/Fantasy_M/door-prison.fbx using Guid(2700a1d33a039462e978cacfedba3feb) Importer(815301076,1909f56bfc062723c751e8b465ee728b)  -> (artifact id: '28cde5dd12c511a26347311c2fba8d8b') in 0.002125 seconds
Number of updated asset objects reloaded before import = 0
Number of asset objects unloaded after import = 6
========================================================================
Received Import Request.
  Time since last request: 0.036451 seconds.
  path: Assets/RomanCityPack1Lite/Models/Roman/roman_wall_4.fbx
  artifactKey: Guid(dddcce01598a643e9a2460ef2988ed00) Importer(815301076,1909f56bfc062723c751e8b465ee728b)
Start importing Assets/RomanCityPack1Lite/Models/Roman/roman_wall_4.fbx using Guid(dddcce01598a643e9a2460ef2988ed00) Importer(815301076,1909f56bfc062723c751e8b465ee728b)  -> (artifact id: '84ac2856a3b8a8d482f3bcfc3361d5d8') in 0.002294 seconds
Number of updated asset objects reloaded before import = 0
Number of asset objects unloaded after import = 7
========================================================================
Received Import Request.
  Time since last request: 0.000017 seconds.
  path: Assets/RomanCityPack1Lite/Models/Roman/Optimized/roman_wall_window_4.fbx
  artifactKey: Guid(f570a44260cf04795b042782f476671b) Importer(815301076,1909f56bfc062723c751e8b465ee728b)
Start importing Assets/RomanCityPack1Lite/Models/Roman/Optimized/roman_wall_window_4.fbx using Guid(f570a44260cf04795b042782f476671b) Importer(815301076,1909f56bfc062723c751e8b465ee728b)  -> (artifact id: '35b3ed747daa03b68b04ca5f05cc1203') in 0.003256 seconds
Number of updated asset objects reloaded before import = 0
Number of asset objects unloaded after import = 7
Editor requested this worker to shutdown with reason: Scaling down because of idle timeout
TcpMessagingSession - receive error: operation aborted. errorcode: 995, details: L’opération d’entrée/sortie a été abandonnée en raison de l’arrêt d’un thread ou à la demande d’une application.
AssetImportWorker is now disconnected from the server
Process exiting
Exiting without the bug reporter. Application will terminate with return code 0