Using pre-set license
Built from '2022.3/release' branch; Version is '2022.3.5f1 (9674261d40ee) revision 9860134'; Using compiler version '192829333'; Build Type 'Release'
OS: 'Windows 10  (10.0.19045) 64bit Core' Language: 'fr' Physical Memory: 16152 MB
BatchMode: 1, IsHumanControllingUs: 0, StartBugReporterOnCrash: 0, Is64bit: 1, IsPro: 1

COMMAND LINE ARGUMENTS:
C:\Program Files\Unity\Hub\Editor\2022.3.5f1\Editor\Unity.exe
-adb2
-batchMode
-noUpm
-name
AssetImportWorker8
-projectPath
C:/Users/Simon/Documents/Cours/GameCoder/Unity3D/_PROJET_3/InfiniteRunner
-logFile
Logs/AssetImportWorker8.log
-srvPort
54220
Successfully changed project path to: C:/Users/Simon/Documents/Cours/GameCoder/Unity3D/_PROJET_3/InfiniteRunner
C:/Users/Simon/Documents/Cours/GameCoder/Unity3D/_PROJET_3/InfiniteRunner
[UnityMemory] Configuration Parameters - Can be set up in boot.config
    "memorysetup-bucket-allocator-granularity=16"
    "memorysetup-bucket-allocator-bucket-count=8"
    "memorysetup-bucket-allocator-block-size=33554432"
    "memorysetup-bucket-allocator-block-count=8"
    "memorysetup-main-allocator-block-size=16777216"
    "memorysetup-thread-allocator-block-size=16777216"
    "memorysetup-gfx-main-allocator-block-size=16777216"
    "memorysetup-gfx-thread-allocator-block-size=16777216"
    "memorysetup-cache-allocator-block-size=4194304"
    "memorysetup-typetree-allocator-block-size=2097152"
    "memorysetup-profiler-bucket-allocator-granularity=16"
    "memorysetup-profiler-bucket-allocator-bucket-count=8"
    "memorysetup-profiler-bucket-allocator-block-size=33554432"
    "memorysetup-profiler-bucket-allocator-block-count=8"
    "memorysetup-profiler-allocator-block-size=16777216"
    "memorysetup-profiler-editor-allocator-block-size=1048576"
    "memorysetup-temp-allocator-size-main=16777216"
    "memorysetup-job-temp-allocator-block-size=2097152"
    "memorysetup-job-temp-allocator-block-size-background=1048576"
    "memorysetup-job-temp-allocator-reduction-small-platforms=262144"
    "memorysetup-allocator-temp-initial-block-size-main=262144"
    "memorysetup-allocator-temp-initial-block-size-worker=262144"
    "memorysetup-temp-allocator-size-background-worker=32768"
    "memorysetup-temp-allocator-size-job-worker=262144"
    "memorysetup-temp-allocator-size-preload-manager=33554432"
    "memorysetup-temp-allocator-size-nav-mesh-worker=65536"
    "memorysetup-temp-allocator-size-audio-worker=65536"
    "memorysetup-temp-allocator-size-cloud-worker=32768"
    "memorysetup-temp-allocator-size-gi-baking-worker=262144"
    "memorysetup-temp-allocator-size-gfx=262144"
Player connection [26236] Host "[IP] 192.168.1.37 [Port] 0 [Flags] 2 [Guid] 1583241608 [EditorId] 1583241608 [Version] 1048832 [Id] WindowsEditor(7,DESKTOP-GLC01VO) [Debug] 1 [PackageName] WindowsEditor [ProjectName] Editor" joined multi-casting on [225.0.0.222:54997]...

Player connection [26236] Host "[IP] 192.168.1.37 [Port] 0 [Flags] 2 [Guid] 1583241608 [EditorId] 1583241608 [Version] 1048832 [Id] WindowsEditor(7,DESKTOP-GLC01VO) [Debug] 1 [PackageName] WindowsEditor [ProjectName] Editor" joined alternative multi-casting on [225.0.0.222:34997]...

Refreshing native plugins compatible for Editor in 17.14 ms, found 4 plugins.
Preloading 0 native plugins for Editor in 0.00 ms.
Initialize engine version: 2022.3.5f1 (9674261d40ee)
[Subsystems] Discovering subsystems at path C:/Program Files/Unity/Hub/Editor/2022.3.5f1/Editor/Data/Resources/UnitySubsystems
[Subsystems] Discovering subsystems at path C:/Users/Simon/Documents/Cours/GameCoder/Unity3D/_PROJET_3/InfiniteRunner/Assets
GfxDevice: creating device client; threaded=0; jobified=0
Direct3D:
    Version:  Direct3D 11.0 [level 11.1]
    Renderer: NVIDIA GeForce RTX 3070 Laptop GPU (ID=0x24dd)
    Vendor:   NVIDIA
    VRAM:     8044 MB
    Driver:   30.0.15.1278
Initialize mono
Mono path[0] = 'C:/Program Files/Unity/Hub/Editor/2022.3.5f1/Editor/Data/Managed'
Mono path[1] = 'C:/Program Files/Unity/Hub/Editor/2022.3.5f1/Editor/Data/MonoBleedingEdge/lib/mono/unityjit-win32'
Mono config path = 'C:/Program Files/Unity/Hub/Editor/2022.3.5f1/Editor/Data/MonoBleedingEdge/etc'
Using monoOptions --debugger-agent=transport=dt_socket,embedding=1,server=y,suspend=n,address=127.0.0.1:56844
Begin MonoManager ReloadAssembly
Registering precompiled unity dll's ...
Register platform support module: C:/Program Files/Unity/Hub/Editor/2022.3.5f1/Editor/Data/PlaybackEngines/AndroidPlayer/UnityEditor.Android.Extensions.dll
Register platform support module: C:/Program Files/Unity/Hub/Editor/2022.3.5f1/Editor/Data/PlaybackEngines/WindowsStandaloneSupport/UnityEditor.WindowsStandalone.Extensions.dll
Registered in 0.013946 seconds.
- Loaded All Assemblies, in  0.371 seconds
Native extension for WindowsStandalone target not found
Native extension for Android target not found
Android Extension - Scanning For ADB Devices 446 ms
Mono: successfully reloaded assembly
- Finished resetting the current domain, in  0.786 seconds
Domain Reload Profiling: 1155ms
	BeginReloadAssembly (94ms)
		ExecutionOrderSort (0ms)
		DisableScriptedObjects (0ms)
		BackupInstance (0ms)
		ReleaseScriptingObjects (0ms)
		CreateAndSetChildDomain (1ms)
	RebuildCommonClasses (35ms)
	RebuildNativeTypeToScriptingClass (10ms)
	initialDomainReloadingComplete (73ms)
	LoadAllAssembliesAndSetupDomain (156ms)
		LoadAssemblies (91ms)
		RebuildTransferFunctionScriptingTraits (0ms)
		AnalyzeDomain (146ms)
			TypeCache.Refresh (145ms)
				TypeCache.ScanAssembly (133ms)
			ScanForSourceGeneratedMonoScriptInfo (0ms)
			ResolveRequiredComponents (0ms)
	FinalizeReload (787ms)
		ReleaseScriptCaches (0ms)
		RebuildScriptCaches (0ms)
		SetupLoadedEditorAssemblies (729ms)
			LogAssemblyErrors (0ms)
			InitializePlatformSupportModulesInManaged (575ms)
			SetLoadedEditorAssemblies (4ms)
			RefreshPlugins (0ms)
			BeforeProcessingInitializeOnLoad (2ms)
			ProcessInitializeOnLoadAttributes (96ms)
			ProcessInitializeOnLoadMethodAttributes (52ms)
			AfterProcessingInitializeOnLoad (0ms)
			EditorAssembliesLoaded (0ms)
		ExecutionOrderSort2 (0ms)
		AwakeInstancesAfterBackupRestoration (0ms)
========================================================================
Worker process is ready to serve import requests
Begin MonoManager ReloadAssembly
Symbol file LoadedFromMemory doesn't match image C:\Users\Simon\Documents\Cours\GameCoder\Unity3D\_PROJET_3\InfiniteRunner\Library\PackageCache\com.unity.visualscripting@1.8.0\Editor\VisualScripting.Core\Dependencies\YamlDotNet\Unity.VisualScripting.YamlDotNet.dll
Symbol file LoadedFromMemory doesn't match image C:\Users\Simon\Documents\Cours\GameCoder\Unity3D\_PROJET_3\InfiniteRunner\Library\PackageCache\com.unity.visualscripting@1.8.0\Editor\VisualScripting.Core\Dependencies\DotNetZip\Unity.VisualScripting.IonicZip.dll
Symbol file LoadedFromMemory is not a mono symbol file
- Loaded All Assemblies, in  0.994 seconds
Refreshing native plugins compatible for Editor in 11.79 ms, found 4 plugins.
Native extension for WindowsStandalone target not found
Native extension for Android target not found
Mono: successfully reloaded assembly
- Finished resetting the current domain, in  0.711 seconds
Domain Reload Profiling: 1698ms
	BeginReloadAssembly (141ms)
		ExecutionOrderSort (0ms)
		DisableScriptedObjects (6ms)
		BackupInstance (0ms)
		ReleaseScriptingObjects (0ms)
		CreateAndSetChildDomain (23ms)
	RebuildCommonClasses (38ms)
	RebuildNativeTypeToScriptingClass (10ms)
	initialDomainReloadingComplete (56ms)
	LoadAllAssembliesAndSetupDomain (742ms)
		LoadAssemblies (371ms)
		RebuildTransferFunctionScriptingTraits (0ms)
		AnalyzeDomain (423ms)
			TypeCache.Refresh (381ms)
				TypeCache.ScanAssembly (362ms)
			ScanForSourceGeneratedMonoScriptInfo (29ms)
			ResolveRequiredComponents (13ms)
	FinalizeReload (711ms)
		ReleaseScriptCaches (0ms)
		RebuildScriptCaches (0ms)
		SetupLoadedEditorAssemblies (526ms)
			LogAssemblyErrors (0ms)
			InitializePlatformSupportModulesInManaged (28ms)
			SetLoadedEditorAssemblies (4ms)
			RefreshPlugins (0ms)
			BeforeProcessingInitializeOnLoad (106ms)
			ProcessInitializeOnLoadAttributes (307ms)
			ProcessInitializeOnLoadMethodAttributes (69ms)
			AfterProcessingInitializeOnLoad (12ms)
			EditorAssembliesLoaded (0ms)
		ExecutionOrderSort2 (0ms)
		AwakeInstancesAfterBackupRestoration (11ms)
Launched and connected shader compiler UnityShaderCompiler.exe after 0.06 seconds
Refreshing native plugins compatible for Editor in 7.54 ms, found 4 plugins.
Preloading 0 native plugins for Editor in 0.00 ms.
Unloading 5274 Unused Serialized files (Serialized files now loaded: 0)
Unloading 71 unused Assets / (352.1 KB). Loaded Objects now: 5739.
Memory consumption went from 226.0 MB to 225.6 MB.
Total: 3.672900 ms (FindLiveObjects: 0.354900 ms CreateObjectMapping: 0.410500 ms MarkObjects: 2.731100 ms  DeleteObjects: 0.175700 ms)

AssetImportParameters requested are different than current active one (requested -> active):
  custom:container-demuxer-ogg: 62fdf1f143b41e24485cea50d1cbac27 -> 
  custom:video-decoder-ogg-theora: a1e56fd34408186e4bbccfd4996cb3dc -> 
  custom:framework-win-MediaFoundation: 216162199b28c13a410421893ffa2e32 -> 
  custom:CustomObjectIndexerAttribute: a3ef5dd2817f97addfee359851a9dba5 -> 
  custom:container-demuxer-webm: 4f35f7cbe854078d1ac9338744f61a02 -> 
  custom:container-muxer-webm: aa71ff27fc2769a1b78a27578f13a17b -> 
  custom:video-decoder-webm-vp8: 9c59270c3fd7afecdb556c50c9e8de78 -> 
  custom:AudioImporter_EditorPlatform: d09bf68614088b80899f8185d706f6e7 -> 
  custom:video-encoder-webm-vp8: eb34c28f22e8b96e1ab97ce403110664 -> 
  custom:audio-decoder-ogg-vorbis: bf7c407c2cedff20999df2af8eb42d56 -> 
  custom:audio-encoder-webm-vorbis: bf7c407c2cedff20999df2af8eb42d56 -> 
========================================================================
Received Import Request.
  Time since last request: 20921.784760 seconds.
  path: Assets/Prefabs/LevelsObstacles/Egypt/egypt_obstacle_gateCenterBottom.prefab
  artifactKey: Guid(f3c329c9e6c6cdb448db7410191b0859) Importer(815301076,1909f56bfc062723c751e8b465ee728b)
Start importing Assets/Prefabs/LevelsObstacles/Egypt/egypt_obstacle_gateCenterBottom.prefab using Guid(f3c329c9e6c6cdb448db7410191b0859) Importer(815301076,1909f56bfc062723c751e8b465ee728b)  -> (artifact id: '9118af05b2c9f5208d850408753fa2b1') in 0.100534 seconds
Number of updated asset objects reloaded before import = 0
Number of asset objects unloaded after import = 2809
========================================================================
Received Import Request.
  Time since last request: 7.067985 seconds.
  path: Assets/Prefabs/LevelsObstacles/Egypt/egypt_obstacle_gateCenterBottom.prefab
  artifactKey: Guid(f3c329c9e6c6cdb448db7410191b0859) Importer(815301076,1909f56bfc062723c751e8b465ee728b)
Start importing Assets/Prefabs/LevelsObstacles/Egypt/egypt_obstacle_gateCenterBottom.prefab using Guid(f3c329c9e6c6cdb448db7410191b0859) Importer(815301076,1909f56bfc062723c751e8b465ee728b)  -> (artifact id: '873f25ae3ce98af9a703e425fa7e1bb1') in 0.045570 seconds
Number of updated asset objects reloaded before import = 0
Number of asset objects unloaded after import = 2809
========================================================================
Received Import Request.
  Time since last request: 0.000043 seconds.
  path: Assets/Prefabs/LevelsObstacles/Egypt/egypt_obstacle_left.prefab
  artifactKey: Guid(b8724bf22aadc574aa2512d2c5737c0f) Importer(815301076,1909f56bfc062723c751e8b465ee728b)
Start importing Assets/Prefabs/LevelsObstacles/Egypt/egypt_obstacle_left.prefab using Guid(b8724bf22aadc574aa2512d2c5737c0f) Importer(815301076,1909f56bfc062723c751e8b465ee728b)  -> (artifact id: '47b43446800a7e98c8c5ccd35f0b5e90') in 0.060706 seconds
Number of updated asset objects reloaded before import = 0
Number of asset objects unloaded after import = 5064
========================================================================
Received Import Request.
  Time since last request: 2.893474 seconds.
  path: Assets/Prefabs/LevelsObstacles/Egypt/egypt_obstacle_gateCenterBottom.prefab
  artifactKey: Guid(f3c329c9e6c6cdb448db7410191b0859) Importer(815301076,1909f56bfc062723c751e8b465ee728b)
Start importing Assets/Prefabs/LevelsObstacles/Egypt/egypt_obstacle_gateCenterBottom.prefab using Guid(f3c329c9e6c6cdb448db7410191b0859) Importer(815301076,1909f56bfc062723c751e8b465ee728b)  -> (artifact id: '3005ca70e5c9277c6643d3e95af473dc') in 0.041362 seconds
Number of updated asset objects reloaded before import = 0
Number of asset objects unloaded after import = 2809
========================================================================
Received Import Request.
  Time since last request: 0.000017 seconds.
  path: Assets/Prefabs/LevelsObstacles/Egypt/egypt_obstacle_left.prefab
  artifactKey: Guid(b8724bf22aadc574aa2512d2c5737c0f) Importer(815301076,1909f56bfc062723c751e8b465ee728b)
Start importing Assets/Prefabs/LevelsObstacles/Egypt/egypt_obstacle_left.prefab using Guid(b8724bf22aadc574aa2512d2c5737c0f) Importer(815301076,1909f56bfc062723c751e8b465ee728b)  -> (artifact id: 'e0ade747cefca56b86bd26449d48eafa') in 0.056332 seconds
Number of updated asset objects reloaded before import = 0
Number of asset objects unloaded after import = 5064
========================================================================
Received Import Request.
  Time since last request: 3.179614 seconds.
  path: Assets/Prefabs/LevelsObstacles/Egypt/egypt_obstacle_gateCenterBottom.prefab
  artifactKey: Guid(f3c329c9e6c6cdb448db7410191b0859) Importer(815301076,1909f56bfc062723c751e8b465ee728b)
Start importing Assets/Prefabs/LevelsObstacles/Egypt/egypt_obstacle_gateCenterBottom.prefab using Guid(f3c329c9e6c6cdb448db7410191b0859) Importer(815301076,1909f56bfc062723c751e8b465ee728b)  -> (artifact id: 'a79531529148f6e880e95f8d453aab96') in 0.043462 seconds
Number of updated asset objects reloaded before import = 0
Number of asset objects unloaded after import = 2809
========================================================================
Received Import Request.
  Time since last request: 0.000021 seconds.
  path: Assets/Prefabs/LevelsObstacles/Egypt/egypt_obstacle_left.prefab
  artifactKey: Guid(b8724bf22aadc574aa2512d2c5737c0f) Importer(815301076,1909f56bfc062723c751e8b465ee728b)
Start importing Assets/Prefabs/LevelsObstacles/Egypt/egypt_obstacle_left.prefab using Guid(b8724bf22aadc574aa2512d2c5737c0f) Importer(815301076,1909f56bfc062723c751e8b465ee728b)  -> (artifact id: 'c7cb722c9f8d06837bc1613e31eb09b8') in 0.059361 seconds
Number of updated asset objects reloaded before import = 0
Number of asset objects unloaded after import = 5064
========================================================================
Received Import Request.
  Time since last request: 3.791813 seconds.
  path: Assets/Prefabs/LevelsObstacles/Egypt/egypt_obstacle_gateCenterBottom.prefab
  artifactKey: Guid(f3c329c9e6c6cdb448db7410191b0859) Importer(815301076,1909f56bfc062723c751e8b465ee728b)
Start importing Assets/Prefabs/LevelsObstacles/Egypt/egypt_obstacle_gateCenterBottom.prefab using Guid(f3c329c9e6c6cdb448db7410191b0859) Importer(815301076,1909f56bfc062723c751e8b465ee728b)  -> (artifact id: '430099fb4cb9905782b05e1bc780413b') in 0.037269 seconds
Number of updated asset objects reloaded before import = 0
Number of asset objects unloaded after import = 2809
========================================================================
Received Import Request.
  Time since last request: 0.000019 seconds.
  path: Assets/Prefabs/LevelsObstacles/Egypt/egypt_obstacle_trap.prefab
  artifactKey: Guid(5765913c5690d4a44b859a1cc51e3a2f) Importer(815301076,1909f56bfc062723c751e8b465ee728b)
Start importing Assets/Prefabs/LevelsObstacles/Egypt/egypt_obstacle_trap.prefab using Guid(5765913c5690d4a44b859a1cc51e3a2f) Importer(815301076,1909f56bfc062723c751e8b465ee728b)  -> (artifact id: '380e895ab525a98b6be963ec550eb6fd') in 0.029004 seconds
Number of updated asset objects reloaded before import = 0
Number of asset objects unloaded after import = 1696
========================================================================
Received Import Request.
  Time since last request: 3.685318 seconds.
  path: Assets/Prefabs/LevelsObstacles/Egypt/egypt_obstacle_gateCenterBottom.prefab
  artifactKey: Guid(f3c329c9e6c6cdb448db7410191b0859) Importer(815301076,1909f56bfc062723c751e8b465ee728b)
Start importing Assets/Prefabs/LevelsObstacles/Egypt/egypt_obstacle_gateCenterBottom.prefab using Guid(f3c329c9e6c6cdb448db7410191b0859) Importer(815301076,1909f56bfc062723c751e8b465ee728b)  -> (artifact id: '361f45f52a0b5458e0da745f4a81d9e0') in 0.046615 seconds
Number of updated asset objects reloaded before import = 0
Number of asset objects unloaded after import = 2809
========================================================================
Received Import Request.
  Time since last request: 0.000024 seconds.
  path: Assets/Prefabs/LevelsObstacles/Egypt/egypt_obstacle_left.prefab
  artifactKey: Guid(b8724bf22aadc574aa2512d2c5737c0f) Importer(815301076,1909f56bfc062723c751e8b465ee728b)
Start importing Assets/Prefabs/LevelsObstacles/Egypt/egypt_obstacle_left.prefab using Guid(b8724bf22aadc574aa2512d2c5737c0f) Importer(815301076,1909f56bfc062723c751e8b465ee728b)  -> (artifact id: '199fe496d1176b63f3eea52dca1f7ee9') in 0.058121 seconds
Number of updated asset objects reloaded before import = 0
Number of asset objects unloaded after import = 5063
========================================================================
Received Import Request.
  Time since last request: 122.402306 seconds.
  path: Assets/Prefabs/LevelsObstacles/Medieval/medieval_obstacle_gateCenterBottom.prefab
  artifactKey: Guid(ed1356ce8ca8dd94993146b8a7cc3e05) Importer(815301076,1909f56bfc062723c751e8b465ee728b)
Start importing Assets/Prefabs/LevelsObstacles/Medieval/medieval_obstacle_gateCenterBottom.prefab using Guid(ed1356ce8ca8dd94993146b8a7cc3e05) Importer(815301076,1909f56bfc062723c751e8b465ee728b)  -> (artifact id: '7f0976a9a49b6979cc23dc48caefcb5c') in 0.044748 seconds
Number of updated asset objects reloaded before import = 0
Number of asset objects unloaded after import = 2605
========================================================================
Received Import Request.
  Time since last request: 0.000014 seconds.
  path: Assets/Prefabs/LevelsObstacles/Medieval/medieval_obstacle_left.prefab
  artifactKey: Guid(766ebdf659f6e3a4aba23e436f54f69b) Importer(815301076,1909f56bfc062723c751e8b465ee728b)
Start importing Assets/Prefabs/LevelsObstacles/Medieval/medieval_obstacle_left.prefab using Guid(766ebdf659f6e3a4aba23e436f54f69b) Importer(815301076,1909f56bfc062723c751e8b465ee728b)  -> (artifact id: '3fea78157e00aac0da0d97abea75b64a') in 0.068114 seconds
Number of updated asset objects reloaded before import = 0
Number of asset objects unloaded after import = 5085
Editor requested this worker to shutdown with reason: Scaling down because of idle timeout
TcpMessagingSession - receive error: operation aborted. errorcode: 995, details: L’opération d’entrée/sortie a été abandonnée en raison de l’arrêt d’un thread ou à la demande d’une application.
AssetImportWorker is now disconnected from the server
Process exiting
Exiting without the bug reporter. Application will terminate with return code 0