Using pre-set license
Built from '2022.3/release' branch; Version is '2022.3.5f1 (9674261d40ee) revision 9860134'; Using compiler version '192829333'; Build Type 'Release'
OS: 'Windows 10  (10.0.19045) 64bit Core' Language: 'fr' Physical Memory: 16152 MB
BatchMode: 1, IsHumanControllingUs: 0, StartBugReporterOnCrash: 0, Is64bit: 1, IsPro: 1

COMMAND LINE ARGUMENTS:
C:\Program Files\Unity\Hub\Editor\2022.3.5f1\Editor\Unity.exe
-adb2
-batchMode
-noUpm
-name
AssetImportWorker18
-projectPath
C:/Users/Simon/Documents/Cours/GameCoder/Unity3D/_PROJET_3/InfiniteRunner
-logFile
Logs/AssetImportWorker18.log
-srvPort
56483
Successfully changed project path to: C:/Users/Simon/Documents/Cours/GameCoder/Unity3D/_PROJET_3/InfiniteRunner
C:/Users/Simon/Documents/Cours/GameCoder/Unity3D/_PROJET_3/InfiniteRunner
[UnityMemory] Configuration Parameters - Can be set up in boot.config
    "memorysetup-bucket-allocator-granularity=16"
    "memorysetup-bucket-allocator-bucket-count=8"
    "memorysetup-bucket-allocator-block-size=33554432"
    "memorysetup-bucket-allocator-block-count=8"
    "memorysetup-main-allocator-block-size=16777216"
    "memorysetup-thread-allocator-block-size=16777216"
    "memorysetup-gfx-main-allocator-block-size=16777216"
    "memorysetup-gfx-thread-allocator-block-size=16777216"
    "memorysetup-cache-allocator-block-size=4194304"
    "memorysetup-typetree-allocator-block-size=2097152"
    "memorysetup-profiler-bucket-allocator-granularity=16"
    "memorysetup-profiler-bucket-allocator-bucket-count=8"
    "memorysetup-profiler-bucket-allocator-block-size=33554432"
    "memorysetup-profiler-bucket-allocator-block-count=8"
    "memorysetup-profiler-allocator-block-size=16777216"
    "memorysetup-profiler-editor-allocator-block-size=1048576"
    "memorysetup-temp-allocator-size-main=16777216"
    "memorysetup-job-temp-allocator-block-size=2097152"
    "memorysetup-job-temp-allocator-block-size-background=1048576"
    "memorysetup-job-temp-allocator-reduction-small-platforms=262144"
    "memorysetup-allocator-temp-initial-block-size-main=262144"
    "memorysetup-allocator-temp-initial-block-size-worker=262144"
    "memorysetup-temp-allocator-size-background-worker=32768"
    "memorysetup-temp-allocator-size-job-worker=262144"
    "memorysetup-temp-allocator-size-preload-manager=33554432"
    "memorysetup-temp-allocator-size-nav-mesh-worker=65536"
    "memorysetup-temp-allocator-size-audio-worker=65536"
    "memorysetup-temp-allocator-size-cloud-worker=32768"
    "memorysetup-temp-allocator-size-gi-baking-worker=262144"
    "memorysetup-temp-allocator-size-gfx=262144"
Player connection [52912] Host "[IP] 192.168.1.37 [Port] 0 [Flags] 2 [Guid] 285468697 [EditorId] 285468697 [Version] 1048832 [Id] WindowsEditor(7,DESKTOP-GLC01VO) [Debug] 1 [PackageName] WindowsEditor [ProjectName] Editor" joined multi-casting on [225.0.0.222:54997]...

Player connection [52912] Host "[IP] 192.168.1.37 [Port] 0 [Flags] 2 [Guid] 285468697 [EditorId] 285468697 [Version] 1048832 [Id] WindowsEditor(7,DESKTOP-GLC01VO) [Debug] 1 [PackageName] WindowsEditor [ProjectName] Editor" joined alternative multi-casting on [225.0.0.222:34997]...

Refreshing native plugins compatible for Editor in 15.35 ms, found 4 plugins.
Preloading 0 native plugins for Editor in 0.00 ms.
Initialize engine version: 2022.3.5f1 (9674261d40ee)
[Subsystems] Discovering subsystems at path C:/Program Files/Unity/Hub/Editor/2022.3.5f1/Editor/Data/Resources/UnitySubsystems
[Subsystems] Discovering subsystems at path C:/Users/Simon/Documents/Cours/GameCoder/Unity3D/_PROJET_3/InfiniteRunner/Assets
GfxDevice: creating device client; threaded=0; jobified=0
Direct3D:
    Version:  Direct3D 11.0 [level 11.1]
    Renderer: NVIDIA GeForce RTX 3070 Laptop GPU (ID=0x24dd)
    Vendor:   NVIDIA
    VRAM:     8044 MB
    Driver:   30.0.15.1278
Initialize mono
Mono path[0] = 'C:/Program Files/Unity/Hub/Editor/2022.3.5f1/Editor/Data/Managed'
Mono path[1] = 'C:/Program Files/Unity/Hub/Editor/2022.3.5f1/Editor/Data/MonoBleedingEdge/lib/mono/unityjit-win32'
Mono config path = 'C:/Program Files/Unity/Hub/Editor/2022.3.5f1/Editor/Data/MonoBleedingEdge/etc'
Using monoOptions --debugger-agent=transport=dt_socket,embedding=1,server=y,suspend=n,address=127.0.0.1:56184
Begin MonoManager ReloadAssembly
Registering precompiled unity dll's ...
Register platform support module: C:/Program Files/Unity/Hub/Editor/2022.3.5f1/Editor/Data/PlaybackEngines/WindowsStandaloneSupport/UnityEditor.WindowsStandalone.Extensions.dll
Registered in 0.015076 seconds.
- Loaded All Assemblies, in  0.372 seconds
Native extension for WindowsStandalone target not found
Mono: successfully reloaded assembly
- Finished resetting the current domain, in  0.253 seconds
Domain Reload Profiling: 619ms
	BeginReloadAssembly (88ms)
		ExecutionOrderSort (0ms)
		DisableScriptedObjects (0ms)
		BackupInstance (0ms)
		ReleaseScriptingObjects (0ms)
		CreateAndSetChildDomain (1ms)
	RebuildCommonClasses (33ms)
	RebuildNativeTypeToScriptingClass (12ms)
	initialDomainReloadingComplete (90ms)
	LoadAllAssembliesAndSetupDomain (143ms)
		LoadAssemblies (84ms)
		RebuildTransferFunctionScriptingTraits (0ms)
		AnalyzeDomain (131ms)
			TypeCache.Refresh (130ms)
				TypeCache.ScanAssembly (116ms)
			ScanForSourceGeneratedMonoScriptInfo (0ms)
			ResolveRequiredComponents (0ms)
	FinalizeReload (254ms)
		ReleaseScriptCaches (0ms)
		RebuildScriptCaches (0ms)
		SetupLoadedEditorAssemblies (197ms)
			LogAssemblyErrors (0ms)
			InitializePlatformSupportModulesInManaged (10ms)
			SetLoadedEditorAssemblies (7ms)
			RefreshPlugins (0ms)
			BeforeProcessingInitializeOnLoad (2ms)
			ProcessInitializeOnLoadAttributes (129ms)
			ProcessInitializeOnLoadMethodAttributes (49ms)
			AfterProcessingInitializeOnLoad (0ms)
			EditorAssembliesLoaded (0ms)
		ExecutionOrderSort2 (0ms)
		AwakeInstancesAfterBackupRestoration (0ms)
========================================================================
Worker process is ready to serve import requests
Begin MonoManager ReloadAssembly
Symbol file LoadedFromMemory doesn't match image C:\Users\Simon\Documents\Cours\GameCoder\Unity3D\_PROJET_3\InfiniteRunner\Library\PackageCache\com.unity.visualscripting@1.8.0\Editor\VisualScripting.Core\Dependencies\YamlDotNet\Unity.VisualScripting.YamlDotNet.dll
Symbol file LoadedFromMemory doesn't match image C:\Users\Simon\Documents\Cours\GameCoder\Unity3D\_PROJET_3\InfiniteRunner\Library\PackageCache\com.unity.visualscripting@1.8.0\Editor\VisualScripting.Core\Dependencies\DotNetZip\Unity.VisualScripting.IonicZip.dll
- Loaded All Assemblies, in  0.847 seconds
Refreshing native plugins compatible for Editor in 6.31 ms, found 4 plugins.
Native extension for WindowsStandalone target not found
Mono: successfully reloaded assembly
- Finished resetting the current domain, in  0.624 seconds
Domain Reload Profiling: 1466ms
	BeginReloadAssembly (134ms)
		ExecutionOrderSort (0ms)
		DisableScriptedObjects (7ms)
		BackupInstance (0ms)
		ReleaseScriptingObjects (0ms)
		CreateAndSetChildDomain (19ms)
	RebuildCommonClasses (38ms)
	RebuildNativeTypeToScriptingClass (11ms)
	initialDomainReloadingComplete (56ms)
	LoadAllAssembliesAndSetupDomain (602ms)
		LoadAssemblies (330ms)
		RebuildTransferFunctionScriptingTraits (0ms)
		AnalyzeDomain (329ms)
			TypeCache.Refresh (299ms)
				TypeCache.ScanAssembly (288ms)
			ScanForSourceGeneratedMonoScriptInfo (20ms)
			ResolveRequiredComponents (10ms)
	FinalizeReload (625ms)
		ReleaseScriptCaches (0ms)
		RebuildScriptCaches (0ms)
		SetupLoadedEditorAssemblies (469ms)
			LogAssemblyErrors (0ms)
			InitializePlatformSupportModulesInManaged (7ms)
			SetLoadedEditorAssemblies (4ms)
			RefreshPlugins (0ms)
			BeforeProcessingInitializeOnLoad (88ms)
			ProcessInitializeOnLoadAttributes (293ms)
			ProcessInitializeOnLoadMethodAttributes (65ms)
			AfterProcessingInitializeOnLoad (11ms)
			EditorAssembliesLoaded (0ms)
		ExecutionOrderSort2 (0ms)
		AwakeInstancesAfterBackupRestoration (11ms)
Launched and connected shader compiler UnityShaderCompiler.exe after 0.06 seconds
Refreshing native plugins compatible for Editor in 6.21 ms, found 4 plugins.
Preloading 0 native plugins for Editor in 0.00 ms.
Unloading 5161 Unused Serialized files (Serialized files now loaded: 0)
Unloading 68 unused Assets / (320.8 KB). Loaded Objects now: 5648.
Memory consumption went from 229.1 MB to 228.8 MB.
Total: 3.656900 ms (FindLiveObjects: 0.415900 ms CreateObjectMapping: 0.336600 ms MarkObjects: 2.700300 ms  DeleteObjects: 0.176400 ms)

AssetImportParameters requested are different than current active one (requested -> active):
  custom:container-demuxer-ogg: 62fdf1f143b41e24485cea50d1cbac27 -> 
  custom:video-decoder-ogg-theora: a1e56fd34408186e4bbccfd4996cb3dc -> 
  custom:framework-win-MediaFoundation: 216162199b28c13a410421893ffa2e32 -> 
  custom:CustomObjectIndexerAttribute: a3ef5dd2817f97addfee359851a9dba5 -> 
  custom:container-demuxer-webm: 4f35f7cbe854078d1ac9338744f61a02 -> 
  custom:container-muxer-webm: aa71ff27fc2769a1b78a27578f13a17b -> 
  custom:video-decoder-webm-vp8: 9c59270c3fd7afecdb556c50c9e8de78 -> 
  custom:AudioImporter_EditorPlatform: d09bf68614088b80899f8185d706f6e7 -> 
  custom:video-encoder-webm-vp8: eb34c28f22e8b96e1ab97ce403110664 -> 
  custom:audio-decoder-ogg-vorbis: bf7c407c2cedff20999df2af8eb42d56 -> 
  custom:audio-encoder-webm-vorbis: bf7c407c2cedff20999df2af8eb42d56 -> 
========================================================================
Received Import Request.
  Time since last request: 289225.090526 seconds.
  path: Assets/Models/_ThirdParty/polyperfect/Low Poly Ultimate Pack/T/- Prefabs_T/Fantasy_T/dungeon-door-prison.prefab
  artifactKey: Guid(5ff6beab0f3d041d191e1710bcd8f25f) Importer(815301076,1909f56bfc062723c751e8b465ee728b)
Start importing Assets/Models/_ThirdParty/polyperfect/Low Poly Ultimate Pack/T/- Prefabs_T/Fantasy_T/dungeon-door-prison.prefab using Guid(5ff6beab0f3d041d191e1710bcd8f25f) Importer(815301076,1909f56bfc062723c751e8b465ee728b)  -> (artifact id: 'ec0d355e484fa1d7a95bda4756d6689f') in 0.017931 seconds
Number of updated asset objects reloaded before import = 0
Number of asset objects unloaded after import = 7
========================================================================
Received Import Request.
  Time since last request: 0.000014 seconds.
  path: Assets/Models/_ThirdParty/polyperfect/Low Poly Ultimate Pack/T/- Prefabs_T/Fantasy_T/dungeon-floor-hole.prefab
  artifactKey: Guid(40ca422946ac34ef9ac60c38465f06b0) Importer(815301076,1909f56bfc062723c751e8b465ee728b)
Start importing Assets/Models/_ThirdParty/polyperfect/Low Poly Ultimate Pack/T/- Prefabs_T/Fantasy_T/dungeon-floor-hole.prefab using Guid(40ca422946ac34ef9ac60c38465f06b0) Importer(815301076,1909f56bfc062723c751e8b465ee728b)  -> (artifact id: '11771e0fc264062bcf6593811d3e231c') in 0.002120 seconds
Number of updated asset objects reloaded before import = 0
Number of asset objects unloaded after import = 7
========================================================================
Received Import Request.
  Time since last request: 0.000017 seconds.
  path: Assets/Models/_ThirdParty/polyperfect/Low Poly Ultimate Pack/T/- Meshes_T/Fantasy_T/dungeon-floor-wood.fbx
  artifactKey: Guid(16301fc00a8694305a2cdd83dfde4413) Importer(815301076,1909f56bfc062723c751e8b465ee728b)
Start importing Assets/Models/_ThirdParty/polyperfect/Low Poly Ultimate Pack/T/- Meshes_T/Fantasy_T/dungeon-floor-wood.fbx using Guid(16301fc00a8694305a2cdd83dfde4413) Importer(815301076,1909f56bfc062723c751e8b465ee728b)  -> (artifact id: '2208b416683d7e8eff78049e7b99e2a0') in 0.002405 seconds
Number of updated asset objects reloaded before import = 0
Number of asset objects unloaded after import = 6
========================================================================
Received Import Request.
  Time since last request: 0.000019 seconds.
  path: Assets/Models/_ThirdParty/polyperfect/Low Poly Ultimate Pack/T/- Meshes_T/Fantasy_T/dungeon-floor-dirt.fbx
  artifactKey: Guid(7cad150d9c0d444b28f439a60d9eb220) Importer(815301076,1909f56bfc062723c751e8b465ee728b)
Start importing Assets/Models/_ThirdParty/polyperfect/Low Poly Ultimate Pack/T/- Meshes_T/Fantasy_T/dungeon-floor-dirt.fbx using Guid(7cad150d9c0d444b28f439a60d9eb220) Importer(815301076,1909f56bfc062723c751e8b465ee728b)  -> (artifact id: '8ecd62342714cc28b682ce3e6a1b2fce') in 0.002632 seconds
Number of updated asset objects reloaded before import = 0
Number of asset objects unloaded after import = 6
========================================================================
Received Import Request.
  Time since last request: 0.000026 seconds.
  path: Assets/Models/_ThirdParty/polyperfect/Low Poly Ultimate Pack/M/- Prefabs_M/Fantasy_M/dungeon-floor-wood.prefab
  artifactKey: Guid(98d4e6066bd494114a1cf81ad2758905) Importer(815301076,1909f56bfc062723c751e8b465ee728b)
Start importing Assets/Models/_ThirdParty/polyperfect/Low Poly Ultimate Pack/M/- Prefabs_M/Fantasy_M/dungeon-floor-wood.prefab using Guid(98d4e6066bd494114a1cf81ad2758905) Importer(815301076,1909f56bfc062723c751e8b465ee728b)  -> (artifact id: '38d16bcda6363754dd7266aef84ba58e') in 0.002666 seconds
Number of updated asset objects reloaded before import = 0
Number of asset objects unloaded after import = 7
========================================================================
Received Import Request.
  Time since last request: 0.000015 seconds.
  path: Assets/Models/_ThirdParty/polyperfect/Low Poly Ultimate Pack/T/- Meshes_T/Fantasy_T/dungeon-floor-hole.fbx
  artifactKey: Guid(9b1d73262e68d4c58a5719c451b69a3d) Importer(815301076,1909f56bfc062723c751e8b465ee728b)
Start importing Assets/Models/_ThirdParty/polyperfect/Low Poly Ultimate Pack/T/- Meshes_T/Fantasy_T/dungeon-floor-hole.fbx using Guid(9b1d73262e68d4c58a5719c451b69a3d) Importer(815301076,1909f56bfc062723c751e8b465ee728b)  -> (artifact id: '63e635a980b95874e11a4ae08faaccdb') in 0.001906 seconds
Number of updated asset objects reloaded before import = 0
Number of asset objects unloaded after import = 6
========================================================================
Received Import Request.
  Time since last request: 0.000017 seconds.
  path: Assets/Models/_ThirdParty/polyperfect/Low Poly Ultimate Pack/T/- Prefabs_T/Fantasy_T/dungeon-pillar-stone-edge.prefab
  artifactKey: Guid(592b64342cccf431da948a18e8a9968b) Importer(815301076,1909f56bfc062723c751e8b465ee728b)
Start importing Assets/Models/_ThirdParty/polyperfect/Low Poly Ultimate Pack/T/- Prefabs_T/Fantasy_T/dungeon-pillar-stone-edge.prefab using Guid(592b64342cccf431da948a18e8a9968b) Importer(815301076,1909f56bfc062723c751e8b465ee728b)  -> (artifact id: '9d272ec67698c4c024906443400ef6fe') in 0.003216 seconds
Number of updated asset objects reloaded before import = 0
Number of asset objects unloaded after import = 7
========================================================================
Received Import Request.
  Time since last request: 0.000015 seconds.
  path: Assets/Models/_ThirdParty/polyperfect/Low Poly Ultimate Pack/M/- Prefabs_M/Fantasy_M/dungeon-door-prison.prefab
  artifactKey: Guid(a6c1a425713cf460a84b5e1f6a4fae83) Importer(815301076,1909f56bfc062723c751e8b465ee728b)
Start importing Assets/Models/_ThirdParty/polyperfect/Low Poly Ultimate Pack/M/- Prefabs_M/Fantasy_M/dungeon-door-prison.prefab using Guid(a6c1a425713cf460a84b5e1f6a4fae83) Importer(815301076,1909f56bfc062723c751e8b465ee728b)  -> (artifact id: '98ab46aa902fb92cbfd97806a3542ff3') in 0.002396 seconds
Number of updated asset objects reloaded before import = 0
Number of asset objects unloaded after import = 7
========================================================================
Received Import Request.
  Time since last request: 0.000013 seconds.
  path: Assets/Models/_ThirdParty/polyperfect/Low Poly Ultimate Pack/M/- Meshes_M/Fantasy_M/dungeon-door-stone.fbx
  artifactKey: Guid(1a5de400178194a2389e9166e9bcd641) Importer(815301076,1909f56bfc062723c751e8b465ee728b)
Start importing Assets/Models/_ThirdParty/polyperfect/Low Poly Ultimate Pack/M/- Meshes_M/Fantasy_M/dungeon-door-stone.fbx using Guid(1a5de400178194a2389e9166e9bcd641) Importer(815301076,1909f56bfc062723c751e8b465ee728b)  -> (artifact id: '7994cd94a4a9cc99ae8f0f6ff9a29ace') in 0.002802 seconds
Number of updated asset objects reloaded before import = 0
Number of asset objects unloaded after import = 6
========================================================================
Received Import Request.
  Time since last request: 0.000015 seconds.
  path: Assets/Models/_ThirdParty/polyperfect/Low Poly Ultimate Pack/M/- Prefabs_M/Fantasy_M/dungeon-floor-stone.prefab
  artifactKey: Guid(5812f95c175b34e7a8e5a7566a43a0ef) Importer(815301076,1909f56bfc062723c751e8b465ee728b)
Start importing Assets/Models/_ThirdParty/polyperfect/Low Poly Ultimate Pack/M/- Prefabs_M/Fantasy_M/dungeon-floor-stone.prefab using Guid(5812f95c175b34e7a8e5a7566a43a0ef) Importer(815301076,1909f56bfc062723c751e8b465ee728b)  -> (artifact id: '5d765c90941b14540aebbd2dfa47a388') in 0.002266 seconds
Number of updated asset objects reloaded before import = 0
Number of asset objects unloaded after import = 7
========================================================================
Received Import Request.
  Time since last request: 11.760443 seconds.
  path: Assets/Models/_ThirdParty/polyperfect/Low Poly Ultimate Pack/T/- Meshes_T/Space_T/lunar-rover.fbx
  artifactKey: Guid(b0bd8d2ffac9d4566b4a15864ad71bf8) Importer(815301076,1909f56bfc062723c751e8b465ee728b)
Start importing Assets/Models/_ThirdParty/polyperfect/Low Poly Ultimate Pack/T/- Meshes_T/Space_T/lunar-rover.fbx using Guid(b0bd8d2ffac9d4566b4a15864ad71bf8) Importer(815301076,1909f56bfc062723c751e8b465ee728b)  -> (artifact id: '9f4ab7b2ef8b4f054ed3185584ab202d') in 0.004455 seconds
Number of updated asset objects reloaded before import = 0
Number of asset objects unloaded after import = 28
========================================================================
Received Import Request.
  Time since last request: 351.252757 seconds.
  path: Assets/Models/_ThirdParty/polyperfect/Low Poly Ultimate Pack/T/- Meshes_T/Animals_T/bear_brown.fbx
  artifactKey: Guid(cb769cf75a2fa4d16992d4fa050a2802) Importer(815301076,1909f56bfc062723c751e8b465ee728b)
Start importing Assets/Models/_ThirdParty/polyperfect/Low Poly Ultimate Pack/T/- Meshes_T/Animals_T/bear_brown.fbx using Guid(cb769cf75a2fa4d16992d4fa050a2802) Importer(815301076,1909f56bfc062723c751e8b465ee728b)  -> (artifact id: '7cc2d7a671d6ff4823978964ba74300c') in 0.002508 seconds
Number of updated asset objects reloaded before import = 0
Number of asset objects unloaded after import = 6
========================================================================
Received Import Request.
  Time since last request: 0.038291 seconds.
  path: Assets/Models/_ThirdParty/polyperfect/Low Poly Ultimate Pack/T/- Meshes_T/Nature_T/rocks-small_brown.fbx
  artifactKey: Guid(69f61afa5f1ce48d894fb2e370d68116) Importer(815301076,1909f56bfc062723c751e8b465ee728b)
Start importing Assets/Models/_ThirdParty/polyperfect/Low Poly Ultimate Pack/T/- Meshes_T/Nature_T/rocks-small_brown.fbx using Guid(69f61afa5f1ce48d894fb2e370d68116) Importer(815301076,1909f56bfc062723c751e8b465ee728b)  -> (artifact id: '04eb7ea9a6b0dafe589fb7510ec9d30f') in 0.001768 seconds
Number of updated asset objects reloaded before import = 0
Number of asset objects unloaded after import = 6
========================================================================
Received Import Request.
  Time since last request: 0.000016 seconds.
  path: Assets/Models/_ThirdParty/polyperfect/Low Poly Ultimate Pack/T/- Meshes_T/Nature_T/stone-round_brown.fbx
  artifactKey: Guid(9d1727bc1fc0547fcbae08fc0118f521) Importer(815301076,1909f56bfc062723c751e8b465ee728b)
Start importing Assets/Models/_ThirdParty/polyperfect/Low Poly Ultimate Pack/T/- Meshes_T/Nature_T/stone-round_brown.fbx using Guid(9d1727bc1fc0547fcbae08fc0118f521) Importer(815301076,1909f56bfc062723c751e8b465ee728b)  -> (artifact id: '456907ea58db01a618268488c51ef97b') in 0.002282 seconds
Number of updated asset objects reloaded before import = 0
Number of asset objects unloaded after import = 6
========================================================================
Received Import Request.
  Time since last request: 0.000015 seconds.
  path: Assets/Models/_ThirdParty/polyperfect/Low Poly Ultimate Pack/T/- Meshes_T/Nature_T/stone-oval_brown.fbx
  artifactKey: Guid(0b799c871323e41688f8aacf1e178b80) Importer(815301076,1909f56bfc062723c751e8b465ee728b)
Start importing Assets/Models/_ThirdParty/polyperfect/Low Poly Ultimate Pack/T/- Meshes_T/Nature_T/stone-oval_brown.fbx using Guid(0b799c871323e41688f8aacf1e178b80) Importer(815301076,1909f56bfc062723c751e8b465ee728b)  -> (artifact id: 'bc49ccd16b218fb427f24065dc2f1b70') in 0.001941 seconds
Number of updated asset objects reloaded before import = 0
Number of asset objects unloaded after import = 6
========================================================================
Received Import Request.
  Time since last request: 0.000016 seconds.
  path: Assets/Models/_ThirdParty/polyperfect/Low Poly Ultimate Pack/T/- Prefabs_T/Nature_T/Stones_T/stone-round_brown.prefab
  artifactKey: Guid(fbc9c80d06a1141eca6e8565ad520c3b) Importer(815301076,1909f56bfc062723c751e8b465ee728b)
Start importing Assets/Models/_ThirdParty/polyperfect/Low Poly Ultimate Pack/T/- Prefabs_T/Nature_T/Stones_T/stone-round_brown.prefab using Guid(fbc9c80d06a1141eca6e8565ad520c3b) Importer(815301076,1909f56bfc062723c751e8b465ee728b)  -> (artifact id: '0f5df6427c27a356a9ef3f6e4fae96a5') in 0.003958 seconds
Number of updated asset objects reloaded before import = 0
Number of asset objects unloaded after import = 7
========================================================================
Received Import Request.
  Time since last request: 0.000036 seconds.
  path: Assets/Models/_ThirdParty/polyperfect/Low Poly Ultimate Pack/T/- Prefabs_T/Nature_T/Stones_T/stone-diamond_brown.prefab
  artifactKey: Guid(57ee24a79f9434341b85434ba53b0526) Importer(815301076,1909f56bfc062723c751e8b465ee728b)
Start importing Assets/Models/_ThirdParty/polyperfect/Low Poly Ultimate Pack/T/- Prefabs_T/Nature_T/Stones_T/stone-diamond_brown.prefab using Guid(57ee24a79f9434341b85434ba53b0526) Importer(815301076,1909f56bfc062723c751e8b465ee728b)  -> (artifact id: 'b6f8d2f34f50e6d22ac66262b4d26dca') in 0.002820 seconds
Number of updated asset objects reloaded before import = 0
Number of asset objects unloaded after import = 7
========================================================================
Received Import Request.
  Time since last request: 0.000019 seconds.
  path: Assets/Models/_ThirdParty/polyperfect/Low Poly Ultimate Pack/T/- Meshes_T/Nature_T/stone-pointy_brown.fbx
  artifactKey: Guid(21535aaa12c8a4e76b68fb226a7b89a0) Importer(815301076,1909f56bfc062723c751e8b465ee728b)
Start importing Assets/Models/_ThirdParty/polyperfect/Low Poly Ultimate Pack/T/- Meshes_T/Nature_T/stone-pointy_brown.fbx using Guid(21535aaa12c8a4e76b68fb226a7b89a0) Importer(815301076,1909f56bfc062723c751e8b465ee728b)  -> (artifact id: '213ff077e383540a7aabc76508a1475d') in 0.003213 seconds
Number of updated asset objects reloaded before import = 0
Number of asset objects unloaded after import = 6
========================================================================
Received Import Request.
  Time since last request: 0.000016 seconds.
  path: Assets/Models/_ThirdParty/polyperfect/Low Poly Ultimate Pack/T/- Meshes_T/Nature_T/stone-flat_brown.fbx
  artifactKey: Guid(2bec5e6603c2a4dfdaf2e7246f6b12a0) Importer(815301076,1909f56bfc062723c751e8b465ee728b)
Start importing Assets/Models/_ThirdParty/polyperfect/Low Poly Ultimate Pack/T/- Meshes_T/Nature_T/stone-flat_brown.fbx using Guid(2bec5e6603c2a4dfdaf2e7246f6b12a0) Importer(815301076,1909f56bfc062723c751e8b465ee728b)  -> (artifact id: '3cf68901de3fb7f160bd0b2093b12786') in 0.002702 seconds
Number of updated asset objects reloaded before import = 0
Number of asset objects unloaded after import = 6
========================================================================
Received Import Request.
  Time since last request: 0.000016 seconds.
  path: Assets/Models/_ThirdParty/polyperfect/Low Poly Ultimate Pack/T/- Prefabs_T/Nature_T/Stones_T/stone-flat_brown.prefab
  artifactKey: Guid(0fe191e3edfdf472990132f6c31d4af8) Importer(815301076,1909f56bfc062723c751e8b465ee728b)
Start importing Assets/Models/_ThirdParty/polyperfect/Low Poly Ultimate Pack/T/- Prefabs_T/Nature_T/Stones_T/stone-flat_brown.prefab using Guid(0fe191e3edfdf472990132f6c31d4af8) Importer(815301076,1909f56bfc062723c751e8b465ee728b)  -> (artifact id: '5f5ef939c18ec70ad46956abc3877bad') in 0.002093 seconds
Number of updated asset objects reloaded before import = 0
Number of asset objects unloaded after import = 7
Editor requested this worker to shutdown with reason: Scaling down because of idle timeout
TcpMessagingSession - receive error: operation aborted. errorcode: 995, details: L’opération d’entrée/sortie a été abandonnée en raison de l’arrêt d’un thread ou à la demande d’une application.
AssetImportWorker is now disconnected from the server
Process exiting
Exiting without the bug reporter. Application will terminate with return code 0