Using pre-set license
Built from '2022.3/release' branch; Version is '2022.3.5f1 (9674261d40ee) revision 9860134'; Using compiler version '192829333'; Build Type 'Release'
OS: 'Windows 10  (10.0.19045) 64bit Core' Language: 'fr' Physical Memory: 16152 MB
BatchMode: 1, IsHumanControllingUs: 0, StartBugReporterOnCrash: 0, Is64bit: 1, IsPro: 1

COMMAND LINE ARGUMENTS:
C:\Program Files\Unity\Hub\Editor\2022.3.5f1\Editor\Unity.exe
-adb2
-batchMode
-noUpm
-name
AssetImportWorker4
-projectPath
C:/Users/Simon/Documents/Cours/GameCoder/Unity3D/_PROJET_3/InfiniteRunner
-logFile
Logs/AssetImportWorker4.log
-srvPort
60581
Successfully changed project path to: C:/Users/Simon/Documents/Cours/GameCoder/Unity3D/_PROJET_3/InfiniteRunner
C:/Users/Simon/Documents/Cours/GameCoder/Unity3D/_PROJET_3/InfiniteRunner
[UnityMemory] Configuration Parameters - Can be set up in boot.config
    "memorysetup-bucket-allocator-granularity=16"
    "memorysetup-bucket-allocator-bucket-count=8"
    "memorysetup-bucket-allocator-block-size=33554432"
    "memorysetup-bucket-allocator-block-count=8"
    "memorysetup-main-allocator-block-size=16777216"
    "memorysetup-thread-allocator-block-size=16777216"
    "memorysetup-gfx-main-allocator-block-size=16777216"
    "memorysetup-gfx-thread-allocator-block-size=16777216"
    "memorysetup-cache-allocator-block-size=4194304"
    "memorysetup-typetree-allocator-block-size=2097152"
    "memorysetup-profiler-bucket-allocator-granularity=16"
    "memorysetup-profiler-bucket-allocator-bucket-count=8"
    "memorysetup-profiler-bucket-allocator-block-size=33554432"
    "memorysetup-profiler-bucket-allocator-block-count=8"
    "memorysetup-profiler-allocator-block-size=16777216"
    "memorysetup-profiler-editor-allocator-block-size=1048576"
    "memorysetup-temp-allocator-size-main=16777216"
    "memorysetup-job-temp-allocator-block-size=2097152"
    "memorysetup-job-temp-allocator-block-size-background=1048576"
    "memorysetup-job-temp-allocator-reduction-small-platforms=262144"
    "memorysetup-allocator-temp-initial-block-size-main=262144"
    "memorysetup-allocator-temp-initial-block-size-worker=262144"
    "memorysetup-temp-allocator-size-background-worker=32768"
    "memorysetup-temp-allocator-size-job-worker=262144"
    "memorysetup-temp-allocator-size-preload-manager=33554432"
    "memorysetup-temp-allocator-size-nav-mesh-worker=65536"
    "memorysetup-temp-allocator-size-audio-worker=65536"
    "memorysetup-temp-allocator-size-cloud-worker=32768"
    "memorysetup-temp-allocator-size-gi-baking-worker=262144"
    "memorysetup-temp-allocator-size-gfx=262144"
Player connection [13704] Host "[IP] 192.168.1.37 [Port] 0 [Flags] 2 [Guid] 3380129455 [EditorId] 3380129455 [Version] 1048832 [Id] WindowsEditor(7,DESKTOP-GLC01VO) [Debug] 1 [PackageName] WindowsEditor [ProjectName] Editor" joined multi-casting on [225.0.0.222:54997]...

Player connection [13704] Host "[IP] 192.168.1.37 [Port] 0 [Flags] 2 [Guid] 3380129455 [EditorId] 3380129455 [Version] 1048832 [Id] WindowsEditor(7,DESKTOP-GLC01VO) [Debug] 1 [PackageName] WindowsEditor [ProjectName] Editor" joined alternative multi-casting on [225.0.0.222:34997]...

Refreshing native plugins compatible for Editor in 15.71 ms, found 4 plugins.
Preloading 0 native plugins for Editor in 0.00 ms.
Initialize engine version: 2022.3.5f1 (9674261d40ee)
[Subsystems] Discovering subsystems at path C:/Program Files/Unity/Hub/Editor/2022.3.5f1/Editor/Data/Resources/UnitySubsystems
[Subsystems] Discovering subsystems at path C:/Users/Simon/Documents/Cours/GameCoder/Unity3D/_PROJET_3/InfiniteRunner/Assets
GfxDevice: creating device client; threaded=0; jobified=0
Direct3D:
    Version:  Direct3D 11.0 [level 11.1]
    Renderer: NVIDIA GeForce RTX 3070 Laptop GPU (ID=0x24dd)
    Vendor:   NVIDIA
    VRAM:     8044 MB
    Driver:   30.0.15.1278
Initialize mono
Mono path[0] = 'C:/Program Files/Unity/Hub/Editor/2022.3.5f1/Editor/Data/Managed'
Mono path[1] = 'C:/Program Files/Unity/Hub/Editor/2022.3.5f1/Editor/Data/MonoBleedingEdge/lib/mono/unityjit-win32'
Mono config path = 'C:/Program Files/Unity/Hub/Editor/2022.3.5f1/Editor/Data/MonoBleedingEdge/etc'
Using monoOptions --debugger-agent=transport=dt_socket,embedding=1,server=y,suspend=n,address=127.0.0.1:56984
Begin MonoManager ReloadAssembly
Registering precompiled unity dll's ...
Register platform support module: C:/Program Files/Unity/Hub/Editor/2022.3.5f1/Editor/Data/PlaybackEngines/AndroidPlayer/UnityEditor.Android.Extensions.dll
Register platform support module: C:/Program Files/Unity/Hub/Editor/2022.3.5f1/Editor/Data/PlaybackEngines/WindowsStandaloneSupport/UnityEditor.WindowsStandalone.Extensions.dll
Registered in 0.017914 seconds.
- Loaded All Assemblies, in  0.393 seconds
Native extension for WindowsStandalone target not found
Native extension for Android target not found
Android Extension - Scanning For ADB Devices 435 ms
Mono: successfully reloaded assembly
- Finished resetting the current domain, in  0.773 seconds
Domain Reload Profiling: 1162ms
	BeginReloadAssembly (87ms)
		ExecutionOrderSort (0ms)
		DisableScriptedObjects (0ms)
		BackupInstance (0ms)
		ReleaseScriptingObjects (0ms)
		CreateAndSetChildDomain (1ms)
	RebuildCommonClasses (33ms)
	RebuildNativeTypeToScriptingClass (10ms)
	initialDomainReloadingComplete (77ms)
	LoadAllAssembliesAndSetupDomain (182ms)
		LoadAssemblies (84ms)
		RebuildTransferFunctionScriptingTraits (0ms)
		AnalyzeDomain (170ms)
			TypeCache.Refresh (168ms)
				TypeCache.ScanAssembly (153ms)
			ScanForSourceGeneratedMonoScriptInfo (1ms)
			ResolveRequiredComponents (1ms)
	FinalizeReload (773ms)
		ReleaseScriptCaches (0ms)
		RebuildScriptCaches (0ms)
		SetupLoadedEditorAssemblies (713ms)
			LogAssemblyErrors (0ms)
			InitializePlatformSupportModulesInManaged (559ms)
			SetLoadedEditorAssemblies (3ms)
			RefreshPlugins (0ms)
			BeforeProcessingInitializeOnLoad (2ms)
			ProcessInitializeOnLoadAttributes (87ms)
			ProcessInitializeOnLoadMethodAttributes (61ms)
			AfterProcessingInitializeOnLoad (0ms)
			EditorAssembliesLoaded (0ms)
		ExecutionOrderSort2 (0ms)
		AwakeInstancesAfterBackupRestoration (0ms)
========================================================================
Worker process is ready to serve import requests
Begin MonoManager ReloadAssembly
Symbol file LoadedFromMemory doesn't match image C:\Users\Simon\Documents\Cours\GameCoder\Unity3D\_PROJET_3\InfiniteRunner\Library\PackageCache\com.unity.visualscripting@1.8.0\Editor\VisualScripting.Core\Dependencies\YamlDotNet\Unity.VisualScripting.YamlDotNet.dll
Symbol file LoadedFromMemory doesn't match image C:\Users\Simon\Documents\Cours\GameCoder\Unity3D\_PROJET_3\InfiniteRunner\Library\PackageCache\com.unity.visualscripting@1.8.0\Editor\VisualScripting.Core\Dependencies\DotNetZip\Unity.VisualScripting.IonicZip.dll
Symbol file LoadedFromMemory is not a mono symbol file
- Loaded All Assemblies, in  0.990 seconds
Refreshing native plugins compatible for Editor in 6.28 ms, found 4 plugins.
Native extension for WindowsStandalone target not found
Native extension for Android target not found
Mono: successfully reloaded assembly
- Finished resetting the current domain, in  0.780 seconds
Domain Reload Profiling: 1762ms
	BeginReloadAssembly (137ms)
		ExecutionOrderSort (0ms)
		DisableScriptedObjects (9ms)
		BackupInstance (0ms)
		ReleaseScriptingObjects (0ms)
		CreateAndSetChildDomain (20ms)
	RebuildCommonClasses (32ms)
	RebuildNativeTypeToScriptingClass (10ms)
	initialDomainReloadingComplete (49ms)
	LoadAllAssembliesAndSetupDomain (753ms)
		LoadAssemblies (446ms)
		RebuildTransferFunctionScriptingTraits (0ms)
		AnalyzeDomain (363ms)
			TypeCache.Refresh (334ms)
				TypeCache.ScanAssembly (317ms)
			ScanForSourceGeneratedMonoScriptInfo (21ms)
			ResolveRequiredComponents (9ms)
	FinalizeReload (780ms)
		ReleaseScriptCaches (0ms)
		RebuildScriptCaches (0ms)
		SetupLoadedEditorAssemblies (607ms)
			LogAssemblyErrors (0ms)
			InitializePlatformSupportModulesInManaged (25ms)
			SetLoadedEditorAssemblies (3ms)
			RefreshPlugins (0ms)
			BeforeProcessingInitializeOnLoad (84ms)
			ProcessInitializeOnLoadAttributes (419ms)
			ProcessInitializeOnLoadMethodAttributes (63ms)
			AfterProcessingInitializeOnLoad (13ms)
			EditorAssembliesLoaded (0ms)
		ExecutionOrderSort2 (0ms)
		AwakeInstancesAfterBackupRestoration (11ms)
Launched and connected shader compiler UnityShaderCompiler.exe after 0.06 seconds
Refreshing native plugins compatible for Editor in 6.64 ms, found 4 plugins.
Preloading 0 native plugins for Editor in 0.00 ms.
Unloading 5256 Unused Serialized files (Serialized files now loaded: 0)
Unloading 70 unused Assets / (321.9 KB). Loaded Objects now: 5744.
Memory consumption went from 232.9 MB to 232.6 MB.
Total: 4.075600 ms (FindLiveObjects: 0.358800 ms CreateObjectMapping: 0.365100 ms MarkObjects: 3.222900 ms  DeleteObjects: 0.128400 ms)

AssetImportParameters requested are different than current active one (requested -> active):
  custom:container-demuxer-ogg: 62fdf1f143b41e24485cea50d1cbac27 -> 
  custom:video-decoder-ogg-theora: a1e56fd34408186e4bbccfd4996cb3dc -> 
  custom:framework-win-MediaFoundation: 216162199b28c13a410421893ffa2e32 -> 
  custom:CustomObjectIndexerAttribute: a3ef5dd2817f97addfee359851a9dba5 -> 
  custom:container-demuxer-webm: 4f35f7cbe854078d1ac9338744f61a02 -> 
  custom:container-muxer-webm: aa71ff27fc2769a1b78a27578f13a17b -> 
  custom:video-decoder-webm-vp8: 9c59270c3fd7afecdb556c50c9e8de78 -> 
  custom:AudioImporter_EditorPlatform: d09bf68614088b80899f8185d706f6e7 -> 
  custom:video-encoder-webm-vp8: eb34c28f22e8b96e1ab97ce403110664 -> 
  custom:audio-decoder-ogg-vorbis: bf7c407c2cedff20999df2af8eb42d56 -> 
  custom:audio-encoder-webm-vorbis: bf7c407c2cedff20999df2af8eb42d56 -> 
========================================================================
Received Import Request.
  Time since last request: 137309.896031 seconds.
  path: Assets/Prefabs/LevelsProps/Medieval/medieval_obstacle_movable.prefab
  artifactKey: Guid(a4123dfecb5a28f4da4c78283af5d9f9) Importer(815301076,1909f56bfc062723c751e8b465ee728b)
Start importing Assets/Prefabs/LevelsProps/Medieval/medieval_obstacle_movable.prefab using Guid(a4123dfecb5a28f4da4c78283af5d9f9) Importer(815301076,1909f56bfc062723c751e8b465ee728b)  -> (artifact id: 'e240b7fad394c087e6c39368569e485e') in 0.085522 seconds
Number of updated asset objects reloaded before import = 0
Number of asset objects unloaded after import = 3647
========================================================================
Received Import Request.
  Time since last request: 0.779439 seconds.
  path: Assets/Prefabs/LevelsProps/Medieval/Paladin J Nordstrom@Great Sword Walk (1).controller
  artifactKey: Guid(f002b598c6fea8941bf4877f53c8ceeb) Importer(815301076,1909f56bfc062723c751e8b465ee728b)
Start importing Assets/Prefabs/LevelsProps/Medieval/Paladin J Nordstrom@Great Sword Walk (1).controller using Guid(f002b598c6fea8941bf4877f53c8ceeb) Importer(815301076,1909f56bfc062723c751e8b465ee728b)  -> (artifact id: '75d05c6687d5c0e1265ad86713cedf4a') in 0.003207 seconds
Number of updated asset objects reloaded before import = 0
Number of asset objects unloaded after import = 4
========================================================================
Received Import Request.
  Time since last request: 6.225570 seconds.
  path: Assets/Models/_ThirdParty/polyperfect/Low Poly Ultimate Pack/M/- Meshes_M/Fantasy_M/statue-knight.fbx
  artifactKey: Guid(f523525302c574836a0300cc6bf05e32) Importer(815301076,1909f56bfc062723c751e8b465ee728b)
Start importing Assets/Models/_ThirdParty/polyperfect/Low Poly Ultimate Pack/M/- Meshes_M/Fantasy_M/statue-knight.fbx using Guid(f523525302c574836a0300cc6bf05e32) Importer(815301076,1909f56bfc062723c751e8b465ee728b)  -> (artifact id: 'ba320e8ac0a11ccb8ca625882e6f67cd') in 0.002577 seconds
Number of updated asset objects reloaded before import = 0
Number of asset objects unloaded after import = 6
========================================================================
Received Import Request.
  Time since last request: 58.360689 seconds.
  path: Assets/Prefabs/LevelsProps/Medieval/Paladin J Nordstrom@Great Sword Walk (1).fbx
  artifactKey: Guid(f06ea92cf7a1c2e4b8d16e830f4f191c) Importer(815301076,1909f56bfc062723c751e8b465ee728b)
Start importing Assets/Prefabs/LevelsProps/Medieval/Paladin J Nordstrom@Great Sword Walk (1).fbx using Guid(f06ea92cf7a1c2e4b8d16e830f4f191c) Importer(815301076,1909f56bfc062723c751e8b465ee728b)  -> (artifact id: 'a4a23388fc8f0eb0171a093023667b4c') in 0.004990 seconds
Number of updated asset objects reloaded before import = 0
Number of asset objects unloaded after import = 147
========================================================================
Received Import Request.
  Time since last request: 55.503497 seconds.
  path: Assets/Knight Great Sword Walk.anim
  artifactKey: Guid(f700446852cf9ad448c6ef2c8e9963a3) Importer(815301076,1909f56bfc062723c751e8b465ee728b)
Start importing Assets/Knight Great Sword Walk.anim using Guid(f700446852cf9ad448c6ef2c8e9963a3) Importer(815301076,1909f56bfc062723c751e8b465ee728b)  -> (artifact id: '4e9e70a00a3f5955cfb811ef15ab09fd') in 0.012851 seconds
Number of updated asset objects reloaded before import = 0
Number of asset objects unloaded after import = 1
========================================================================
Received Import Request.
  Time since last request: 29.066324 seconds.
  path: Assets/Prefabs/LevelsProps/Medieval/medieval_obstacle_movable.prefab
  artifactKey: Guid(a4123dfecb5a28f4da4c78283af5d9f9) Importer(815301076,1909f56bfc062723c751e8b465ee728b)
Start importing Assets/Prefabs/LevelsProps/Medieval/medieval_obstacle_movable.prefab using Guid(a4123dfecb5a28f4da4c78283af5d9f9) Importer(815301076,1909f56bfc062723c751e8b465ee728b)  -> (artifact id: '89c23bcfda63219e84949e0e0083b548') in 0.046069 seconds
Number of updated asset objects reloaded before import = 0
Number of asset objects unloaded after import = 3647
========================================================================
Received Import Request.
  Time since last request: 476.256607 seconds.
  path: Assets/Models/_ThirdParty/polyperfect/Low Poly Ultimate Pack/M/- Prefabs_M/Nature_M/Mushrooms_M/mushroom-toadstool-green.prefab
  artifactKey: Guid(680caff8855f27545bfadfbaefa281b9) Importer(815301076,1909f56bfc062723c751e8b465ee728b)
Start importing Assets/Models/_ThirdParty/polyperfect/Low Poly Ultimate Pack/M/- Prefabs_M/Nature_M/Mushrooms_M/mushroom-toadstool-green.prefab using Guid(680caff8855f27545bfadfbaefa281b9) Importer(815301076,1909f56bfc062723c751e8b465ee728b)  -> (artifact id: '078d898713e01f2f7f2382108fbe0525') in 0.003513 seconds
Number of updated asset objects reloaded before import = 0
Number of asset objects unloaded after import = 7
========================================================================
Received Import Request.
  Time since last request: 0.045026 seconds.
  path: Assets/Models/_ThirdParty/polyperfect/Low Poly Ultimate Pack/T/- Prefabs_T/Music_T/music-record.prefab
  artifactKey: Guid(e47384330a9b44f89b543a7e80a52cd9) Importer(815301076,1909f56bfc062723c751e8b465ee728b)
Start importing Assets/Models/_ThirdParty/polyperfect/Low Poly Ultimate Pack/T/- Prefabs_T/Music_T/music-record.prefab using Guid(e47384330a9b44f89b543a7e80a52cd9) Importer(815301076,1909f56bfc062723c751e8b465ee728b)  -> (artifact id: 'cde26f6653c3bc3e406e5290e38aef77') in 0.002332 seconds
Number of updated asset objects reloaded before import = 0
Number of asset objects unloaded after import = 7
========================================================================
Received Import Request.
  Time since last request: 0.000021 seconds.
  path: Assets/Models/_ThirdParty/polyperfect/Low Poly Ultimate Pack/M/- Prefabs_M/Buildings_M/nuclear-power-plant.prefab
  artifactKey: Guid(94883c4758adf094d935e254b52df649) Importer(815301076,1909f56bfc062723c751e8b465ee728b)
Start importing Assets/Models/_ThirdParty/polyperfect/Low Poly Ultimate Pack/M/- Prefabs_M/Buildings_M/nuclear-power-plant.prefab using Guid(94883c4758adf094d935e254b52df649) Importer(815301076,1909f56bfc062723c751e8b465ee728b)  -> (artifact id: 'f0b2ad04449f429cc8025358e0f0dc7b') in 0.004664 seconds
Number of updated asset objects reloaded before import = 0
Number of asset objects unloaded after import = 7
========================================================================
Received Import Request.
  Time since last request: 0.049486 seconds.
  path: Assets/Models/_ThirdParty/polyperfect/Low Poly Ultimate Pack/M/- Prefabs_M/Furniture_M/oven.prefab
  artifactKey: Guid(de81fcf5b96ab4f50855c991af714185) Importer(815301076,1909f56bfc062723c751e8b465ee728b)
Start importing Assets/Models/_ThirdParty/polyperfect/Low Poly Ultimate Pack/M/- Prefabs_M/Furniture_M/oven.prefab using Guid(de81fcf5b96ab4f50855c991af714185) Importer(815301076,1909f56bfc062723c751e8b465ee728b)  -> (artifact id: '4b606e569cea0c2dd3c1dd6f02a0a6bd') in 0.002478 seconds
Number of updated asset objects reloaded before import = 0
Number of asset objects unloaded after import = 7
========================================================================
Received Import Request.
  Time since last request: 0.000015 seconds.
  path: Assets/Models/_ThirdParty/polyperfect/Low Poly Ultimate Pack/M/- Prefabs_M/Resources_M/oxygen-cylinder.prefab
  artifactKey: Guid(3cf3d00a35a50264e93e472f2d07e8a9) Importer(815301076,1909f56bfc062723c751e8b465ee728b)
Start importing Assets/Models/_ThirdParty/polyperfect/Low Poly Ultimate Pack/M/- Prefabs_M/Resources_M/oxygen-cylinder.prefab using Guid(3cf3d00a35a50264e93e472f2d07e8a9) Importer(815301076,1909f56bfc062723c751e8b465ee728b)  -> (artifact id: '07d2cd89f7a534c71af24b4fea371d36') in 0.002615 seconds
Number of updated asset objects reloaded before import = 0
Number of asset objects unloaded after import = 7
========================================================================
Received Import Request.
  Time since last request: 1.904488 seconds.
  path: Assets/Models/_ThirdParty/polyperfect/Low Poly Ultimate Pack/M/- Meshes_M/Medieval_M/stairs-medieval-stone.fbx
  artifactKey: Guid(da7d471388d71884486e78108bb99d3f) Importer(815301076,1909f56bfc062723c751e8b465ee728b)
Start importing Assets/Models/_ThirdParty/polyperfect/Low Poly Ultimate Pack/M/- Meshes_M/Medieval_M/stairs-medieval-stone.fbx using Guid(da7d471388d71884486e78108bb99d3f) Importer(815301076,1909f56bfc062723c751e8b465ee728b)  -> (artifact id: 'f2fbf3d5d50543937370b5a5860dc772') in 0.002061 seconds
Number of updated asset objects reloaded before import = 0
Number of asset objects unloaded after import = 6
========================================================================
Received Import Request.
  Time since last request: 0.008141 seconds.
  path: Assets/Models/_ThirdParty/polyperfect/Low Poly Ultimate Pack/M/- Prefabs_M/Medieval_M/wall-medieval-stone.prefab
  artifactKey: Guid(bfdb7f6f4f8e87c4f8287a9ef7203e9a) Importer(815301076,1909f56bfc062723c751e8b465ee728b)
Start importing Assets/Models/_ThirdParty/polyperfect/Low Poly Ultimate Pack/M/- Prefabs_M/Medieval_M/wall-medieval-stone.prefab using Guid(bfdb7f6f4f8e87c4f8287a9ef7203e9a) Importer(815301076,1909f56bfc062723c751e8b465ee728b)  -> (artifact id: 'd30a51db6b1ba4dd49019772c8f75000') in 0.003365 seconds
Number of updated asset objects reloaded before import = 0
Number of asset objects unloaded after import = 7
========================================================================
Received Import Request.
  Time since last request: 0.000024 seconds.
  path: Assets/Models/_ThirdParty/polyperfect/Low Poly Ultimate Pack/T/- Meshes_T/Medieval_T/wall-medieval-stone.fbx
  artifactKey: Guid(195f0480a5b014d708557c8a4d21f522) Importer(815301076,1909f56bfc062723c751e8b465ee728b)
Start importing Assets/Models/_ThirdParty/polyperfect/Low Poly Ultimate Pack/T/- Meshes_T/Medieval_T/wall-medieval-stone.fbx using Guid(195f0480a5b014d708557c8a4d21f522) Importer(815301076,1909f56bfc062723c751e8b465ee728b)  -> (artifact id: '4ba32029c33f3d5d0f24a91cb2a17574') in 0.003466 seconds
Number of updated asset objects reloaded before import = 0
Number of asset objects unloaded after import = 6
========================================================================
Received Import Request.
  Time since last request: 0.000015 seconds.
  path: Assets/Models/_ThirdParty/polyperfect/Low Poly Ultimate Pack/T/- Prefabs_T/Medieval_T/wall-medieval-stone.prefab
  artifactKey: Guid(567dfb72480da8e48abb7433b13ade24) Importer(815301076,1909f56bfc062723c751e8b465ee728b)
Start importing Assets/Models/_ThirdParty/polyperfect/Low Poly Ultimate Pack/T/- Prefabs_T/Medieval_T/wall-medieval-stone.prefab using Guid(567dfb72480da8e48abb7433b13ade24) Importer(815301076,1909f56bfc062723c751e8b465ee728b)  -> (artifact id: '35bea3d98d49815070d472a207c026ae') in 0.002661 seconds
Number of updated asset objects reloaded before import = 0
Number of asset objects unloaded after import = 7
========================================================================
Received Import Request.
  Time since last request: 0.000014 seconds.
  path: Assets/Models/_ThirdParty/polyperfect/Low Poly Ultimate Pack/T/- Meshes_T/Medieval_T/wall-medieval-wood.fbx
  artifactKey: Guid(12c3ebab1590b4c1ca51b599167050f6) Importer(815301076,1909f56bfc062723c751e8b465ee728b)
Start importing Assets/Models/_ThirdParty/polyperfect/Low Poly Ultimate Pack/T/- Meshes_T/Medieval_T/wall-medieval-wood.fbx using Guid(12c3ebab1590b4c1ca51b599167050f6) Importer(815301076,1909f56bfc062723c751e8b465ee728b)  -> (artifact id: '3206962abd410ac70df3c2db5ca4ef08') in 0.002713 seconds
Number of updated asset objects reloaded before import = 0
Number of asset objects unloaded after import = 6
========================================================================
Received Import Request.
  Time since last request: 0.000013 seconds.
  path: Assets/Models/_ThirdParty/polyperfect/Low Poly Ultimate Pack/T/- Prefabs_T/Medieval_T/wall-medieval-wood.prefab
  artifactKey: Guid(02a4a6df6ce5d82468957911b0be5933) Importer(815301076,1909f56bfc062723c751e8b465ee728b)
Start importing Assets/Models/_ThirdParty/polyperfect/Low Poly Ultimate Pack/T/- Prefabs_T/Medieval_T/wall-medieval-wood.prefab using Guid(02a4a6df6ce5d82468957911b0be5933) Importer(815301076,1909f56bfc062723c751e8b465ee728b)  -> (artifact id: '54e436fbbf6c3057e3422bf7288311b8') in 0.003200 seconds
Number of updated asset objects reloaded before import = 0
Number of asset objects unloaded after import = 7
========================================================================
Received Import Request.
  Time since last request: 0.000015 seconds.
  path: Assets/Models/_ThirdParty/polyperfect/Low Poly Ultimate Pack/M/- Meshes_M/Medieval_M/wall-medieval-stone.fbx
  artifactKey: Guid(6a250755a3cd9d746b8fcd1f48148094) Importer(815301076,1909f56bfc062723c751e8b465ee728b)
Start importing Assets/Models/_ThirdParty/polyperfect/Low Poly Ultimate Pack/M/- Meshes_M/Medieval_M/wall-medieval-stone.fbx using Guid(6a250755a3cd9d746b8fcd1f48148094) Importer(815301076,1909f56bfc062723c751e8b465ee728b)  -> (artifact id: '14bebb1a641806b539f8094ff2bed592') in 0.001902 seconds
Number of updated asset objects reloaded before import = 0
Number of asset objects unloaded after import = 6
========================================================================
Received Import Request.
  Time since last request: 0.000018 seconds.
  path: Assets/Models/_ThirdParty/polyperfect/Low Poly Ultimate Pack/T/- Prefabs_T/Medieval_T/tower-medieval-wood.prefab
  artifactKey: Guid(c2ac66008f7d0834daea19a4f6304170) Importer(815301076,1909f56bfc062723c751e8b465ee728b)
Start importing Assets/Models/_ThirdParty/polyperfect/Low Poly Ultimate Pack/T/- Prefabs_T/Medieval_T/tower-medieval-wood.prefab using Guid(c2ac66008f7d0834daea19a4f6304170) Importer(815301076,1909f56bfc062723c751e8b465ee728b)  -> (artifact id: '75d1e446422f62a878049c362cb3a35b') in 0.002516 seconds
Number of updated asset objects reloaded before import = 0
Number of asset objects unloaded after import = 7
========================================================================
Received Import Request.
  Time since last request: 1.593783 seconds.
  path: Assets/Prefabs/LevelsProps/Medieval/medieval_obstacle_movable.prefab
  artifactKey: Guid(a4123dfecb5a28f4da4c78283af5d9f9) Importer(815301076,1909f56bfc062723c751e8b465ee728b)
Start importing Assets/Prefabs/LevelsProps/Medieval/medieval_obstacle_movable.prefab using Guid(a4123dfecb5a28f4da4c78283af5d9f9) Importer(815301076,1909f56bfc062723c751e8b465ee728b)  -> (artifact id: '04751a0451ef346ca0403903f5c6be06') in 0.052876 seconds
Number of updated asset objects reloaded before import = 0
Number of asset objects unloaded after import = 3543
========================================================================
Received Prepare
Begin MonoManager ReloadAssembly
Symbol file LoadedFromMemory doesn't match image C:\Users\Simon\Documents\Cours\GameCoder\Unity3D\_PROJET_3\InfiniteRunner\Library\PackageCache\com.unity.visualscripting@1.8.0\Editor\VisualScripting.Core\Dependencies\YamlDotNet\Unity.VisualScripting.YamlDotNet.dll
Symbol file LoadedFromMemory doesn't match image C:\Users\Simon\Documents\Cours\GameCoder\Unity3D\_PROJET_3\InfiniteRunner\Library\PackageCache\com.unity.visualscripting@1.8.0\Editor\VisualScripting.Core\Dependencies\DotNetZip\Unity.VisualScripting.IonicZip.dll
Symbol file LoadedFromMemory is not a mono symbol file
- Loaded All Assemblies, in  0.927 seconds
Refreshing native plugins compatible for Editor in 7.82 ms, found 4 plugins.
Native extension for WindowsStandalone target not found
Native extension for Android target not found
Mono: successfully reloaded assembly
- Finished resetting the current domain, in  1.778 seconds
Domain Reload Profiling: 2699ms
	BeginReloadAssembly (155ms)
		ExecutionOrderSort (0ms)
		DisableScriptedObjects (4ms)
		BackupInstance (0ms)
		ReleaseScriptingObjects (0ms)
		CreateAndSetChildDomain (42ms)
	RebuildCommonClasses (37ms)
	RebuildNativeTypeToScriptingClass (14ms)
	initialDomainReloadingComplete (45ms)
	LoadAllAssembliesAndSetupDomain (669ms)
		LoadAssemblies (363ms)
		RebuildTransferFunctionScriptingTraits (0ms)
		AnalyzeDomain (362ms)
			TypeCache.Refresh (352ms)
				TypeCache.ScanAssembly (336ms)
			ScanForSourceGeneratedMonoScriptInfo (0ms)
			ResolveRequiredComponents (10ms)
	FinalizeReload (1779ms)
		ReleaseScriptCaches (0ms)
		RebuildScriptCaches (0ms)
		SetupLoadedEditorAssemblies (577ms)
			LogAssemblyErrors (0ms)
			InitializePlatformSupportModulesInManaged (30ms)
			SetLoadedEditorAssemblies (4ms)
			RefreshPlugins (0ms)
			BeforeProcessingInitializeOnLoad (104ms)
			ProcessInitializeOnLoadAttributes (339ms)
			ProcessInitializeOnLoadMethodAttributes (85ms)
			AfterProcessingInitializeOnLoad (15ms)
			EditorAssembliesLoaded (0ms)
		ExecutionOrderSort2 (0ms)
		AwakeInstancesAfterBackupRestoration (20ms)
Refreshing native plugins compatible for Editor in 6.58 ms, found 4 plugins.
Preloading 0 native plugins for Editor in 0.00 ms.
Unloading 5095 Unused Serialized files (Serialized files now loaded: 0)
Unloading 46 unused Assets / (320.2 KB). Loaded Objects now: 5751.
Memory consumption went from 202.4 MB to 202.0 MB.
Total: 4.173500 ms (FindLiveObjects: 0.772900 ms CreateObjectMapping: 0.489100 ms MarkObjects: 2.801700 ms  DeleteObjects: 0.109100 ms)

Prepare: number of updated asset objects reloaded= 0
AssetImportParameters requested are different than current active one (requested -> active):
  custom:container-demuxer-ogg: 62fdf1f143b41e24485cea50d1cbac27 -> 
  custom:video-decoder-ogg-theora: a1e56fd34408186e4bbccfd4996cb3dc -> 
  custom:framework-win-MediaFoundation: 216162199b28c13a410421893ffa2e32 -> 
  custom:CustomObjectIndexerAttribute: a3ef5dd2817f97addfee359851a9dba5 -> 
  custom:container-demuxer-webm: 4f35f7cbe854078d1ac9338744f61a02 -> 
  custom:container-muxer-webm: aa71ff27fc2769a1b78a27578f13a17b -> 
  custom:video-decoder-webm-vp8: 9c59270c3fd7afecdb556c50c9e8de78 -> 
  custom:AudioImporter_EditorPlatform: d09bf68614088b80899f8185d706f6e7 -> 
  custom:video-encoder-webm-vp8: eb34c28f22e8b96e1ab97ce403110664 -> 
  custom:audio-decoder-ogg-vorbis: bf7c407c2cedff20999df2af8eb42d56 -> 
  custom:audio-encoder-webm-vorbis: bf7c407c2cedff20999df2af8eb42d56 -> 
========================================================================
Received Import Request.
  Time since last request: 176.520754 seconds.
  path: Assets/Prefabs/LevelsProps/Medieval/medieval_obstacle_movable.prefab
  artifactKey: Guid(a4123dfecb5a28f4da4c78283af5d9f9) Importer(815301076,1909f56bfc062723c751e8b465ee728b)
Start importing Assets/Prefabs/LevelsProps/Medieval/medieval_obstacle_movable.prefab using Guid(a4123dfecb5a28f4da4c78283af5d9f9) Importer(815301076,1909f56bfc062723c751e8b465ee728b)  -> (artifact id: 'b0342a4d6ae2dbeaa4128fb652ed2031') in 0.071026 seconds
Number of updated asset objects reloaded before import = 0
Number of asset objects unloaded after import = 3543
========================================================================
Received Import Request.
  Time since last request: 26.836457 seconds.
  path: Assets/Prefabs/LevelsProps/Medieval/medieval_obstacle1.prefab
  artifactKey: Guid(19d2f57ca178c9549b69ca85182d9718) Importer(815301076,1909f56bfc062723c751e8b465ee728b)
Start importing Assets/Prefabs/LevelsProps/Medieval/medieval_obstacle1.prefab using Guid(19d2f57ca178c9549b69ca85182d9718) Importer(815301076,1909f56bfc062723c751e8b465ee728b)  -> (artifact id: '4ad05189828c4d73635b05f43dd64d28') in 0.022175 seconds
Number of updated asset objects reloaded before import = 0
Number of asset objects unloaded after import = 1625
========================================================================
Received Import Request.
  Time since last request: 18.393811 seconds.
  path: Assets/Prefabs/LevelsProps/Medieval/medieval_obstacle_up.prefab
  artifactKey: Guid(acbc2d11fd4e58147bc31d551404c962) Importer(815301076,1909f56bfc062723c751e8b465ee728b)
Start importing Assets/Prefabs/LevelsProps/Medieval/medieval_obstacle_up.prefab using Guid(acbc2d11fd4e58147bc31d551404c962) Importer(815301076,1909f56bfc062723c751e8b465ee728b)  -> (artifact id: 'e5c7303ab80b8247dc6d8748a1cd901f') in 0.026120 seconds
Number of updated asset objects reloaded before import = 0
Number of asset objects unloaded after import = 2291
========================================================================
Received Import Request.
  Time since last request: 7.952538 seconds.
  path: Assets/Prefabs/LevelsProps/Medieval/medieval_obstacle_up.prefab
  artifactKey: Guid(acbc2d11fd4e58147bc31d551404c962) Importer(815301076,1909f56bfc062723c751e8b465ee728b)
Start importing Assets/Prefabs/LevelsProps/Medieval/medieval_obstacle_up.prefab using Guid(acbc2d11fd4e58147bc31d551404c962) Importer(815301076,1909f56bfc062723c751e8b465ee728b)  -> (artifact id: '3af389d7cc7810f8f94d0039e550729c') in 0.025735 seconds
Number of updated asset objects reloaded before import = 0
Number of asset objects unloaded after import = 2291
========================================================================
Received Import Request.
  Time since last request: 454.838491 seconds.
  path: Assets/Models/_ThirdParty/polyperfect/Low Poly Ultimate Pack/T/- Prefabs_T/Resources_T/oxygen-cylinder.prefab
  artifactKey: Guid(bd940a08e66ebc444aa49c5e207c4814) Importer(815301076,1909f56bfc062723c751e8b465ee728b)
Start importing Assets/Models/_ThirdParty/polyperfect/Low Poly Ultimate Pack/T/- Prefabs_T/Resources_T/oxygen-cylinder.prefab using Guid(bd940a08e66ebc444aa49c5e207c4814) Importer(815301076,1909f56bfc062723c751e8b465ee728b)  -> (artifact id: '3a736180d7a6bb1533f0503f3ffd0ac3') in 0.003596 seconds
Number of updated asset objects reloaded before import = 0
Number of asset objects unloaded after import = 7
========================================================================
Received Import Request.
  Time since last request: 0.000017 seconds.
  path: Assets/Models/_ThirdParty/polyperfect/Low Poly Ultimate Pack/M/- Prefabs_M/Props_M/package-box.prefab
  artifactKey: Guid(7b49ae5af64e047cf9c52dffe612a365) Importer(815301076,1909f56bfc062723c751e8b465ee728b)
Start importing Assets/Models/_ThirdParty/polyperfect/Low Poly Ultimate Pack/M/- Prefabs_M/Props_M/package-box.prefab using Guid(7b49ae5af64e047cf9c52dffe612a365) Importer(815301076,1909f56bfc062723c751e8b465ee728b)  -> (artifact id: 'daea0a2fdc5e6ce29827ae6fbedf0c6a') in 0.003916 seconds
Number of updated asset objects reloaded before import = 0
Number of asset objects unloaded after import = 7
========================================================================
Received Import Request.
  Time since last request: 1.552388 seconds.
  path: Assets/Models/_ThirdParty/polyperfect/Low Poly Ultimate Pack/T/- Prefabs_T/Japan_T/wall-japan-edge_medium.prefab
  artifactKey: Guid(ed85d8adc74f643d4a83781c0a04f55d) Importer(815301076,1909f56bfc062723c751e8b465ee728b)
Start importing Assets/Models/_ThirdParty/polyperfect/Low Poly Ultimate Pack/T/- Prefabs_T/Japan_T/wall-japan-edge_medium.prefab using Guid(ed85d8adc74f643d4a83781c0a04f55d) Importer(815301076,1909f56bfc062723c751e8b465ee728b)  -> (artifact id: '4f17c34be6cf5006dcdfaf01c9206c64') in 0.003509 seconds
Number of updated asset objects reloaded before import = 0
Number of asset objects unloaded after import = 7
========================================================================
Received Import Request.
  Time since last request: 0.040985 seconds.
  path: Assets/Models/_ThirdParty/polyperfect/Low Poly Ultimate Pack/M/- Meshes_M/Japan_M/wall-japan-medium.fbx
  artifactKey: Guid(f24280e055e82443b90cb6fabc229fc2) Importer(815301076,1909f56bfc062723c751e8b465ee728b)
Start importing Assets/Models/_ThirdParty/polyperfect/Low Poly Ultimate Pack/M/- Meshes_M/Japan_M/wall-japan-medium.fbx using Guid(f24280e055e82443b90cb6fabc229fc2) Importer(815301076,1909f56bfc062723c751e8b465ee728b)  -> (artifact id: 'b14810644bb3e8cf72024ff9e8e38b48') in 0.003775 seconds
Number of updated asset objects reloaded before import = 0
Number of asset objects unloaded after import = 6
========================================================================
Received Import Request.
  Time since last request: 0.000023 seconds.
  path: Assets/Models/_ThirdParty/polyperfect/Low Poly Ultimate Pack/M/- Prefabs_M/Japan_M/wall-japan_medium.prefab
  artifactKey: Guid(96c253ed9f5bb40b78b91035da442dd1) Importer(815301076,1909f56bfc062723c751e8b465ee728b)
Start importing Assets/Models/_ThirdParty/polyperfect/Low Poly Ultimate Pack/M/- Prefabs_M/Japan_M/wall-japan_medium.prefab using Guid(96c253ed9f5bb40b78b91035da442dd1) Importer(815301076,1909f56bfc062723c751e8b465ee728b)  -> (artifact id: '296cff3b82eea069576876717dc26033') in 0.002678 seconds
Number of updated asset objects reloaded before import = 0
Number of asset objects unloaded after import = 7
========================================================================
Received Import Request.
  Time since last request: 1.724507 seconds.
  path: Assets/Models/_ThirdParty/polyperfect/Low Poly Ultimate Pack/M/- Prefabs_M/Medieval_M/stairs-medieval-stone.prefab
  artifactKey: Guid(d83e0c8bb9b60f94a9664112ce378494) Importer(815301076,1909f56bfc062723c751e8b465ee728b)
Start importing Assets/Models/_ThirdParty/polyperfect/Low Poly Ultimate Pack/M/- Prefabs_M/Medieval_M/stairs-medieval-stone.prefab using Guid(d83e0c8bb9b60f94a9664112ce378494) Importer(815301076,1909f56bfc062723c751e8b465ee728b)  -> (artifact id: 'd96131c9feb558659ca472d7a4e604a4') in 0.003177 seconds
Number of updated asset objects reloaded before import = 0
Number of asset objects unloaded after import = 7
========================================================================
Received Import Request.
  Time since last request: 0.950110 seconds.
  path: Assets/Prefabs/LevelsProps/Medieval/medieval_obstacle_up.prefab
  artifactKey: Guid(acbc2d11fd4e58147bc31d551404c962) Importer(815301076,1909f56bfc062723c751e8b465ee728b)
Start importing Assets/Prefabs/LevelsProps/Medieval/medieval_obstacle_up.prefab using Guid(acbc2d11fd4e58147bc31d551404c962) Importer(815301076,1909f56bfc062723c751e8b465ee728b)  -> (artifact id: '83ee53ab31ed0ea6a67df03ddaa2f6b2') in 0.042606 seconds
Number of updated asset objects reloaded before import = 0
Number of asset objects unloaded after import = 2281
========================================================================
Received Import Request.
  Time since last request: 7.678882 seconds.
  path: Assets/Prefabs/LevelsProps/Medieval/medieval_obstacle_up.prefab
  artifactKey: Guid(acbc2d11fd4e58147bc31d551404c962) Importer(815301076,1909f56bfc062723c751e8b465ee728b)
Start importing Assets/Prefabs/LevelsProps/Medieval/medieval_obstacle_up.prefab using Guid(acbc2d11fd4e58147bc31d551404c962) Importer(815301076,1909f56bfc062723c751e8b465ee728b)  -> (artifact id: '4a2a10fd14e2e656a493236a8379b06b') in 0.026030 seconds
Number of updated asset objects reloaded before import = 0
Number of asset objects unloaded after import = 2281
========================================================================
Received Prepare
Begin MonoManager ReloadAssembly
Symbol file LoadedFromMemory doesn't match image C:\Users\Simon\Documents\Cours\GameCoder\Unity3D\_PROJET_3\InfiniteRunner\Library\PackageCache\com.unity.visualscripting@1.8.0\Editor\VisualScripting.Core\Dependencies\YamlDotNet\Unity.VisualScripting.YamlDotNet.dll
Symbol file LoadedFromMemory doesn't match image C:\Users\Simon\Documents\Cours\GameCoder\Unity3D\_PROJET_3\InfiniteRunner\Library\PackageCache\com.unity.visualscripting@1.8.0\Editor\VisualScripting.Core\Dependencies\DotNetZip\Unity.VisualScripting.IonicZip.dll
Symbol file LoadedFromMemory is not a mono symbol file
- Loaded All Assemblies, in  0.883 seconds
Refreshing native plugins compatible for Editor in 6.62 ms, found 4 plugins.
Native extension for WindowsStandalone target not found
Native extension for Android target not found
Mono: successfully reloaded assembly
- Finished resetting the current domain, in  1.791 seconds
Domain Reload Profiling: 2668ms
	BeginReloadAssembly (162ms)
		ExecutionOrderSort (0ms)
		DisableScriptedObjects (4ms)
		BackupInstance (0ms)
		ReleaseScriptingObjects (0ms)
		CreateAndSetChildDomain (42ms)
	RebuildCommonClasses (33ms)
	RebuildNativeTypeToScriptingClass (12ms)
	initialDomainReloadingComplete (39ms)
	LoadAllAssembliesAndSetupDomain (630ms)
		LoadAssemblies (367ms)
		RebuildTransferFunctionScriptingTraits (0ms)
		AnalyzeDomain (325ms)
			TypeCache.Refresh (315ms)
				TypeCache.ScanAssembly (299ms)
			ScanForSourceGeneratedMonoScriptInfo (0ms)
			ResolveRequiredComponents (10ms)
	FinalizeReload (1792ms)
		ReleaseScriptCaches (0ms)
		RebuildScriptCaches (0ms)
		SetupLoadedEditorAssemblies (556ms)
			LogAssemblyErrors (0ms)
			InitializePlatformSupportModulesInManaged (30ms)
			SetLoadedEditorAssemblies (5ms)
			RefreshPlugins (0ms)
			BeforeProcessingInitializeOnLoad (105ms)
			ProcessInitializeOnLoadAttributes (304ms)
			ProcessInitializeOnLoadMethodAttributes (94ms)
			AfterProcessingInitializeOnLoad (18ms)
			EditorAssembliesLoaded (0ms)
		ExecutionOrderSort2 (0ms)
		AwakeInstancesAfterBackupRestoration (21ms)
Refreshing native plugins compatible for Editor in 6.63 ms, found 4 plugins.
Preloading 0 native plugins for Editor in 0.00 ms.
Unloading 5095 Unused Serialized files (Serialized files now loaded: 0)
Unloading 46 unused Assets / (320.5 KB). Loaded Objects now: 5755.
Memory consumption went from 204.5 MB to 204.2 MB.
Total: 4.343200 ms (FindLiveObjects: 0.493700 ms CreateObjectMapping: 0.519900 ms MarkObjects: 3.214400 ms  DeleteObjects: 0.114400 ms)

Prepare: number of updated asset objects reloaded= 0
AssetImportParameters requested are different than current active one (requested -> active):
  custom:container-demuxer-ogg: 62fdf1f143b41e24485cea50d1cbac27 -> 
  custom:video-decoder-ogg-theora: a1e56fd34408186e4bbccfd4996cb3dc -> 
  custom:framework-win-MediaFoundation: 216162199b28c13a410421893ffa2e32 -> 
  custom:CustomObjectIndexerAttribute: a3ef5dd2817f97addfee359851a9dba5 -> 
  custom:container-demuxer-webm: 4f35f7cbe854078d1ac9338744f61a02 -> 
  custom:container-muxer-webm: aa71ff27fc2769a1b78a27578f13a17b -> 
  custom:video-decoder-webm-vp8: 9c59270c3fd7afecdb556c50c9e8de78 -> 
  custom:AudioImporter_EditorPlatform: d09bf68614088b80899f8185d706f6e7 -> 
  custom:video-encoder-webm-vp8: eb34c28f22e8b96e1ab97ce403110664 -> 
  custom:audio-decoder-ogg-vorbis: bf7c407c2cedff20999df2af8eb42d56 -> 
  custom:audio-encoder-webm-vorbis: bf7c407c2cedff20999df2af8eb42d56 -> 
========================================================================
Received Prepare
Begin MonoManager ReloadAssembly
Symbol file LoadedFromMemory doesn't match image C:\Users\Simon\Documents\Cours\GameCoder\Unity3D\_PROJET_3\InfiniteRunner\Library\PackageCache\com.unity.visualscripting@1.8.0\Editor\VisualScripting.Core\Dependencies\YamlDotNet\Unity.VisualScripting.YamlDotNet.dll
Symbol file LoadedFromMemory doesn't match image C:\Users\Simon\Documents\Cours\GameCoder\Unity3D\_PROJET_3\InfiniteRunner\Library\PackageCache\com.unity.visualscripting@1.8.0\Editor\VisualScripting.Core\Dependencies\DotNetZip\Unity.VisualScripting.IonicZip.dll
Symbol file LoadedFromMemory is not a mono symbol file
- Loaded All Assemblies, in  0.819 seconds
Refreshing native plugins compatible for Editor in 5.22 ms, found 4 plugins.
Native extension for WindowsStandalone target not found
Native extension for Android target not found
Mono: successfully reloaded assembly
- Finished resetting the current domain, in  1.166 seconds
Domain Reload Profiling: 1980ms
	BeginReloadAssembly (145ms)
		ExecutionOrderSort (0ms)
		DisableScriptedObjects (4ms)
		BackupInstance (0ms)
		ReleaseScriptingObjects (0ms)
		CreateAndSetChildDomain (37ms)
	RebuildCommonClasses (33ms)
	RebuildNativeTypeToScriptingClass (13ms)
	initialDomainReloadingComplete (35ms)
	LoadAllAssembliesAndSetupDomain (587ms)
		LoadAssemblies (318ms)
		RebuildTransferFunctionScriptingTraits (0ms)
		AnalyzeDomain (327ms)
			TypeCache.Refresh (318ms)
				TypeCache.ScanAssembly (304ms)
			ScanForSourceGeneratedMonoScriptInfo (0ms)
			ResolveRequiredComponents (9ms)
	FinalizeReload (1166ms)
		ReleaseScriptCaches (0ms)
		RebuildScriptCaches (0ms)
		SetupLoadedEditorAssemblies (453ms)
			LogAssemblyErrors (0ms)
			InitializePlatformSupportModulesInManaged (28ms)
			SetLoadedEditorAssemblies (5ms)
			RefreshPlugins (0ms)
			BeforeProcessingInitializeOnLoad (93ms)
			ProcessInitializeOnLoadAttributes (247ms)
			ProcessInitializeOnLoadMethodAttributes (68ms)
			AfterProcessingInitializeOnLoad (11ms)
			EditorAssembliesLoaded (0ms)
		ExecutionOrderSort2 (0ms)
		AwakeInstancesAfterBackupRestoration (16ms)
Refreshing native plugins compatible for Editor in 7.24 ms, found 4 plugins.
Preloading 0 native plugins for Editor in 0.00 ms.
Unloading 5095 Unused Serialized files (Serialized files now loaded: 0)
Unloading 46 unused Assets / (320.6 KB). Loaded Objects now: 5759.
Memory consumption went from 204.5 MB to 204.2 MB.
Total: 5.965600 ms (FindLiveObjects: 0.584000 ms CreateObjectMapping: 0.681900 ms MarkObjects: 4.444500 ms  DeleteObjects: 0.253900 ms)

Prepare: number of updated asset objects reloaded= 0
AssetImportParameters requested are different than current active one (requested -> active):
  custom:container-demuxer-ogg: 62fdf1f143b41e24485cea50d1cbac27 -> 
  custom:video-decoder-ogg-theora: a1e56fd34408186e4bbccfd4996cb3dc -> 
  custom:framework-win-MediaFoundation: 216162199b28c13a410421893ffa2e32 -> 
  custom:CustomObjectIndexerAttribute: a3ef5dd2817f97addfee359851a9dba5 -> 
  custom:container-demuxer-webm: 4f35f7cbe854078d1ac9338744f61a02 -> 
  custom:container-muxer-webm: aa71ff27fc2769a1b78a27578f13a17b -> 
  custom:video-decoder-webm-vp8: 9c59270c3fd7afecdb556c50c9e8de78 -> 
  custom:AudioImporter_EditorPlatform: d09bf68614088b80899f8185d706f6e7 -> 
  custom:video-encoder-webm-vp8: eb34c28f22e8b96e1ab97ce403110664 -> 
  custom:audio-decoder-ogg-vorbis: bf7c407c2cedff20999df2af8eb42d56 -> 
  custom:audio-encoder-webm-vorbis: bf7c407c2cedff20999df2af8eb42d56 -> 
========================================================================
Received Import Request.
  Time since last request: 560.667462 seconds.
  path: Assets/Prefabs/LevelsProps/Medieval/egypt_obstacle_left.prefab
  artifactKey: Guid(766ebdf659f6e3a4aba23e436f54f69b) Importer(815301076,1909f56bfc062723c751e8b465ee728b)
Start importing Assets/Prefabs/LevelsProps/Medieval/egypt_obstacle_left.prefab using Guid(766ebdf659f6e3a4aba23e436f54f69b) Importer(815301076,1909f56bfc062723c751e8b465ee728b)  -> (artifact id: 'e1a1c4ad1420d624dc799860e720b1b0') in 0.089573 seconds
Number of updated asset objects reloaded before import = 0
Number of asset objects unloaded after import = 5061
========================================================================
Received Import Request.
  Time since last request: 49.151706 seconds.
  path: Assets/Prefabs/LevelsProps/Medieval/egypt_obstacle_gateRight.prefab
  artifactKey: Guid(35f3970e5c0985a43bab9d7f5fe5c5e7) Importer(815301076,1909f56bfc062723c751e8b465ee728b)
Start importing Assets/Prefabs/LevelsProps/Medieval/egypt_obstacle_gateRight.prefab using Guid(35f3970e5c0985a43bab9d7f5fe5c5e7) Importer(815301076,1909f56bfc062723c751e8b465ee728b)  -> (artifact id: '8e02aedef74771c667eb95de58f3f317') in 0.046150 seconds
Number of updated asset objects reloaded before import = 0
Number of asset objects unloaded after import = 5061
========================================================================
Received Import Request.
  Time since last request: 38.072643 seconds.
  path: Assets/Models/_ThirdParty/polyperfect/Low Poly Ultimate Pack/T/- Meshes_T/Medieval_T/carriage.fbx
  artifactKey: Guid(6e7b4aa3e99eb4e81ab49713bf2286ef) Importer(815301076,1909f56bfc062723c751e8b465ee728b)
Start importing Assets/Models/_ThirdParty/polyperfect/Low Poly Ultimate Pack/T/- Meshes_T/Medieval_T/carriage.fbx using Guid(6e7b4aa3e99eb4e81ab49713bf2286ef) Importer(815301076,1909f56bfc062723c751e8b465ee728b)  -> (artifact id: '0419d8fc3a7940a6940843188c805a56') in 0.002235 seconds
Number of updated asset objects reloaded before import = 0
Number of asset objects unloaded after import = 13
========================================================================
Received Import Request.
  Time since last request: 0.004082 seconds.
  path: Assets/Models/_ThirdParty/polyperfect/Low Poly Ultimate Pack/T/- Meshes_T/Medieval_T/gibbet.fbx
  artifactKey: Guid(6d6690200a35748e3b6b28d99a433d4b) Importer(815301076,1909f56bfc062723c751e8b465ee728b)
Start importing Assets/Models/_ThirdParty/polyperfect/Low Poly Ultimate Pack/T/- Meshes_T/Medieval_T/gibbet.fbx using Guid(6d6690200a35748e3b6b28d99a433d4b) Importer(815301076,1909f56bfc062723c751e8b465ee728b)  -> (artifact id: '9156e9cbd31639838829a1cee82ecc86') in 0.002531 seconds
Number of updated asset objects reloaded before import = 0
Number of asset objects unloaded after import = 6
========================================================================
Received Import Request.
  Time since last request: 0.032560 seconds.
  path: Assets/Models/_ThirdParty/polyperfect/Low Poly Ultimate Pack/T/- Meshes_T/Medieval_T/house-medieval-medium.fbx
  artifactKey: Guid(b98e60392ec6c4730bf9213764226295) Importer(815301076,1909f56bfc062723c751e8b465ee728b)
Start importing Assets/Models/_ThirdParty/polyperfect/Low Poly Ultimate Pack/T/- Meshes_T/Medieval_T/house-medieval-medium.fbx using Guid(b98e60392ec6c4730bf9213764226295) Importer(815301076,1909f56bfc062723c751e8b465ee728b)  -> (artifact id: 'da2fd782e6ea460550d49df7c0555442') in 0.002460 seconds
Number of updated asset objects reloaded before import = 0
Number of asset objects unloaded after import = 6
========================================================================
Received Import Request.
  Time since last request: 0.000014 seconds.
  path: Assets/Models/_ThirdParty/polyperfect/Low Poly Ultimate Pack/T/- Meshes_T/Medieval_T/house-medieval-small.fbx
  artifactKey: Guid(4c20a41df522e4132976e175436e08b5) Importer(815301076,1909f56bfc062723c751e8b465ee728b)
Start importing Assets/Models/_ThirdParty/polyperfect/Low Poly Ultimate Pack/T/- Meshes_T/Medieval_T/house-medieval-small.fbx using Guid(4c20a41df522e4132976e175436e08b5) Importer(815301076,1909f56bfc062723c751e8b465ee728b)  -> (artifact id: '836c739ada4274d09e56250c6cab0cdd') in 0.002140 seconds
Number of updated asset objects reloaded before import = 0
Number of asset objects unloaded after import = 6
========================================================================
Received Import Request.
  Time since last request: 0.000016 seconds.
  path: Assets/Models/_ThirdParty/polyperfect/Low Poly Ultimate Pack/T/- Meshes_T/Medieval_T/stone-brick.fbx
  artifactKey: Guid(f3590266997854093967a328073bab2c) Importer(815301076,1909f56bfc062723c751e8b465ee728b)
Start importing Assets/Models/_ThirdParty/polyperfect/Low Poly Ultimate Pack/T/- Meshes_T/Medieval_T/stone-brick.fbx using Guid(f3590266997854093967a328073bab2c) Importer(815301076,1909f56bfc062723c751e8b465ee728b)  -> (artifact id: '7511e5b126ade22d6d502f10d6ce974b') in 0.002878 seconds
Number of updated asset objects reloaded before import = 0
Number of asset objects unloaded after import = 6
========================================================================
Received Import Request.
  Time since last request: 0.000015 seconds.
  path: Assets/Models/_ThirdParty/polyperfect/Low Poly Ultimate Pack/T/- Meshes_T/Medieval_T/stables-medieval.fbx
  artifactKey: Guid(a986b93a3dbbf4f889d8930c4f1ba3fa) Importer(815301076,1909f56bfc062723c751e8b465ee728b)
Start importing Assets/Models/_ThirdParty/polyperfect/Low Poly Ultimate Pack/T/- Meshes_T/Medieval_T/stables-medieval.fbx using Guid(a986b93a3dbbf4f889d8930c4f1ba3fa) Importer(815301076,1909f56bfc062723c751e8b465ee728b)  -> (artifact id: '80339aba53150aa26c701c4831069d76') in 0.002337 seconds
Number of updated asset objects reloaded before import = 0
Number of asset objects unloaded after import = 6
Editor requested this worker to shutdown with reason: Scaling down because of idle timeout
TcpMessagingSession - receive error: operation aborted. errorcode: 995, details: Lopration dentre/sortie a t abandonne en raison de larrt dun thread ou  la demande dune application.
AssetImportWorker is now disconnected from the server
Process exiting
Exiting without the bug reporter. Application will terminate with return code 0