Using pre-set license
Built from '2022.3/release' branch; Version is '2022.3.5f1 (9674261d40ee) revision 9860134'; Using compiler version '192829333'; Build Type 'Release'
OS: 'Windows 10  (10.0.19045) 64bit Core' Language: 'fr' Physical Memory: 16152 MB
BatchMode: 1, IsHumanControllingUs: 0, StartBugReporterOnCrash: 0, Is64bit: 1, IsPro: 1

COMMAND LINE ARGUMENTS:
C:\Program Files\Unity\Hub\Editor\2022.3.5f1\Editor\Unity.exe
-adb2
-batchMode
-noUpm
-name
AssetImportWorker7
-projectPath
C:/Users/Simon/Documents/Cours/GameCoder/Unity3D/_PROJET_3/InfiniteRunner
-logFile
Logs/AssetImportWorker7.log
-srvPort
54220
Successfully changed project path to: C:/Users/Simon/Documents/Cours/GameCoder/Unity3D/_PROJET_3/InfiniteRunner
C:/Users/Simon/Documents/Cours/GameCoder/Unity3D/_PROJET_3/InfiniteRunner
[UnityMemory] Configuration Parameters - Can be set up in boot.config
    "memorysetup-bucket-allocator-granularity=16"
    "memorysetup-bucket-allocator-bucket-count=8"
    "memorysetup-bucket-allocator-block-size=33554432"
    "memorysetup-bucket-allocator-block-count=8"
    "memorysetup-main-allocator-block-size=16777216"
    "memorysetup-thread-allocator-block-size=16777216"
    "memorysetup-gfx-main-allocator-block-size=16777216"
    "memorysetup-gfx-thread-allocator-block-size=16777216"
    "memorysetup-cache-allocator-block-size=4194304"
    "memorysetup-typetree-allocator-block-size=2097152"
    "memorysetup-profiler-bucket-allocator-granularity=16"
    "memorysetup-profiler-bucket-allocator-bucket-count=8"
    "memorysetup-profiler-bucket-allocator-block-size=33554432"
    "memorysetup-profiler-bucket-allocator-block-count=8"
    "memorysetup-profiler-allocator-block-size=16777216"
    "memorysetup-profiler-editor-allocator-block-size=1048576"
    "memorysetup-temp-allocator-size-main=16777216"
    "memorysetup-job-temp-allocator-block-size=2097152"
    "memorysetup-job-temp-allocator-block-size-background=1048576"
    "memorysetup-job-temp-allocator-reduction-small-platforms=262144"
    "memorysetup-allocator-temp-initial-block-size-main=262144"
    "memorysetup-allocator-temp-initial-block-size-worker=262144"
    "memorysetup-temp-allocator-size-background-worker=32768"
    "memorysetup-temp-allocator-size-job-worker=262144"
    "memorysetup-temp-allocator-size-preload-manager=33554432"
    "memorysetup-temp-allocator-size-nav-mesh-worker=65536"
    "memorysetup-temp-allocator-size-audio-worker=65536"
    "memorysetup-temp-allocator-size-cloud-worker=32768"
    "memorysetup-temp-allocator-size-gi-baking-worker=262144"
    "memorysetup-temp-allocator-size-gfx=262144"
Player connection [11016] Host "[IP] 192.168.1.37 [Port] 0 [Flags] 2 [Guid] 1142694187 [EditorId] 1142694187 [Version] 1048832 [Id] WindowsEditor(7,DESKTOP-GLC01VO) [Debug] 1 [PackageName] WindowsEditor [ProjectName] Editor" joined multi-casting on [225.0.0.222:54997]...

Player connection [11016] Host "[IP] 192.168.1.37 [Port] 0 [Flags] 2 [Guid] 1142694187 [EditorId] 1142694187 [Version] 1048832 [Id] WindowsEditor(7,DESKTOP-GLC01VO) [Debug] 1 [PackageName] WindowsEditor [ProjectName] Editor" joined alternative multi-casting on [225.0.0.222:34997]...

Refreshing native plugins compatible for Editor in 29.58 ms, found 4 plugins.
Preloading 0 native plugins for Editor in 0.00 ms.
Initialize engine version: 2022.3.5f1 (9674261d40ee)
[Subsystems] Discovering subsystems at path C:/Program Files/Unity/Hub/Editor/2022.3.5f1/Editor/Data/Resources/UnitySubsystems
[Subsystems] Discovering subsystems at path C:/Users/Simon/Documents/Cours/GameCoder/Unity3D/_PROJET_3/InfiniteRunner/Assets
GfxDevice: creating device client; threaded=0; jobified=0
Direct3D:
    Version:  Direct3D 11.0 [level 11.1]
    Renderer: NVIDIA GeForce RTX 3070 Laptop GPU (ID=0x24dd)
    Vendor:   NVIDIA
    VRAM:     8044 MB
    Driver:   30.0.15.1278
Initialize mono
Mono path[0] = 'C:/Program Files/Unity/Hub/Editor/2022.3.5f1/Editor/Data/Managed'
Mono path[1] = 'C:/Program Files/Unity/Hub/Editor/2022.3.5f1/Editor/Data/MonoBleedingEdge/lib/mono/unityjit-win32'
Mono config path = 'C:/Program Files/Unity/Hub/Editor/2022.3.5f1/Editor/Data/MonoBleedingEdge/etc'
Using monoOptions --debugger-agent=transport=dt_socket,embedding=1,server=y,suspend=n,address=127.0.0.1:56028
Begin MonoManager ReloadAssembly
Registering precompiled unity dll's ...
Register platform support module: C:/Program Files/Unity/Hub/Editor/2022.3.5f1/Editor/Data/PlaybackEngines/AndroidPlayer/UnityEditor.Android.Extensions.dll
Register platform support module: C:/Program Files/Unity/Hub/Editor/2022.3.5f1/Editor/Data/PlaybackEngines/WindowsStandaloneSupport/UnityEditor.WindowsStandalone.Extensions.dll
Registered in 0.015222 seconds.
- Loaded All Assemblies, in  0.397 seconds
Native extension for WindowsStandalone target not found
Native extension for Android target not found
Android Extension - Scanning For ADB Devices 433 ms
Mono: successfully reloaded assembly
- Finished resetting the current domain, in  0.768 seconds
Domain Reload Profiling: 1162ms
	BeginReloadAssembly (122ms)
		ExecutionOrderSort (0ms)
		DisableScriptedObjects (0ms)
		BackupInstance (0ms)
		ReleaseScriptingObjects (0ms)
		CreateAndSetChildDomain (1ms)
	RebuildCommonClasses (35ms)
	RebuildNativeTypeToScriptingClass (11ms)
	initialDomainReloadingComplete (73ms)
	LoadAllAssembliesAndSetupDomain (153ms)
		LoadAssemblies (118ms)
		RebuildTransferFunctionScriptingTraits (0ms)
		AnalyzeDomain (143ms)
			TypeCache.Refresh (142ms)
				TypeCache.ScanAssembly (131ms)
			ScanForSourceGeneratedMonoScriptInfo (0ms)
			ResolveRequiredComponents (1ms)
	FinalizeReload (768ms)
		ReleaseScriptCaches (0ms)
		RebuildScriptCaches (0ms)
		SetupLoadedEditorAssemblies (712ms)
			LogAssemblyErrors (0ms)
			InitializePlatformSupportModulesInManaged (561ms)
			SetLoadedEditorAssemblies (3ms)
			RefreshPlugins (0ms)
			BeforeProcessingInitializeOnLoad (2ms)
			ProcessInitializeOnLoadAttributes (96ms)
			ProcessInitializeOnLoadMethodAttributes (50ms)
			AfterProcessingInitializeOnLoad (0ms)
			EditorAssembliesLoaded (0ms)
		ExecutionOrderSort2 (0ms)
		AwakeInstancesAfterBackupRestoration (0ms)
========================================================================
Worker process is ready to serve import requests
Begin MonoManager ReloadAssembly
Symbol file LoadedFromMemory doesn't match image C:\Users\Simon\Documents\Cours\GameCoder\Unity3D\_PROJET_3\InfiniteRunner\Library\PackageCache\com.unity.visualscripting@1.8.0\Editor\VisualScripting.Core\Dependencies\YamlDotNet\Unity.VisualScripting.YamlDotNet.dll
Symbol file LoadedFromMemory doesn't match image C:\Users\Simon\Documents\Cours\GameCoder\Unity3D\_PROJET_3\InfiniteRunner\Library\PackageCache\com.unity.visualscripting@1.8.0\Editor\VisualScripting.Core\Dependencies\DotNetZip\Unity.VisualScripting.IonicZip.dll
Symbol file LoadedFromMemory is not a mono symbol file
- Loaded All Assemblies, in  1.039 seconds
Refreshing native plugins compatible for Editor in 7.64 ms, found 4 plugins.
Native extension for WindowsStandalone target not found
Native extension for Android target not found
Mono: successfully reloaded assembly
- Finished resetting the current domain, in  0.817 seconds
Domain Reload Profiling: 1848ms
	BeginReloadAssembly (147ms)
		ExecutionOrderSort (0ms)
		DisableScriptedObjects (6ms)
		BackupInstance (0ms)
		ReleaseScriptingObjects (0ms)
		CreateAndSetChildDomain (21ms)
	RebuildCommonClasses (34ms)
	RebuildNativeTypeToScriptingClass (11ms)
	initialDomainReloadingComplete (53ms)
	LoadAllAssembliesAndSetupDomain (786ms)
		LoadAssemblies (463ms)
		RebuildTransferFunctionScriptingTraits (0ms)
		AnalyzeDomain (390ms)
			TypeCache.Refresh (355ms)
				TypeCache.ScanAssembly (336ms)
			ScanForSourceGeneratedMonoScriptInfo (24ms)
			ResolveRequiredComponents (11ms)
	FinalizeReload (818ms)
		ReleaseScriptCaches (0ms)
		RebuildScriptCaches (0ms)
		SetupLoadedEditorAssemblies (626ms)
			LogAssemblyErrors (0ms)
			InitializePlatformSupportModulesInManaged (28ms)
			SetLoadedEditorAssemblies (4ms)
			RefreshPlugins (0ms)
			BeforeProcessingInitializeOnLoad (94ms)
			ProcessInitializeOnLoadAttributes (416ms)
			ProcessInitializeOnLoadMethodAttributes (70ms)
			AfterProcessingInitializeOnLoad (13ms)
			EditorAssembliesLoaded (0ms)
		ExecutionOrderSort2 (0ms)
		AwakeInstancesAfterBackupRestoration (12ms)
Launched and connected shader compiler UnityShaderCompiler.exe after 0.05 seconds
Refreshing native plugins compatible for Editor in 6.64 ms, found 4 plugins.
Preloading 0 native plugins for Editor in 0.00 ms.
Unloading 5274 Unused Serialized files (Serialized files now loaded: 0)
Unloading 71 unused Assets / (351.9 KB). Loaded Objects now: 5739.
Memory consumption went from 225.9 MB to 225.5 MB.
Total: 3.425300 ms (FindLiveObjects: 0.394600 ms CreateObjectMapping: 0.392600 ms MarkObjects: 2.451700 ms  DeleteObjects: 0.185600 ms)

AssetImportParameters requested are different than current active one (requested -> active):
  custom:container-demuxer-ogg: 62fdf1f143b41e24485cea50d1cbac27 -> 
  custom:video-decoder-ogg-theora: a1e56fd34408186e4bbccfd4996cb3dc -> 
  custom:framework-win-MediaFoundation: 216162199b28c13a410421893ffa2e32 -> 
  custom:CustomObjectIndexerAttribute: a3ef5dd2817f97addfee359851a9dba5 -> 
  custom:container-demuxer-webm: 4f35f7cbe854078d1ac9338744f61a02 -> 
  custom:container-muxer-webm: aa71ff27fc2769a1b78a27578f13a17b -> 
  custom:video-decoder-webm-vp8: 9c59270c3fd7afecdb556c50c9e8de78 -> 
  custom:AudioImporter_EditorPlatform: d09bf68614088b80899f8185d706f6e7 -> 
  custom:video-encoder-webm-vp8: eb34c28f22e8b96e1ab97ce403110664 -> 
  custom:audio-decoder-ogg-vorbis: bf7c407c2cedff20999df2af8eb42d56 -> 
  custom:audio-encoder-webm-vorbis: bf7c407c2cedff20999df2af8eb42d56 -> 
========================================================================
Received Import Request.
  Time since last request: 20912.979085 seconds.
  path: Assets/Prefabs/LevelsObstacles/Egypt/egypt_obstacle_gateCenterBottom.prefab
  artifactKey: Guid(f3c329c9e6c6cdb448db7410191b0859) Importer(815301076,1909f56bfc062723c751e8b465ee728b)
Start importing Assets/Prefabs/LevelsObstacles/Egypt/egypt_obstacle_gateCenterBottom.prefab using Guid(f3c329c9e6c6cdb448db7410191b0859) Importer(815301076,1909f56bfc062723c751e8b465ee728b)  -> (artifact id: 'a8085263d6ad40f2068cc2f5ef771565') in 0.096881 seconds
Number of updated asset objects reloaded before import = 0
Number of asset objects unloaded after import = 2809
========================================================================
Received Import Request.
  Time since last request: 0.000018 seconds.
  path: Assets/Prefabs/LevelsObstacles/Egypt/egypt_obstacle_trap.prefab
  artifactKey: Guid(5765913c5690d4a44b859a1cc51e3a2f) Importer(815301076,1909f56bfc062723c751e8b465ee728b)
Start importing Assets/Prefabs/LevelsObstacles/Egypt/egypt_obstacle_trap.prefab using Guid(5765913c5690d4a44b859a1cc51e3a2f) Importer(815301076,1909f56bfc062723c751e8b465ee728b)  -> (artifact id: 'd528b18776a4db0d3355f3a825735906') in 0.025640 seconds
Number of updated asset objects reloaded before import = 0
Number of asset objects unloaded after import = 1699
========================================================================
Received Import Request.
  Time since last request: 3.956297 seconds.
  path: Assets/Prefabs/LevelsObstacles/Egypt/egypt_obstacle_gateCenterBottom.prefab
  artifactKey: Guid(f3c329c9e6c6cdb448db7410191b0859) Importer(815301076,1909f56bfc062723c751e8b465ee728b)
Start importing Assets/Prefabs/LevelsObstacles/Egypt/egypt_obstacle_gateCenterBottom.prefab using Guid(f3c329c9e6c6cdb448db7410191b0859) Importer(815301076,1909f56bfc062723c751e8b465ee728b)  -> (artifact id: '5f80e3688c67854b77dd9d1934298b8b') in 0.045273 seconds
Number of updated asset objects reloaded before import = 0
Number of asset objects unloaded after import = 2809
========================================================================
Received Import Request.
  Time since last request: 0.000018 seconds.
  path: Assets/Prefabs/LevelsObstacles/Egypt/egypt_obstacle_trap.prefab
  artifactKey: Guid(5765913c5690d4a44b859a1cc51e3a2f) Importer(815301076,1909f56bfc062723c751e8b465ee728b)
Start importing Assets/Prefabs/LevelsObstacles/Egypt/egypt_obstacle_trap.prefab using Guid(5765913c5690d4a44b859a1cc51e3a2f) Importer(815301076,1909f56bfc062723c751e8b465ee728b)  -> (artifact id: '1a451bb3ce655434c248e55a149a7b9b') in 0.028131 seconds
Number of updated asset objects reloaded before import = 0
Number of asset objects unloaded after import = 1696
========================================================================
Received Import Request.
  Time since last request: 0.000021 seconds.
  path: Assets/Prefabs/LevelsObstacles/Egypt/egypt_obstacle_left.prefab
  artifactKey: Guid(b8724bf22aadc574aa2512d2c5737c0f) Importer(815301076,1909f56bfc062723c751e8b465ee728b)
Start importing Assets/Prefabs/LevelsObstacles/Egypt/egypt_obstacle_left.prefab using Guid(b8724bf22aadc574aa2512d2c5737c0f) Importer(815301076,1909f56bfc062723c751e8b465ee728b)  -> (artifact id: '0af4db226f120418f033876941c1591a') in 0.066572 seconds
Number of updated asset objects reloaded before import = 0
Number of asset objects unloaded after import = 5064
========================================================================
Received Import Request.
  Time since last request: 4.490341 seconds.
  path: Assets/Prefabs/LevelsObstacles/Egypt/egypt_obstacle_gateRight.prefab
  artifactKey: Guid(5c72693ea656b30428c1ea4e176d4a3b) Importer(815301076,1909f56bfc062723c751e8b465ee728b)
Start importing Assets/Prefabs/LevelsObstacles/Egypt/egypt_obstacle_gateRight.prefab using Guid(5c72693ea656b30428c1ea4e176d4a3b) Importer(815301076,1909f56bfc062723c751e8b465ee728b)  -> (artifact id: 'c8a2b9eb656593959f921e44e88fa946') in 0.088336 seconds
Number of updated asset objects reloaded before import = 0
Number of asset objects unloaded after import = 5062
========================================================================
Received Import Request.
  Time since last request: 0.000020 seconds.
  path: Assets/Prefabs/LevelsObstacles/Egypt/egypt_obstacle_left.prefab
  artifactKey: Guid(b8724bf22aadc574aa2512d2c5737c0f) Importer(815301076,1909f56bfc062723c751e8b465ee728b)
Start importing Assets/Prefabs/LevelsObstacles/Egypt/egypt_obstacle_left.prefab using Guid(b8724bf22aadc574aa2512d2c5737c0f) Importer(815301076,1909f56bfc062723c751e8b465ee728b)  -> (artifact id: '6576c025020e978580dedf6e10ba4123') in 0.060210 seconds
Number of updated asset objects reloaded before import = 0
Number of asset objects unloaded after import = 5064
========================================================================
Received Import Request.
  Time since last request: 6.996577 seconds.
  path: Assets/Prefabs/LevelsObstacles/Egypt/egypt_obstacle_gateRight.prefab
  artifactKey: Guid(5c72693ea656b30428c1ea4e176d4a3b) Importer(815301076,1909f56bfc062723c751e8b465ee728b)
Start importing Assets/Prefabs/LevelsObstacles/Egypt/egypt_obstacle_gateRight.prefab using Guid(5c72693ea656b30428c1ea4e176d4a3b) Importer(815301076,1909f56bfc062723c751e8b465ee728b)  -> (artifact id: '24a1dfddc278ff5ea2672933146cd0ff') in 0.068885 seconds
Number of updated asset objects reloaded before import = 0
Number of asset objects unloaded after import = 5062
========================================================================
Received Import Request.
  Time since last request: 2.953038 seconds.
  path: Assets/Prefabs/LevelsObstacles/Egypt/egypt_obstacle_gateRight.prefab
  artifactKey: Guid(5c72693ea656b30428c1ea4e176d4a3b) Importer(815301076,1909f56bfc062723c751e8b465ee728b)
Start importing Assets/Prefabs/LevelsObstacles/Egypt/egypt_obstacle_gateRight.prefab using Guid(5c72693ea656b30428c1ea4e176d4a3b) Importer(815301076,1909f56bfc062723c751e8b465ee728b)  -> (artifact id: 'faadc256c663cd17a09d3080f92f0230') in 0.068798 seconds
Number of updated asset objects reloaded before import = 0
Number of asset objects unloaded after import = 5062
========================================================================
Received Import Request.
  Time since last request: 3.227379 seconds.
  path: Assets/Prefabs/LevelsObstacles/Egypt/egypt_obstacle_gateRight.prefab
  artifactKey: Guid(5c72693ea656b30428c1ea4e176d4a3b) Importer(815301076,1909f56bfc062723c751e8b465ee728b)
Start importing Assets/Prefabs/LevelsObstacles/Egypt/egypt_obstacle_gateRight.prefab using Guid(5c72693ea656b30428c1ea4e176d4a3b) Importer(815301076,1909f56bfc062723c751e8b465ee728b)  -> (artifact id: '4d2c2ed919c4413c52b48369b2f1e4a2') in 0.075690 seconds
Number of updated asset objects reloaded before import = 0
Number of asset objects unloaded after import = 5062
========================================================================
Received Import Request.
  Time since last request: 3.837872 seconds.
  path: Assets/Prefabs/LevelsObstacles/Egypt/egypt_obstacle_gateRight.prefab
  artifactKey: Guid(5c72693ea656b30428c1ea4e176d4a3b) Importer(815301076,1909f56bfc062723c751e8b465ee728b)
Start importing Assets/Prefabs/LevelsObstacles/Egypt/egypt_obstacle_gateRight.prefab using Guid(5c72693ea656b30428c1ea4e176d4a3b) Importer(815301076,1909f56bfc062723c751e8b465ee728b)  -> (artifact id: '7dbee87377ebae7e65397a797c872bf3') in 0.065810 seconds
Number of updated asset objects reloaded before import = 0
Number of asset objects unloaded after import = 5061
========================================================================
Received Import Request.
  Time since last request: 3.697519 seconds.
  path: Assets/Prefabs/LevelsObstacles/Egypt/egypt_obstacle_gateRight.prefab
  artifactKey: Guid(5c72693ea656b30428c1ea4e176d4a3b) Importer(815301076,1909f56bfc062723c751e8b465ee728b)
Start importing Assets/Prefabs/LevelsObstacles/Egypt/egypt_obstacle_gateRight.prefab using Guid(5c72693ea656b30428c1ea4e176d4a3b) Importer(815301076,1909f56bfc062723c751e8b465ee728b)  -> (artifact id: '2c616479578de311c1d3d4712211d66f') in 0.081421 seconds
Number of updated asset objects reloaded before import = 0
Number of asset objects unloaded after import = 5061
Editor requested this worker to shutdown with reason: Scaling down because of idle timeout
TcpMessagingSession - receive error: operation aborted. errorcode: 995, details: L’opération d’entrée/sortie a été abandonnée en raison de l’arrêt d’un thread ou à la demande d’une application.
AssetImportWorker is now disconnected from the server
Process exiting
Exiting without the bug reporter. Application will terminate with return code 0